<?xml version="1.0" encoding="utf-8"?>
<test-run id="2" testcasecount="147" result="Passed" total="147" passed="147" failed="0" inconclusive="0" skipped="0" asserts="0" engine-version="3.5.0.0" clr-version="4.0.30319.42000" start-time="2026-09-24 19:00:35Z" end-time="2026-09-24 19:00:37Z" duration="2.8843441">
  <test-suite type="TestSuite" id="1000" name="CrowdPunch" fullname="CrowdPunch" runstate="Runnable" testcasecount="186" result="Passed" start-time="2026-09-24 19:00:35Z" end-time="2026-09-24 19:00:37Z" duration="2.884344" total="147" passed="147" failed="0" inconclusive="0" skipped="0" asserts="0">
    <properties>
      <property name="platform" value="EditMode" />
    </properties>
    <test-suite type="Assembly" id="1225" name="Assembly-CSharp-Editor.dll" fullname="C:/Users/pc/Documents/CrowdPunch/Library/ScriptAssemblies/Assembly-CSharp-Editor.dll" runstate="Runnable" testcasecount="185" result="Passed" start-time="2026-09-24 19:00:35Z" end-time="2026-09-24 19:00:37Z" duration="2.875802" total="147" passed="147" failed="0" inconclusive="0" skipped="0" asserts="0">
      <properties>
        <property name="_PID" value="13368" />
        <property name="_APPDOMAIN" value="Unity Child Domain" />
        <property name="platform" value="EditMode" />
        <property name="EditorOnly" value="True" />
      </properties>
      <test-suite type="TestSuite" id="1226" name="CrowdPunch" fullname="CrowdPunch" runstate="Runnable" testcasecount="185" result="Passed" start-time="2026-09-24 19:00:35Z" end-time="2026-09-24 19:00:37Z" duration="2.875170" total="147" passed="147" failed="0" inconclusive="0" skipped="0" asserts="0">
        <properties />
        <test-suite type="TestSuite" id="1227" name="Tests" fullname="CrowdPunch.Tests" runstate="Runnable" testcasecount="185" result="Passed" start-time="2026-09-24 19:00:35Z" end-time="2026-09-24 19:00:37Z" duration="2.874671" total="147" passed="147" failed="0" inconclusive="0" skipped="0" asserts="0">
          <properties />
          <test-suite type="TestFixture" id="1001" name="ArmoredEnemyTests" fullname="CrowdPunch.Tests.ArmoredEnemyTests" classname="CrowdPunch.Tests.ArmoredEnemyTests" runstate="Runnable" testcasecount="20" result="Passed" start-time="2026-09-24 19:00:35Z" end-time="2026-09-24 19:00:35Z" duration="0.314633" total="20" passed="20" failed="0" inconclusive="0" skipped="0" asserts="0">
            <properties />
            <test-case id="1011" name="Combat014_UnarmoredPunchAndRepunchReplaceLaunchNormally" fullname="CrowdPunch.Tests.ArmoredEnemyTests.Combat014_UnarmoredPunchAndRepunchReplaceLaunchNormally" methodname="Combat014_UnarmoredPunchAndRepunchReplaceLaunchNormally" classname="CrowdPunch.Tests.ArmoredEnemyTests" runstate="Runnable" seed="1881567224" result="Passed" start-time="2026-09-24 19:00:35Z" end-time="2026-09-24 19:00:35Z" duration="0.215453" asserts="0">
              <properties>
                <property name="retryIteration" value="0" />
                <property name="repeatIteration" value="0" />
              </properties>
            </test-case>
            <test-case id="1017" name="Enemy014_EliteStaleAndAreaPunchesCannotBypassArmor" fullname="CrowdPunch.Tests.ArmoredEnemyTests.Enemy014_EliteStaleAndAreaPunchesCannotBypassArmor" methodname="Enemy014_EliteStaleAndAreaPunchesCannotBypassArmor" classname="CrowdPunch.Tests.ArmoredEnemyTests" runstate="Runnable" seed="537535949" result="Passed" start-time="2026-09-24 19:00:35Z" end-time="2026-09-24 19:00:35Z" duration="0.001428" asserts="0">
              <properties>
                <property name="retryIteration" value="0" />
                <property name="repeatIteration" value="0" />
              </properties>
            </test-case>
            <test-suite type="ParameterizedMethod" id="1007" name="Enemy014_ExplosiveBodyAndBlastShareIdentityInEitherOrder" fullname="CrowdPunch.Tests.ArmoredEnemyTests.Enemy014_ExplosiveBodyAndBlastShareIdentityInEitherOrder" classname="CrowdPunch.Tests.ArmoredEnemyTests" runstate="Runnable" testcasecount="4" result="Passed" start-time="2026-09-24 19:00:35Z" end-time="2026-09-24 19:00:35Z" duration="0.031175" total="4" passed="4" failed="0" inconclusive="0" skipped="0" asserts="0">
              <properties />
              <test-case id="1003" name="Enemy014_ExplosiveBodyAndBlastShareIdentityInEitherOrder(False,3)" fullname="CrowdPunch.Tests.ArmoredEnemyTests.Enemy014_ExplosiveBodyAndBlastShareIdentityInEitherOrder(False,3)" methodname="Enemy014_ExplosiveBodyAndBlastShareIdentityInEitherOrder" classname="CrowdPunch.Tests.ArmoredEnemyTests" runstate="Runnable" seed="1005239288" result="Passed" start-time="2026-09-24 19:00:35Z" end-time="2026-09-24 19:00:35Z" duration="0.022855" asserts="0">
                <properties>
                  <property name="retryIteration" value="0" />
                  <property name="repeatIteration" value="0" />
                </properties>
              </test-case>
              <test-case id="1004" name="Enemy014_ExplosiveBodyAndBlastShareIdentityInEitherOrder(True,3)" fullname="CrowdPunch.Tests.ArmoredEnemyTests.Enemy014_ExplosiveBodyAndBlastShareIdentityInEitherOrder(True,3)" methodname="Enemy014_ExplosiveBodyAndBlastShareIdentityInEitherOrder" classname="CrowdPunch.Tests.ArmoredEnemyTests" runstate="Runnable" seed="1053059518" result="Passed" start-time="2026-09-24 19:00:35Z" end-time="2026-09-24 19:00:35Z" duration="0.002008" asserts="0">
                <properties>
                  <property name="retryIteration" value="0" />
                  <property name="repeatIteration" value="0" />
                </properties>
              </test-case>
              <test-case id="1005" name="Enemy014_ExplosiveBodyAndBlastShareIdentityInEitherOrder(False,1)" fullname="CrowdPunch.Tests.ArmoredEnemyTests.Enemy014_ExplosiveBodyAndBlastShareIdentityInEitherOrder(False,1)" methodname="Enemy014_ExplosiveBodyAndBlastShareIdentityInEitherOrder" classname="CrowdPunch.Tests.ArmoredEnemyTests" runstate="Runnable" seed="1708725287" result="Passed" start-time="2026-09-24 19:00:35Z" end-time="2026-09-24 19:00:35Z" duration="0.001438" asserts="0">
                <properties>
                  <property name="retryIteration" value="0" />
                  <property name="repeatIteration" value="0" />
                </properties>
              </test-case>
              <test-case id="1006" name="Enemy014_ExplosiveBodyAndBlastShareIdentityInEitherOrder(True,1)" fullname="CrowdPunch.Tests.ArmoredEnemyTests.Enemy014_ExplosiveBodyAndBlastShareIdentityInEitherOrder(True,1)" methodname="Enemy014_ExplosiveBodyAndBlastShareIdentityInEitherOrder" classname="CrowdPunch.Tests.ArmoredEnemyTests" runstate="Runnable" seed="591992549" result="Passed" start-time="2026-09-24 19:00:35Z" end-time="2026-09-24 19:00:35Z" duration="0.002563" asserts="0">
                <properties>
                  <property name="retryIteration" value="0" />
                  <property name="repeatIteration" value="0" />
                </properties>
              </test-case>
            </test-suite>
            <test-case id="1002" name="Enemy014_FirstTwoExplosionsOnlyStaggerAndRecoil_ThirdLaunchesAndDamagesOnce" fullname="CrowdPunch.Tests.ArmoredEnemyTests.Enemy014_FirstTwoExplosionsOnlyStaggerAndRecoil_ThirdLaunchesAndDamagesOnce" methodname="Enemy014_FirstTwoExplosionsOnlyStaggerAndRecoil_ThirdLaunchesAndDamagesOnce" classname="CrowdPunch.Tests.ArmoredEnemyTests" runstate="Runnable" seed="2081039613" result="Passed" start-time="2026-09-24 19:00:35Z" end-time="2026-09-24 19:00:35Z" duration="0.006476" asserts="0">
              <properties>
                <property name="retryIteration" value="0" />
                <property name="repeatIteration" value="0" />
              </properties>
            </test-case>
            <test-suite type="ParameterizedMethod" id="1022" name="Enemy014_GentleDasherCannotStripArmor_BrokenTargetUsesOrdinaryRules" fullname="CrowdPunch.Tests.ArmoredEnemyTests.Enemy014_GentleDasherCannotStripArmor_BrokenTargetUsesOrdinaryRules" classname="CrowdPunch.Tests.ArmoredEnemyTests" runstate="Runnable" testcasecount="2" result="Passed" start-time="2026-09-24 19:00:35Z" end-time="2026-09-24 19:00:35Z" duration="0.008550" total="2" passed="2" failed="0" inconclusive="0" skipped="0" asserts="0">
              <properties />
              <test-case id="1020" name="Enemy014_GentleDasherCannotStripArmor_BrokenTargetUsesOrdinaryRules(3,100)" fullname="CrowdPunch.Tests.ArmoredEnemyTests.Enemy014_GentleDasherCannotStripArmor_BrokenTargetUsesOrdinaryRules(3,100)" methodname="Enemy014_GentleDasherCannotStripArmor_BrokenTargetUsesOrdinaryRules" classname="CrowdPunch.Tests.ArmoredEnemyTests" runstate="Runnable" seed="633837357" result="Passed" start-time="2026-09-24 19:00:35Z" end-time="2026-09-24 19:00:35Z" duration="0.006460" asserts="0">
                <properties>
                  <property name="retryIteration" value="0" />
                  <property name="repeatIteration" value="0" />
                </properties>
              </test-case>
              <test-case id="1021" name="Enemy014_GentleDasherCannotStripArmor_BrokenTargetUsesOrdinaryRules(0,85)" fullname="CrowdPunch.Tests.ArmoredEnemyTests.Enemy014_GentleDasherCannotStripArmor_BrokenTargetUsesOrdinaryRules(0,85)" methodname="Enemy014_GentleDasherCannotStripArmor_BrokenTargetUsesOrdinaryRules" classname="CrowdPunch.Tests.ArmoredEnemyTests" runstate="Runnable" seed="1648863671" result="Passed" start-time="2026-09-24 19:00:35Z" end-time="2026-09-24 19:00:35Z" duration="0.001182" asserts="0">
                <properties>
                  <property name="retryIteration" value="0" />
                  <property name="repeatIteration" value="0" />
                </properties>
              </test-case>
            </test-suite>
            <test-case id="1019" name="Enemy014_HistoryExpiresWithSourceLaunchAndPooling" fullname="CrowdPunch.Tests.ArmoredEnemyTests.Enemy014_HistoryExpiresWithSourceLaunchAndPooling" methodname="Enemy014_HistoryExpiresWithSourceLaunchAndPooling" classname="CrowdPunch.Tests.ArmoredEnemyTests" runstate="Runnable" seed="1476628625" result="Passed" start-time="2026-09-24 19:00:35Z" end-time="2026-09-24 19:00:35Z" duration="0.004271" asserts="0">
              <properties>
                <property name="retryIteration" value="0" />
                <property name="repeatIteration" value="0" />
              </properties>
            </test-case>
            <test-suite type="ParameterizedMethod" id="1016" name="Enemy014_LaunchedDasherStripsArmorRegardlessOfOwner" fullname="CrowdPunch.Tests.ArmoredEnemyTests.Enemy014_LaunchedDasherStripsArmorRegardlessOfOwner" classname="CrowdPunch.Tests.ArmoredEnemyTests" runstate="Runnable" testcasecount="3" result="Passed" start-time="2026-09-24 19:00:35Z" end-time="2026-09-24 19:00:35Z" duration="0.005031" total="3" passed="3" failed="0" inconclusive="0" skipped="0" asserts="0">
              <properties />
              <test-case id="1013" name="Enemy014_LaunchedDasherStripsArmorRegardlessOfOwner(Player)" fullname="CrowdPunch.Tests.ArmoredEnemyTests.Enemy014_LaunchedDasherStripsArmorRegardlessOfOwner(Player)" methodname="Enemy014_LaunchedDasherStripsArmorRegardlessOfOwner" classname="CrowdPunch.Tests.ArmoredEnemyTests" runstate="Runnable" seed="154383196" result="Passed" start-time="2026-09-24 19:00:35Z" end-time="2026-09-24 19:00:35Z" duration="0.001615" asserts="0">
                <properties>
                  <property name="retryIteration" value="0" />
                  <property name="repeatIteration" value="0" />
                </properties>
              </test-case>
              <test-case id="1014" name="Enemy014_LaunchedDasherStripsArmorRegardlessOfOwner(Enemy)" fullname="CrowdPunch.Tests.ArmoredEnemyTests.Enemy014_LaunchedDasherStripsArmorRegardlessOfOwner(Enemy)" methodname="Enemy014_LaunchedDasherStripsArmorRegardlessOfOwner" classname="CrowdPunch.Tests.ArmoredEnemyTests" runstate="Runnable" seed="1170992221" result="Passed" start-time="2026-09-24 19:00:35Z" end-time="2026-09-24 19:00:35Z" duration="0.001202" asserts="0">
                <properties>
                  <property name="retryIteration" value="0" />
                  <property name="repeatIteration" value="0" />
                </properties>
              </test-case>
              <test-case id="1015" name="Enemy014_LaunchedDasherStripsArmorRegardlessOfOwner(Boss)" fullname="CrowdPunch.Tests.ArmoredEnemyTests.Enemy014_LaunchedDasherStripsArmorRegardlessOfOwner(Boss)" methodname="Enemy014_LaunchedDasherStripsArmorRegardlessOfOwner" classname="CrowdPunch.Tests.ArmoredEnemyTests" runstate="Runnable" seed="1410569894" result="Passed" start-time="2026-09-24 19:00:35Z" end-time="2026-09-24 19:00:35Z" duration="0.001152" asserts="0">
                <properties>
                  <property name="retryIteration" value="0" />
                  <property name="repeatIteration" value="0" />
                </properties>
              </test-case>
            </test-suite>
            <test-case id="1008" name="Enemy014_LaunchPairAndInvulnerabilityConsumeBurstContacts" fullname="CrowdPunch.Tests.ArmoredEnemyTests.Enemy014_LaunchPairAndInvulnerabilityConsumeBurstContacts" methodname="Enemy014_LaunchPairAndInvulnerabilityConsumeBurstContacts" classname="CrowdPunch.Tests.ArmoredEnemyTests" runstate="Runnable" seed="957394848" result="Passed" start-time="2026-09-24 19:00:35Z" end-time="2026-09-24 19:00:35Z" duration="0.001007" asserts="0">
              <properties>
                <property name="retryIteration" value="0" />
                <property name="repeatIteration" value="0" />
              </properties>
            </test-case>
            <test-case id="1010" name="Enemy014_OrdinaryDamageBlockedAndBreakingProtectionSurvivesTransition" fullname="CrowdPunch.Tests.ArmoredEnemyTests.Enemy014_OrdinaryDamageBlockedAndBreakingProtectionSurvivesTransition" methodname="Enemy014_OrdinaryDamageBlockedAndBreakingProtectionSurvivesTransition" classname="CrowdPunch.Tests.ArmoredEnemyTests" runstate="Runnable" seed="216215588" result="Passed" start-time="2026-09-24 19:00:35Z" end-time="2026-09-24 19:00:35Z" duration="0.001529" asserts="0">
              <properties>
                <property name="retryIteration" value="0" />
                <property name="repeatIteration" value="0" />
              </properties>
            </test-case>
            <test-case id="1023" name="Enemy014_PoolingRestoresArmorAndClearsHistory" fullname="CrowdPunch.Tests.ArmoredEnemyTests.Enemy014_PoolingRestoresArmorAndClearsHistory" methodname="Enemy014_PoolingRestoresArmorAndClearsHistory" classname="CrowdPunch.Tests.ArmoredEnemyTests" runstate="Runnable" seed="1510537494" result="Passed" start-time="2026-09-24 19:00:35Z" end-time="2026-09-24 19:00:35Z" duration="0.010654" asserts="0">
              <properties>
                <property name="retryIteration" value="0" />
                <property name="repeatIteration" value="0" />
              </properties>
            </test-case>
            <test-case id="1018" name="Enemy014_StaggerPreservesRecoilThenMovementResumes" fullname="CrowdPunch.Tests.ArmoredEnemyTests.Enemy014_StaggerPreservesRecoilThenMovementResumes" methodname="Enemy014_StaggerPreservesRecoilThenMovementResumes" classname="CrowdPunch.Tests.ArmoredEnemyTests" runstate="Runnable" seed="1987329930" result="Passed" start-time="2026-09-24 19:00:35Z" end-time="2026-09-24 19:00:35Z" duration="0.005277" asserts="0">
              <properties>
                <property name="retryIteration" value="0" />
                <property name="repeatIteration" value="0" />
              </properties>
            </test-case>
            <test-case id="1024" name="Enemy015_OnlyProtectedLivingOwnedEnemiesNeedAmmunition" fullname="CrowdPunch.Tests.ArmoredEnemyTests.Enemy015_OnlyProtectedLivingOwnedEnemiesNeedAmmunition" methodname="Enemy015_OnlyProtectedLivingOwnedEnemiesNeedAmmunition" classname="CrowdPunch.Tests.ArmoredEnemyTests" runstate="Runnable" seed="1959425439" result="Passed" start-time="2026-09-24 19:00:35Z" end-time="2026-09-24 19:00:35Z" duration="0.003310" asserts="0">
              <properties>
                <property name="retryIteration" value="0" />
                <property name="repeatIteration" value="0" />
              </properties>
            </test-case>
            <test-case id="1012" name="Player004_ArmorRemainsAnAssistTargetForOtherBodies" fullname="CrowdPunch.Tests.ArmoredEnemyTests.Player004_ArmorRemainsAnAssistTargetForOtherBodies" methodname="Player004_ArmorRemainsAnAssistTargetForOtherBodies" classname="CrowdPunch.Tests.ArmoredEnemyTests" runstate="Runnable" seed="1199420921" result="Passed" start-time="2026-09-24 19:00:35Z" end-time="2026-09-24 19:00:35Z" duration="0.002217" asserts="0">
              <properties>
                <property name="retryIteration" value="0" />
                <property name="repeatIteration" value="0" />
              </properties>
            </test-case>
            <test-case id="1009" name="Player009_ProtectedPunchConfirmsConnectionWithoutAnyGameplayEffect" fullname="CrowdPunch.Tests.ArmoredEnemyTests.Player009_ProtectedPunchConfirmsConnectionWithoutAnyGameplayEffect" methodname="Player009_ProtectedPunchConfirmsConnectionWithoutAnyGameplayEffect" classname="CrowdPunch.Tests.ArmoredEnemyTests" runstate="Runnable" seed="1757510561" result="Passed" start-time="2026-09-24 19:00:35Z" end-time="2026-09-24 19:00:35Z" duration="0.003713" asserts="0">
              <properties>
                <property name="retryIteration" value="0" />
                <property name="repeatIteration" value="0" />
              </properties>
            </test-case>
          </test-suite>
          <test-suite type="TestFixture" id="1025" name="BossEncounterTests" fullname="CrowdPunch.Tests.BossEncounterTests" classname="CrowdPunch.Tests.BossEncounterTests" runstate="Runnable" testcasecount="27" result="Passed" start-time="2026-09-24 19:00:35Z" end-time="2026-09-24 19:00:35Z" duration="0.093383" total="27" passed="27" failed="0" inconclusive="0" skipped="0" asserts="0">
            <properties />
            <test-suite type="ParameterizedMethod" id="1040" name="Boss001_DasherUsesSameEligibilityAndInvulnerability" fullname="CrowdPunch.Tests.BossEncounterTests.Boss001_DasherUsesSameEligibilityAndInvulnerability" classname="CrowdPunch.Tests.BossEncounterTests" runstate="Runnable" testcasecount="3" result="Passed" start-time="2026-09-24 19:00:35Z" end-time="2026-09-24 19:00:35Z" duration="0.008886" total="3" passed="3" failed="0" inconclusive="0" skipped="0" asserts="0">
              <properties />
              <test-case id="1037" name="Boss001_DasherUsesSameEligibilityAndInvulnerability(Player,True)" fullname="CrowdPunch.Tests.BossEncounterTests.Boss001_DasherUsesSameEligibilityAndInvulnerability(Player,True)" methodname="Boss001_DasherUsesSameEligibilityAndInvulnerability" classname="CrowdPunch.Tests.BossEncounterTests" runstate="Runnable" seed="601753488" result="Passed" start-time="2026-09-24 19:00:35Z" end-time="2026-09-24 19:00:35Z" duration="0.006036" asserts="0">
                <properties>
                  <property name="retryIteration" value="0" />
                  <property name="repeatIteration" value="0" />
                </properties>
              </test-case>
              <test-case id="1038" name="Boss001_DasherUsesSameEligibilityAndInvulnerability(Boss,False)" fullname="CrowdPunch.Tests.BossEncounterTests.Boss001_DasherUsesSameEligibilityAndInvulnerability(Boss,False)" methodname="Boss001_DasherUsesSameEligibilityAndInvulnerability" classname="CrowdPunch.Tests.BossEncounterTests" runstate="Runnable" seed="1110152796" result="Passed" start-time="2026-09-24 19:00:35Z" end-time="2026-09-24 19:00:35Z" duration="0.000858" asserts="0">
                <properties>
                  <property name="retryIteration" value="0" />
                  <property name="repeatIteration" value="0" />
                </properties>
              </test-case>
              <test-case id="1039" name="Boss001_DasherUsesSameEligibilityAndInvulnerability(Enemy,False)" fullname="CrowdPunch.Tests.BossEncounterTests.Boss001_DasherUsesSameEligibilityAndInvulnerability(Enemy,False)" methodname="Boss001_DasherUsesSameEligibilityAndInvulnerability" classname="CrowdPunch.Tests.BossEncounterTests" runstate="Runnable" seed="1957551704" result="Passed" start-time="2026-09-24 19:00:35Z" end-time="2026-09-24 19:00:35Z" duration="0.000807" asserts="0">
                <properties>
                  <property name="retryIteration" value="0" />
                  <property name="repeatIteration" value="0" />
                </properties>
              </test-case>
            </test-suite>
            <test-case id="1055" name="Boss001_ExplosionAndGenericDamageCannotDamageOrLaunchParts" fullname="CrowdPunch.Tests.BossEncounterTests.Boss001_ExplosionAndGenericDamageCannotDamageOrLaunchParts" methodname="Boss001_ExplosionAndGenericDamageCannotDamageOrLaunchParts" classname="CrowdPunch.Tests.BossEncounterTests" runstate="Runnable" seed="1981797780" result="Passed" start-time="2026-09-24 19:00:35Z" end-time="2026-09-24 19:00:35Z" duration="0.002204" asserts="0">
              <properties>
                <property name="retryIteration" value="0" />
                <property name="repeatIteration" value="0" />
              </properties>
            </test-case>
            <test-case id="1031" name="Boss001_ExplosiveBodyContactRequestsOrdinaryDetonationOnlyWhileLaunched" fullname="CrowdPunch.Tests.BossEncounterTests.Boss001_ExplosiveBodyContactRequestsOrdinaryDetonationOnlyWhileLaunched" methodname="Boss001_ExplosiveBodyContactRequestsOrdinaryDetonationOnlyWhileLaunched" classname="CrowdPunch.Tests.BossEncounterTests" runstate="Runnable" seed="1345998173" result="Passed" start-time="2026-09-24 19:00:35Z" end-time="2026-09-24 19:00:35Z" duration="0.001693" asserts="0">
              <properties>
                <property name="retryIteration" value="0" />
                <property name="repeatIteration" value="0" />
              </properties>
            </test-case>
            <test-case id="1054" name="Boss001_HeadBounceChoosesTheSideAwayFromTheHead" fullname="CrowdPunch.Tests.BossEncounterTests.Boss001_HeadBounceChoosesTheSideAwayFromTheHead" methodname="Boss001_HeadBounceChoosesTheSideAwayFromTheHead" classname="CrowdPunch.Tests.BossEncounterTests" runstate="Runnable" seed="1890939241" result="Passed" start-time="2026-09-24 19:00:35Z" end-time="2026-09-24 19:00:35Z" duration="0.002085" asserts="0">
              <properties>
                <property name="retryIteration" value="0" />
                <property name="repeatIteration" value="0" />
              </properties>
            </test-case>
            <test-case id="1053" name="Boss001_HeadBouncePreservesAlreadySafeSolverMotion" fullname="CrowdPunch.Tests.BossEncounterTests.Boss001_HeadBouncePreservesAlreadySafeSolverMotion" methodname="Boss001_HeadBouncePreservesAlreadySafeSolverMotion" classname="CrowdPunch.Tests.BossEncounterTests" runstate="Runnable" seed="1311501109" result="Passed" start-time="2026-09-24 19:00:35Z" end-time="2026-09-24 19:00:35Z" duration="0.001065" asserts="0">
              <properties>
                <property name="retryIteration" value="0" />
                <property name="repeatIteration" value="0" />
              </properties>
            </test-case>
            <test-case id="1052" name="Boss001_HeadBounceTurnsAPlayerBoundShotSidewaysWithoutAddingSpeed" fullname="CrowdPunch.Tests.BossEncounterTests.Boss001_HeadBounceTurnsAPlayerBoundShotSidewaysWithoutAddingSpeed" methodname="Boss001_HeadBounceTurnsAPlayerBoundShotSidewaysWithoutAddingSpeed" classname="CrowdPunch.Tests.BossEncounterTests" runstate="Runnable" seed="267420053" result="Passed" start-time="2026-09-24 19:00:35Z" end-time="2026-09-24 19:00:35Z" duration="0.001260" asserts="0">
              <properties>
                <property name="retryIteration" value="0" />
                <property name="repeatIteration" value="0" />
              </properties>
            </test-case>
            <test-case id="1036" name="Boss001_InvulnerabilityAndDuplicateContactsNeverBecomeDelayedDamage" fullname="CrowdPunch.Tests.BossEncounterTests.Boss001_InvulnerabilityAndDuplicateContactsNeverBecomeDelayedDamage" methodname="Boss001_InvulnerabilityAndDuplicateContactsNeverBecomeDelayedDamage" classname="CrowdPunch.Tests.BossEncounterTests" runstate="Runnable" seed="1785003157" result="Passed" start-time="2026-09-24 19:00:35Z" end-time="2026-09-24 19:00:35Z" duration="0.000955" asserts="0">
              <properties>
                <property name="retryIteration" value="0" />
                <property name="repeatIteration" value="0" />
              </properties>
            </test-case>
            <test-suite type="ParameterizedMethod" id="1029" name="Boss001_NonPlayerBodiesAndDescendantsCannotDamageHead" fullname="CrowdPunch.Tests.BossEncounterTests.Boss001_NonPlayerBodiesAndDescendantsCannotDamageHead" classname="CrowdPunch.Tests.BossEncounterTests" runstate="Runnable" testcasecount="3" result="Passed" start-time="2026-09-24 19:00:35Z" end-time="2026-09-24 19:00:35Z" duration="0.003434" total="3" passed="3" failed="0" inconclusive="0" skipped="0" asserts="0">
              <properties />
              <test-case id="1026" name="Boss001_NonPlayerBodiesAndDescendantsCannotDamageHead(ElitePunch)" fullname="CrowdPunch.Tests.BossEncounterTests.Boss001_NonPlayerBodiesAndDescendantsCannotDamageHead(ElitePunch)" methodname="Boss001_NonPlayerBodiesAndDescendantsCannotDamageHead" classname="CrowdPunch.Tests.BossEncounterTests" runstate="Runnable" seed="1059392970" result="Passed" start-time="2026-09-24 19:00:35Z" end-time="2026-09-24 19:00:35Z" duration="0.000900" asserts="0">
                <properties>
                  <property name="retryIteration" value="0" />
                  <property name="repeatIteration" value="0" />
                </properties>
              </test-case>
              <test-case id="1027" name="Boss001_NonPlayerBodiesAndDescendantsCannotDamageHead(BossAttack)" fullname="CrowdPunch.Tests.BossEncounterTests.Boss001_NonPlayerBodiesAndDescendantsCannotDamageHead(BossAttack)" methodname="Boss001_NonPlayerBodiesAndDescendantsCannotDamageHead" classname="CrowdPunch.Tests.BossEncounterTests" runstate="Runnable" seed="1632824110" result="Passed" start-time="2026-09-24 19:00:35Z" end-time="2026-09-24 19:00:35Z" duration="0.000738" asserts="0">
                <properties>
                  <property name="retryIteration" value="0" />
                  <property name="repeatIteration" value="0" />
                </properties>
              </test-case>
              <test-case id="1028" name="Boss001_NonPlayerBodiesAndDescendantsCannotDamageHead(Explosion)" fullname="CrowdPunch.Tests.BossEncounterTests.Boss001_NonPlayerBodiesAndDescendantsCannotDamageHead(Explosion)" methodname="Boss001_NonPlayerBodiesAndDescendantsCannotDamageHead" classname="CrowdPunch.Tests.BossEncounterTests" runstate="Runnable" seed="302675571" result="Passed" start-time="2026-09-24 19:00:35Z" end-time="2026-09-24 19:00:35Z" duration="0.000780" asserts="0">
                <properties>
                  <property name="retryIteration" value="0" />
                  <property name="repeatIteration" value="0" />
                </properties>
              </test-case>
            </test-suite>
            <test-case id="1030" name="Boss001_PlayerPropagationRemainsEligible" fullname="CrowdPunch.Tests.BossEncounterTests.Boss001_PlayerPropagationRemainsEligible" methodname="Boss001_PlayerPropagationRemainsEligible" classname="CrowdPunch.Tests.BossEncounterTests" runstate="Runnable" seed="665376211" result="Passed" start-time="2026-09-24 19:00:35Z" end-time="2026-09-24 19:00:35Z" duration="0.000848" asserts="0">
              <properties>
                <property name="retryIteration" value="0" />
                <property name="repeatIteration" value="0" />
              </properties>
            </test-case>
            <test-case id="1056" name="Boss001_RangedProjectileCrossingHeadCannotDamageIt" fullname="CrowdPunch.Tests.BossEncounterTests.Boss001_RangedProjectileCrossingHeadCannotDamageIt" methodname="Boss001_RangedProjectileCrossingHeadCannotDamageIt" classname="CrowdPunch.Tests.BossEncounterTests" runstate="Runnable" seed="571361293" result="Passed" start-time="2026-09-24 19:00:35Z" end-time="2026-09-24 19:00:35Z" duration="0.006278" asserts="0">
              <properties>
                <property name="retryIteration" value="0" />
                <property name="repeatIteration" value="0" />
              </properties>
            </test-case>
            <test-suite type="ParameterizedMethod" id="1051" name="Boss002_AttackLocksThePlayersPositionAcrossTheCourt" fullname="CrowdPunch.Tests.BossEncounterTests.Boss002_AttackLocksThePlayersPositionAcrossTheCourt" classname="CrowdPunch.Tests.BossEncounterTests" runstate="Runnable" testcasecount="3" result="Passed" start-time="2026-09-24 19:00:35Z" end-time="2026-09-24 19:00:35Z" duration="0.013063" total="3" passed="3" failed="0" inconclusive="0" skipped="0" asserts="0">
              <properties />
              <test-case id="1048" name="Boss002_AttackLocksThePlayersPositionAcrossTheCourt(0)" fullname="CrowdPunch.Tests.BossEncounterTests.Boss002_AttackLocksThePlayersPositionAcrossTheCourt(0)" methodname="Boss002_AttackLocksThePlayersPositionAcrossTheCourt" classname="CrowdPunch.Tests.BossEncounterTests" runstate="Runnable" seed="1378537018" result="Passed" start-time="2026-09-24 19:00:35Z" end-time="2026-09-24 19:00:35Z" duration="0.009471" asserts="0">
                <properties>
                  <property name="retryIteration" value="0" />
                  <property name="repeatIteration" value="0" />
                </properties>
              </test-case>
              <test-case id="1049" name="Boss002_AttackLocksThePlayersPositionAcrossTheCourt(1)" fullname="CrowdPunch.Tests.BossEncounterTests.Boss002_AttackLocksThePlayersPositionAcrossTheCourt(1)" methodname="Boss002_AttackLocksThePlayersPositionAcrossTheCourt" classname="CrowdPunch.Tests.BossEncounterTests" runstate="Runnable" seed="1928325770" result="Passed" start-time="2026-09-24 19:00:35Z" end-time="2026-09-24 19:00:35Z" duration="0.001349" asserts="0">
                <properties>
                  <property name="retryIteration" value="0" />
                  <property name="repeatIteration" value="0" />
                </properties>
              </test-case>
              <test-case id="1050" name="Boss002_AttackLocksThePlayersPositionAcrossTheCourt(2)" fullname="CrowdPunch.Tests.BossEncounterTests.Boss002_AttackLocksThePlayersPositionAcrossTheCourt(2)" methodname="Boss002_AttackLocksThePlayersPositionAcrossTheCourt" classname="CrowdPunch.Tests.BossEncounterTests" runstate="Runnable" seed="1260517629" result="Passed" start-time="2026-09-24 19:00:35Z" end-time="2026-09-24 19:00:35Z" duration="0.001174" asserts="0">
                <properties>
                  <property name="retryIteration" value="0" />
                  <property name="repeatIteration" value="0" />
                </properties>
              </test-case>
            </test-suite>
            <test-suite type="ParameterizedMethod" id="1035" name="Boss002_PlayerPunchCannotAffectParts" fullname="CrowdPunch.Tests.BossEncounterTests.Boss002_PlayerPunchCannotAffectParts" classname="CrowdPunch.Tests.BossEncounterTests" runstate="Runnable" testcasecount="2" result="Passed" start-time="2026-09-24 19:00:35Z" end-time="2026-09-24 19:00:35Z" duration="0.002770" total="2" passed="2" failed="0" inconclusive="0" skipped="0" asserts="0">
              <properties />
              <test-case id="1033" name="Boss002_PlayerPunchCannotAffectParts(Head)" fullname="CrowdPunch.Tests.BossEncounterTests.Boss002_PlayerPunchCannotAffectParts(Head)" methodname="Boss002_PlayerPunchCannotAffectParts" classname="CrowdPunch.Tests.BossEncounterTests" runstate="Runnable" seed="122355677" result="Passed" start-time="2026-09-24 19:00:35Z" end-time="2026-09-24 19:00:35Z" duration="0.001023" asserts="0">
                <properties>
                  <property name="retryIteration" value="0" />
                  <property name="repeatIteration" value="0" />
                </properties>
              </test-case>
              <test-case id="1034" name="Boss002_PlayerPunchCannotAffectParts(LeftHand)" fullname="CrowdPunch.Tests.BossEncounterTests.Boss002_PlayerPunchCannotAffectParts(LeftHand)" methodname="Boss002_PlayerPunchCannotAffectParts" classname="CrowdPunch.Tests.BossEncounterTests" runstate="Runnable" seed="398869178" result="Passed" start-time="2026-09-24 19:00:35Z" end-time="2026-09-24 19:00:35Z" duration="0.000759" asserts="0">
                <properties>
                  <property name="retryIteration" value="0" />
                  <property name="repeatIteration" value="0" />
                </properties>
              </test-case>
            </test-suite>
            <test-case id="1041" name="Boss002_StaggerInterruptsActiveStrikeAndHasRepeatProtection" fullname="CrowdPunch.Tests.BossEncounterTests.Boss002_StaggerInterruptsActiveStrikeAndHasRepeatProtection" methodname="Boss002_StaggerInterruptsActiveStrikeAndHasRepeatProtection" classname="CrowdPunch.Tests.BossEncounterTests" runstate="Runnable" seed="767657760" result="Passed" start-time="2026-09-24 19:00:35Z" end-time="2026-09-24 19:00:35Z" duration="0.001005" asserts="0">
              <properties>
                <property name="retryIteration" value="0" />
                <property name="repeatIteration" value="0" />
              </properties>
            </test-case>
            <test-case id="1032" name="Boss003_RealFreshPunchReclaimsBossBodyAndReplacesMomentum" fullname="CrowdPunch.Tests.BossEncounterTests.Boss003_RealFreshPunchReclaimsBossBodyAndReplacesMomentum" methodname="Boss003_RealFreshPunchReclaimsBossBodyAndReplacesMomentum" classname="CrowdPunch.Tests.BossEncounterTests" runstate="Runnable" seed="650746883" result="Passed" start-time="2026-09-24 19:00:35Z" end-time="2026-09-24 19:00:35Z" duration="0.001000" asserts="0">
              <properties>
                <property name="retryIteration" value="0" />
                <property name="repeatIteration" value="0" />
              </properties>
            </test-case>
            <test-case id="1042" name="Boss004_BurstStopsAtEachThresholdAndCancelsBothHitboxes" fullname="CrowdPunch.Tests.BossEncounterTests.Boss004_BurstStopsAtEachThresholdAndCancelsBothHitboxes" methodname="Boss004_BurstStopsAtEachThresholdAndCancelsBothHitboxes" classname="CrowdPunch.Tests.BossEncounterTests" runstate="Runnable" seed="1403859518" result="Passed" start-time="2026-09-24 19:00:35Z" end-time="2026-09-24 19:00:35Z" duration="0.001238" asserts="0">
              <properties>
                <property name="retryIteration" value="0" />
                <property name="repeatIteration" value="0" />
              </properties>
            </test-case>
            <test-case id="1047" name="Boss005_HandRetargetCannotCarryItsEnlargedColliderOutOfBounds" fullname="CrowdPunch.Tests.BossEncounterTests.Boss005_HandRetargetCannotCarryItsEnlargedColliderOutOfBounds" methodname="Boss005_HandRetargetCannotCarryItsEnlargedColliderOutOfBounds" classname="CrowdPunch.Tests.BossEncounterTests" runstate="Runnable" seed="972668160" result="Passed" start-time="2026-09-24 19:00:35Z" end-time="2026-09-24 19:00:35Z" duration="0.001105" asserts="0">
              <properties>
                <property name="retryIteration" value="0" />
                <property name="repeatIteration" value="0" />
              </properties>
            </test-case>
            <test-case id="1046" name="Boss005_RoundedPerimeterIsContinuousAndAlwaysInsideBounds" fullname="CrowdPunch.Tests.BossEncounterTests.Boss005_RoundedPerimeterIsContinuousAndAlwaysInsideBounds" methodname="Boss005_RoundedPerimeterIsContinuousAndAlwaysInsideBounds" classname="CrowdPunch.Tests.BossEncounterTests" runstate="Runnable" seed="994363362" result="Passed" start-time="2026-09-24 19:00:35Z" end-time="2026-09-24 19:00:35Z" duration="0.021542" asserts="0">
              <properties>
                <property name="retryIteration" value="0" />
                <property name="repeatIteration" value="0" />
              </properties>
            </test-case>
            <test-case id="1043" name="Boss006_ReplenishmentStopsWithBossDeathAndDoesNotCreateExtraEntities" fullname="CrowdPunch.Tests.BossEncounterTests.Boss006_ReplenishmentStopsWithBossDeathAndDoesNotCreateExtraEntities" methodname="Boss006_ReplenishmentStopsWithBossDeathAndDoesNotCreateExtraEntities" classname="CrowdPunch.Tests.BossEncounterTests" runstate="Runnable" seed="173170092" result="Passed" start-time="2026-09-24 19:00:35Z" end-time="2026-09-24 19:00:35Z" duration="0.005025" asserts="0">
              <properties>
                <property name="retryIteration" value="0" />
                <property name="repeatIteration" value="0" />
              </properties>
            </test-case>
            <test-case id="1044" name="Boss007_CrowdCompletionCannotWinAndHeadDefeatReportsOnce" fullname="CrowdPunch.Tests.BossEncounterTests.Boss007_CrowdCompletionCannotWinAndHeadDefeatReportsOnce" methodname="Boss007_CrowdCompletionCannotWinAndHeadDefeatReportsOnce" classname="CrowdPunch.Tests.BossEncounterTests" runstate="Runnable" seed="153173928" result="Passed" start-time="2026-09-24 19:00:35Z" end-time="2026-09-24 19:00:35Z" duration="0.006132" asserts="0">
              <properties>
                <property name="retryIteration" value="0" />
                <property name="repeatIteration" value="0" />
              </properties>
            </test-case>
            <test-case id="1045" name="Boss007_RestartClearsAllBossAndCrowdOwnership" fullname="CrowdPunch.Tests.BossEncounterTests.Boss007_RestartClearsAllBossAndCrowdOwnership" methodname="Boss007_RestartClearsAllBossAndCrowdOwnership" classname="CrowdPunch.Tests.BossEncounterTests" runstate="Runnable" seed="1262232135" result="Passed" start-time="2026-09-24 19:00:35Z" end-time="2026-09-24 19:00:35Z" duration="0.007968" asserts="0">
              <properties>
                <property name="retryIteration" value="0" />
                <property name="repeatIteration" value="0" />
              </properties>
            </test-case>
          </test-suite>
          <test-suite type="TestFixture" id="1057" name="CombatFeedbackTests" fullname="CrowdPunch.Tests.CombatFeedbackTests" classname="CrowdPunch.Tests.CombatFeedbackTests" runstate="Runnable" testcasecount="6" result="Passed" start-time="2026-09-24 19:00:35Z" end-time="2026-09-24 19:00:35Z" duration="0.014382" total="6" passed="6" failed="0" inconclusive="0" skipped="0" asserts="0">
            <properties />
            <test-case id="1063" name="Combat001TrailPoolClearsOnLaunchEndAndReusesCapacity" fullname="CrowdPunch.Tests.CombatFeedbackTests.Combat001TrailPoolClearsOnLaunchEndAndReusesCapacity" methodname="Combat001TrailPoolClearsOnLaunchEndAndReusesCapacity" classname="CrowdPunch.Tests.CombatFeedbackTests" runstate="Runnable" seed="26422436" result="Passed" start-time="2026-09-24 19:00:35Z" end-time="2026-09-24 19:00:35Z" duration="0.003702" asserts="0">
              <properties>
                <property name="retryIteration" value="0" />
                <property name="repeatIteration" value="0" />
              </properties>
            </test-case>
            <test-case id="1060" name="Combat014RepunchStartsNewPresentationChainWithoutChangingDamage" fullname="CrowdPunch.Tests.CombatFeedbackTests.Combat014RepunchStartsNewPresentationChainWithoutChangingDamage" methodname="Combat014RepunchStartsNewPresentationChainWithoutChangingDamage" classname="CrowdPunch.Tests.CombatFeedbackTests" runstate="Runnable" seed="781471365" result="Passed" start-time="2026-09-24 19:00:35Z" end-time="2026-09-24 19:00:35Z" duration="0.000304" asserts="0">
              <properties>
                <property name="retryIteration" value="0" />
                <property name="repeatIteration" value="0" />
              </properties>
            </test-case>
            <test-case id="1062" name="Info004DeformationRestoresAuthoredScaleAndNeverTouchesPhysicsTransform" fullname="CrowdPunch.Tests.CombatFeedbackTests.Info004DeformationRestoresAuthoredScaleAndNeverTouchesPhysicsTransform" methodname="Info004DeformationRestoresAuthoredScaleAndNeverTouchesPhysicsTransform" classname="CrowdPunch.Tests.CombatFeedbackTests" runstate="Runnable" seed="842162916" result="Passed" start-time="2026-09-24 19:00:35Z" end-time="2026-09-24 19:00:35Z" duration="0.006838" asserts="0">
              <properties>
                <property name="retryIteration" value="0" />
                <property name="repeatIteration" value="0" />
              </properties>
            </test-case>
            <test-case id="1059" name="Loop006PauseDuringFreezeNeverCapturesZeroAsResumeScale" fullname="CrowdPunch.Tests.CombatFeedbackTests.Loop006PauseDuringFreezeNeverCapturesZeroAsResumeScale" methodname="Loop006PauseDuringFreezeNeverCapturesZeroAsResumeScale" classname="CrowdPunch.Tests.CombatFeedbackTests" runstate="Runnable" seed="295760964" result="Passed" start-time="2026-09-24 19:00:35Z" end-time="2026-09-24 19:00:35Z" duration="0.001047" asserts="0">
              <properties>
                <property name="retryIteration" value="0" />
                <property name="repeatIteration" value="0" />
              </properties>
            </test-case>
            <test-case id="1058" name="Player009FreezeAndExceptionalSlowMotionExpireIndependently" fullname="CrowdPunch.Tests.CombatFeedbackTests.Player009FreezeAndExceptionalSlowMotionExpireIndependently" methodname="Player009FreezeAndExceptionalSlowMotionExpireIndependently" classname="CrowdPunch.Tests.CombatFeedbackTests" runstate="Runnable" seed="182434981" result="Passed" start-time="2026-09-24 19:00:35Z" end-time="2026-09-24 19:00:35Z" duration="0.000179" asserts="0">
              <properties>
                <property name="retryIteration" value="0" />
                <property name="repeatIteration" value="0" />
              </properties>
            </test-case>
            <test-case id="1061" name="Vision005MailboxRetainsPunchAndRejectsSustainedContact" fullname="CrowdPunch.Tests.CombatFeedbackTests.Vision005MailboxRetainsPunchAndRejectsSustainedContact" methodname="Vision005MailboxRetainsPunchAndRejectsSustainedContact" classname="CrowdPunch.Tests.CombatFeedbackTests" runstate="Runnable" seed="1395844175" result="Passed" start-time="2026-09-24 19:00:35Z" end-time="2026-09-24 19:00:35Z" duration="0.000468" asserts="0">
              <properties>
                <property name="retryIteration" value="0" />
                <property name="repeatIteration" value="0" />
              </properties>
            </test-case>
          </test-suite>
          <test-suite type="TestFixture" id="1064" name="DasherObstacleRedirectTests" fullname="CrowdPunch.Tests.DasherObstacleRedirectTests" classname="CrowdPunch.Tests.DasherObstacleRedirectTests" runstate="Runnable" testcasecount="2" result="Passed" start-time="2026-09-24 19:00:35Z" end-time="2026-09-24 19:00:35Z" duration="0.004599" total="2" passed="2" failed="0" inconclusive="0" skipped="0" asserts="0">
            <properties />
            <test-case id="1066" name="Enemy005HeadOnObstacleRedirectReflectsWhenSolverStopsHorizontalMotion" fullname="CrowdPunch.Tests.DasherObstacleRedirectTests.Enemy005HeadOnObstacleRedirectReflectsWhenSolverStopsHorizontalMotion" methodname="Enemy005HeadOnObstacleRedirectReflectsWhenSolverStopsHorizontalMotion" classname="CrowdPunch.Tests.DasherObstacleRedirectTests" runstate="Runnable" seed="2069327950" result="Passed" start-time="2026-09-24 19:00:35Z" end-time="2026-09-24 19:00:35Z" duration="0.000461" asserts="0">
              <properties>
                <property name="retryIteration" value="0" />
                <property name="repeatIteration" value="0" />
              </properties>
            </test-case>
            <test-case id="1065" name="Enemy005ObstacleRedirectUsesSolvedLaunchLikeDirection" fullname="CrowdPunch.Tests.DasherObstacleRedirectTests.Enemy005ObstacleRedirectUsesSolvedLaunchLikeDirection" methodname="Enemy005ObstacleRedirectUsesSolvedLaunchLikeDirection" classname="CrowdPunch.Tests.DasherObstacleRedirectTests" runstate="Runnable" seed="641715477" result="Passed" start-time="2026-09-24 19:00:35Z" end-time="2026-09-24 19:00:35Z" duration="0.000211" asserts="0">
              <properties>
                <property name="retryIteration" value="0" />
                <property name="repeatIteration" value="0" />
              </properties>
            </test-case>
          </test-suite>
          <test-suite type="TestFixture" id="1077" name="ElitePunchGeometryTests" fullname="CrowdPunch.Tests.ElitePunchGeometryTests" classname="CrowdPunch.Tests.ElitePunchGeometryTests" runstate="Runnable" testcasecount="25" result="Passed" start-time="2026-09-24 19:00:35Z" end-time="2026-09-24 19:00:35Z" duration="0.077576" total="25" passed="25" failed="0" inconclusive="0" skipped="0" asserts="0">
            <properties />
            <test-case id="1096" name="DesiredPositionIsBehindTargetRelativeToPlayer" fullname="CrowdPunch.Tests.ElitePunchGeometryTests.DesiredPositionIsBehindTargetRelativeToPlayer" methodname="DesiredPositionIsBehindTargetRelativeToPlayer" classname="CrowdPunch.Tests.ElitePunchGeometryTests" runstate="Runnable" seed="1730657943" result="Passed" start-time="2026-09-24 19:00:35Z" end-time="2026-09-24 19:00:35Z" duration="0.000330" asserts="0">
              <properties>
                <property name="retryIteration" value="0" />
                <property name="repeatIteration" value="0" />
              </properties>
            </test-case>
            <test-case id="1093" name="ElitePunchRetainsCircularCrossSection" fullname="CrowdPunch.Tests.ElitePunchGeometryTests.ElitePunchRetainsCircularCrossSection" methodname="ElitePunchRetainsCircularCrossSection" classname="CrowdPunch.Tests.ElitePunchGeometryTests" runstate="Runnable" seed="496114250" result="Passed" start-time="2026-09-24 19:00:35Z" end-time="2026-09-24 19:00:35Z" duration="0.000143" asserts="0">
              <properties>
                <property name="retryIteration" value="0" />
                <property name="repeatIteration" value="0" />
              </properties>
            </test-case>
            <test-case id="1103" name="EliteRoutesAroundTargetWhenDirectApproachCrossesIt" fullname="CrowdPunch.Tests.ElitePunchGeometryTests.EliteRoutesAroundTargetWhenDirectApproachCrossesIt" methodname="EliteRoutesAroundTargetWhenDirectApproachCrossesIt" classname="CrowdPunch.Tests.ElitePunchGeometryTests" runstate="Runnable" seed="84756372" result="Passed" start-time="2026-09-24 19:00:35Z" end-time="2026-09-24 19:00:35Z" duration="0.000480" asserts="0">
              <properties>
                <property name="retryIteration" value="0" />
                <property name="repeatIteration" value="0" />
              </properties>
            </test-case>
            <test-case id="1104" name="EliteUsesDirectApproachWhenTargetDoesNotBlockIt" fullname="CrowdPunch.Tests.ElitePunchGeometryTests.EliteUsesDirectApproachWhenTargetDoesNotBlockIt" methodname="EliteUsesDirectApproachWhenTargetDoesNotBlockIt" classname="CrowdPunch.Tests.ElitePunchGeometryTests" runstate="Runnable" seed="1343326946" result="Passed" start-time="2026-09-24 19:00:35Z" end-time="2026-09-24 19:00:35Z" duration="0.000383" asserts="0">
              <properties>
                <property name="retryIteration" value="0" />
                <property name="repeatIteration" value="0" />
              </properties>
            </test-case>
            <test-case id="1083" name="Enemy009_FailedCooldownApproachDoesNotPreventNextReservation" fullname="CrowdPunch.Tests.ElitePunchGeometryTests.Enemy009_FailedCooldownApproachDoesNotPreventNextReservation" methodname="Enemy009_FailedCooldownApproachDoesNotPreventNextReservation" classname="CrowdPunch.Tests.ElitePunchGeometryTests" runstate="Runnable" seed="318780015" result="Passed" start-time="2026-09-24 19:00:35Z" end-time="2026-09-24 19:00:35Z" duration="0.011329" asserts="0">
              <properties>
                <property name="retryIteration" value="0" />
                <property name="repeatIteration" value="0" />
              </properties>
            </test-case>
            <test-case id="1085" name="Enemy009_FailedReservedApproachStillCancelsAndCoolsDown" fullname="CrowdPunch.Tests.ElitePunchGeometryTests.Enemy009_FailedReservedApproachStillCancelsAndCoolsDown" methodname="Enemy009_FailedReservedApproachStillCancelsAndCoolsDown" classname="CrowdPunch.Tests.ElitePunchGeometryTests" runstate="Runnable" seed="935781949" result="Passed" start-time="2026-09-24 19:00:35Z" end-time="2026-09-24 19:00:35Z" duration="0.002152" asserts="0">
              <properties>
                <property name="retryIteration" value="0" />
                <property name="repeatIteration" value="0" />
              </properties>
            </test-case>
            <test-case id="1078" name="Enemy009_ProjectileMovesBeyondLocalSamplesToClearLongObstacleBeforeEliteApproaches" fullname="CrowdPunch.Tests.ElitePunchGeometryTests.Enemy009_ProjectileMovesBeyondLocalSamplesToClearLongObstacleBeforeEliteApproaches" methodname="Enemy009_ProjectileMovesBeyondLocalSamplesToClearLongObstacleBeforeEliteApproaches" classname="CrowdPunch.Tests.ElitePunchGeometryTests" runstate="Runnable" seed="491743775" result="Passed" start-time="2026-09-24 19:00:35Z" end-time="2026-09-24 19:00:35Z" duration="0.033357" asserts="0">
              <properties>
                <property name="retryIteration" value="0" />
                <property name="repeatIteration" value="0" />
              </properties>
            </test-case>
            <test-suite type="ParameterizedMethod" id="1082" name="Enemy009_StagingRequiresBodyClearanceAndNeverReportsBlockedFallbackReady" fullname="CrowdPunch.Tests.ElitePunchGeometryTests.Enemy009_StagingRequiresBodyClearanceAndNeverReportsBlockedFallbackReady" classname="CrowdPunch.Tests.ElitePunchGeometryTests" runstate="Runnable" testcasecount="3" result="Passed" start-time="2026-09-24 19:00:35Z" end-time="2026-09-24 19:00:35Z" duration="0.017963" total="3" passed="3" failed="0" inconclusive="0" skipped="0" asserts="0">
              <properties />
              <test-case id="1079" name="Enemy009_StagingRequiresBodyClearanceAndNeverReportsBlockedFallbackReady(False,8.5f)" fullname="CrowdPunch.Tests.ElitePunchGeometryTests.Enemy009_StagingRequiresBodyClearanceAndNeverReportsBlockedFallbackReady(False,8.5f)" methodname="Enemy009_StagingRequiresBodyClearanceAndNeverReportsBlockedFallbackReady" classname="CrowdPunch.Tests.ElitePunchGeometryTests" runstate="Runnable" seed="2135499531" result="Passed" start-time="2026-09-24 19:00:35Z" end-time="2026-09-24 19:00:35Z" duration="0.006079" asserts="0">
                <properties>
                  <property name="retryIteration" value="0" />
                  <property name="repeatIteration" value="0" />
                </properties>
              </test-case>
              <test-case id="1080" name="Enemy009_StagingRequiresBodyClearanceAndNeverReportsBlockedFallbackReady(True,8.5f)" fullname="CrowdPunch.Tests.ElitePunchGeometryTests.Enemy009_StagingRequiresBodyClearanceAndNeverReportsBlockedFallbackReady(True,8.5f)" methodname="Enemy009_StagingRequiresBodyClearanceAndNeverReportsBlockedFallbackReady" classname="CrowdPunch.Tests.ElitePunchGeometryTests" runstate="Runnable" seed="932851809" result="Passed" start-time="2026-09-24 19:00:35Z" end-time="2026-09-24 19:00:35Z" duration="0.004845" asserts="0">
                <properties>
                  <property name="retryIteration" value="0" />
                  <property name="repeatIteration" value="0" />
                </properties>
              </test-case>
              <test-case id="1081" name="Enemy009_StagingRequiresBodyClearanceAndNeverReportsBlockedFallbackReady(False,12.0f)" fullname="CrowdPunch.Tests.ElitePunchGeometryTests.Enemy009_StagingRequiresBodyClearanceAndNeverReportsBlockedFallbackReady(False,12.0f)" methodname="Enemy009_StagingRequiresBodyClearanceAndNeverReportsBlockedFallbackReady" classname="CrowdPunch.Tests.ElitePunchGeometryTests" runstate="Runnable" seed="1913125763" result="Passed" start-time="2026-09-24 19:00:35Z" end-time="2026-09-24 19:00:35Z" duration="0.005672" asserts="0">
                <properties>
                  <property name="retryIteration" value="0" />
                  <property name="repeatIteration" value="0" />
                </properties>
              </test-case>
            </test-suite>
            <test-case id="1084" name="Enemy009_StagingWaitStillRetargetsWithoutSpendingSetupTimeout" fullname="CrowdPunch.Tests.ElitePunchGeometryTests.Enemy009_StagingWaitStillRetargetsWithoutSpendingSetupTimeout" methodname="Enemy009_StagingWaitStillRetargetsWithoutSpendingSetupTimeout" classname="CrowdPunch.Tests.ElitePunchGeometryTests" runstate="Runnable" seed="2107437938" result="Passed" start-time="2026-09-24 19:00:35Z" end-time="2026-09-24 19:00:35Z" duration="0.003462" asserts="0">
              <properties>
                <property name="retryIteration" value="0" />
                <property name="repeatIteration" value="0" />
              </properties>
            </test-case>
            <test-case id="1086" name="Enemy014_EliteSelectionAndStaleReservationRejectProtectedArmor" fullname="CrowdPunch.Tests.ElitePunchGeometryTests.Enemy014_EliteSelectionAndStaleReservationRejectProtectedArmor" methodname="Enemy014_EliteSelectionAndStaleReservationRejectProtectedArmor" classname="CrowdPunch.Tests.ElitePunchGeometryTests" runstate="Runnable" seed="1360497171" result="Passed" start-time="2026-09-24 19:00:35Z" end-time="2026-09-24 19:00:35Z" duration="0.001631" asserts="0">
              <properties>
                <property name="retryIteration" value="0" />
                <property name="repeatIteration" value="0" />
              </properties>
            </test-case>
            <test-case id="1100" name="EnemyInsideShotCorridorMovesTowardNearestSide" fullname="CrowdPunch.Tests.ElitePunchGeometryTests.EnemyInsideShotCorridorMovesTowardNearestSide" methodname="EnemyInsideShotCorridorMovesTowardNearestSide" classname="CrowdPunch.Tests.ElitePunchGeometryTests" runstate="Runnable" seed="1164284256" result="Passed" start-time="2026-09-24 19:00:35Z" end-time="2026-09-24 19:00:35Z" duration="0.000248" asserts="0">
              <properties>
                <property name="retryIteration" value="0" />
                <property name="repeatIteration" value="0" />
              </properties>
            </test-case>
            <test-case id="1101" name="EnemyOutsideShotSegmentKeepsItsNormalIntent" fullname="CrowdPunch.Tests.ElitePunchGeometryTests.EnemyOutsideShotSegmentKeepsItsNormalIntent" methodname="EnemyOutsideShotSegmentKeepsItsNormalIntent" classname="CrowdPunch.Tests.ElitePunchGeometryTests" runstate="Runnable" seed="1583420679" result="Passed" start-time="2026-09-24 19:00:35Z" end-time="2026-09-24 19:00:35Z" duration="0.000170" asserts="0">
              <properties>
                <property name="retryIteration" value="0" />
                <property name="repeatIteration" value="0" />
              </properties>
            </test-case>
            <test-case id="1095" name="IntermediateTacticSelectionRepeatsFromSameSeed" fullname="CrowdPunch.Tests.ElitePunchGeometryTests.IntermediateTacticSelectionRepeatsFromSameSeed" methodname="IntermediateTacticSelectionRepeatsFromSameSeed" classname="CrowdPunch.Tests.ElitePunchGeometryTests" runstate="Runnable" seed="1715239540" result="Passed" start-time="2026-09-24 19:00:35Z" end-time="2026-09-24 19:00:35Z" duration="0.000143" asserts="0">
              <properties>
                <property name="retryIteration" value="0" />
                <property name="repeatIteration" value="0" />
              </properties>
            </test-case>
            <test-suite type="ParameterizedMethod" id="1092" name="Player008_PunchMatchesFootprintWithoutHeightNarrowing" fullname="CrowdPunch.Tests.ElitePunchGeometryTests.Player008_PunchMatchesFootprintWithoutHeightNarrowing" classname="CrowdPunch.Tests.ElitePunchGeometryTests" runstate="Runnable" testcasecount="5" result="Passed" start-time="2026-09-24 19:00:35Z" end-time="2026-09-24 19:00:35Z" duration="0.001683" total="5" passed="5" failed="0" inconclusive="0" skipped="0" asserts="0">
              <properties />
              <test-case id="1087" name="Player008_PunchMatchesFootprintWithoutHeightNarrowing(1.14f,-1.0f,3.0f,True)" fullname="CrowdPunch.Tests.ElitePunchGeometryTests.Player008_PunchMatchesFootprintWithoutHeightNarrowing(1.14f,-1.0f,3.0f,True)" methodname="Player008_PunchMatchesFootprintWithoutHeightNarrowing" classname="CrowdPunch.Tests.ElitePunchGeometryTests" runstate="Runnable" seed="1720486652" result="Passed" start-time="2026-09-24 19:00:35Z" end-time="2026-09-24 19:00:35Z" duration="0.000291" asserts="0">
                <properties>
                  <property name="retryIteration" value="0" />
                  <property name="repeatIteration" value="0" />
                </properties>
              </test-case>
              <test-case id="1088" name="Player008_PunchMatchesFootprintWithoutHeightNarrowing(1.16f,0.0f,3.0f,False)" fullname="CrowdPunch.Tests.ElitePunchGeometryTests.Player008_PunchMatchesFootprintWithoutHeightNarrowing(1.16f,0.0f,3.0f,False)" methodname="Player008_PunchMatchesFootprintWithoutHeightNarrowing" classname="CrowdPunch.Tests.ElitePunchGeometryTests" runstate="Runnable" seed="1762110985" result="Passed" start-time="2026-09-24 19:00:35Z" end-time="2026-09-24 19:00:35Z" duration="0.000067" asserts="0">
                <properties>
                  <property name="retryIteration" value="0" />
                  <property name="repeatIteration" value="0" />
                </properties>
              </test-case>
              <test-case id="1089" name="Player008_PunchMatchesFootprintWithoutHeightNarrowing(0.0f,0.0f,-0.01f,False)" fullname="CrowdPunch.Tests.ElitePunchGeometryTests.Player008_PunchMatchesFootprintWithoutHeightNarrowing(0.0f,0.0f,-0.01f,False)" methodname="Player008_PunchMatchesFootprintWithoutHeightNarrowing" classname="CrowdPunch.Tests.ElitePunchGeometryTests" runstate="Runnable" seed="564378883" result="Passed" start-time="2026-09-24 19:00:35Z" end-time="2026-09-24 19:00:35Z" duration="0.000062" asserts="0">
                <properties>
                  <property name="retryIteration" value="0" />
                  <property name="repeatIteration" value="0" />
                </properties>
              </test-case>
              <test-case id="1090" name="Player008_PunchMatchesFootprintWithoutHeightNarrowing(0.0f,0.0f,6.01f,False)" fullname="CrowdPunch.Tests.ElitePunchGeometryTests.Player008_PunchMatchesFootprintWithoutHeightNarrowing(0.0f,0.0f,6.01f,False)" methodname="Player008_PunchMatchesFootprintWithoutHeightNarrowing" classname="CrowdPunch.Tests.ElitePunchGeometryTests" runstate="Runnable" seed="1862217130" result="Passed" start-time="2026-09-24 19:00:35Z" end-time="2026-09-24 19:00:35Z" duration="0.000052" asserts="0">
                <properties>
                  <property name="retryIteration" value="0" />
                  <property name="repeatIteration" value="0" />
                </properties>
              </test-case>
              <test-case id="1091" name="Player008_PunchMatchesFootprintWithoutHeightNarrowing(0.0f,1.16f,3.0f,False)" fullname="CrowdPunch.Tests.ElitePunchGeometryTests.Player008_PunchMatchesFootprintWithoutHeightNarrowing(0.0f,1.16f,3.0f,False)" methodname="Player008_PunchMatchesFootprintWithoutHeightNarrowing" classname="CrowdPunch.Tests.ElitePunchGeometryTests" runstate="Runnable" seed="1221956239" result="Passed" start-time="2026-09-24 19:00:35Z" end-time="2026-09-24 19:00:35Z" duration="0.000047" asserts="0">
                <properties>
                  <property name="retryIteration" value="0" />
                  <property name="repeatIteration" value="0" />
                </properties>
              </test-case>
            </test-suite>
            <test-case id="1102" name="ProjectileMovesBeforeWaitingAtClearStagingPosition" fullname="CrowdPunch.Tests.ElitePunchGeometryTests.ProjectileMovesBeforeWaitingAtClearStagingPosition" methodname="ProjectileMovesBeforeWaitingAtClearStagingPosition" classname="CrowdPunch.Tests.ElitePunchGeometryTests" runstate="Runnable" seed="887214381" result="Passed" start-time="2026-09-24 19:00:35Z" end-time="2026-09-24 19:00:35Z" duration="0.000188" asserts="0">
              <properties>
                <property name="retryIteration" value="0" />
                <property name="repeatIteration" value="0" />
              </properties>
            </test-case>
            <test-case id="1098" name="SetupSpeedBrakesIntoPositionTolerance" fullname="CrowdPunch.Tests.ElitePunchGeometryTests.SetupSpeedBrakesIntoPositionTolerance" methodname="SetupSpeedBrakesIntoPositionTolerance" classname="CrowdPunch.Tests.ElitePunchGeometryTests" runstate="Runnable" seed="1108150130" result="Passed" start-time="2026-09-24 19:00:35Z" end-time="2026-09-24 19:00:35Z" duration="0.000204" asserts="0">
              <properties>
                <property name="retryIteration" value="0" />
                <property name="repeatIteration" value="0" />
              </properties>
            </test-case>
            <test-case id="1099" name="SetupSpeedStaysAboveMovingTargetCatchupSpeed" fullname="CrowdPunch.Tests.ElitePunchGeometryTests.SetupSpeedStaysAboveMovingTargetCatchupSpeed" methodname="SetupSpeedStaysAboveMovingTargetCatchupSpeed" classname="CrowdPunch.Tests.ElitePunchGeometryTests" runstate="Runnable" seed="701903369" result="Passed" start-time="2026-09-24 19:00:35Z" end-time="2026-09-24 19:00:35Z" duration="0.000095" asserts="0">
              <properties>
                <property name="retryIteration" value="0" />
                <property name="repeatIteration" value="0" />
              </properties>
            </test-case>
            <test-case id="1094" name="TacticProbabilityEndpointsAreDeterministic" fullname="CrowdPunch.Tests.ElitePunchGeometryTests.TacticProbabilityEndpointsAreDeterministic" methodname="TacticProbabilityEndpointsAreDeterministic" classname="CrowdPunch.Tests.ElitePunchGeometryTests" runstate="Runnable" seed="1835891478" result="Passed" start-time="2026-09-24 19:00:35Z" end-time="2026-09-24 19:00:35Z" duration="0.000114" asserts="0">
              <properties>
                <property name="retryIteration" value="0" />
                <property name="repeatIteration" value="0" />
              </properties>
            </test-case>
            <test-case id="1097" name="TargetSearchEligibilityUsesDedicatedPhaseSwitches" fullname="CrowdPunch.Tests.ElitePunchGeometryTests.TargetSearchEligibilityUsesDedicatedPhaseSwitches" methodname="TargetSearchEligibilityUsesDedicatedPhaseSwitches" classname="CrowdPunch.Tests.ElitePunchGeometryTests" runstate="Runnable" seed="1401174961" result="Passed" start-time="2026-09-24 19:00:35Z" end-time="2026-09-24 19:00:35Z" duration="0.000182" asserts="0">
              <properties>
                <property name="retryIteration" value="0" />
                <property name="repeatIteration" value="0" />
              </properties>
            </test-case>
          </test-suite>
          <test-suite type="TestFixture" id="1105" name="EnemyAnimationTests" fullname="CrowdPunch.Tests.EnemyAnimationTests" classname="CrowdPunch.Tests.EnemyAnimationTests" runstate="Runnable" testcasecount="15" result="Passed" start-time="2026-09-24 19:00:35Z" end-time="2026-09-24 19:00:35Z" duration="0.030882" total="15" passed="15" failed="0" inconclusive="0" skipped="0" asserts="0">
            <properties />
            <test-suite type="ParameterizedMethod" id="1120" name="Combat011LaunchEndsWithImpactAndRepunchInterruptsIt" fullname="CrowdPunch.Tests.EnemyAnimationTests.Combat011LaunchEndsWithImpactAndRepunchInterruptsIt" classname="CrowdPunch.Tests.EnemyAnimationTests" runstate="Runnable" testcasecount="2" result="Passed" start-time="2026-09-24 19:00:35Z" end-time="2026-09-24 19:00:35Z" duration="0.010257" total="2" passed="2" failed="0" inconclusive="0" skipped="0" asserts="0">
              <properties />
              <test-case id="1118" name="Combat011LaunchEndsWithImpactAndRepunchInterruptsIt(Recovering)" fullname="CrowdPunch.Tests.EnemyAnimationTests.Combat011LaunchEndsWithImpactAndRepunchInterruptsIt(Recovering)" methodname="Combat011LaunchEndsWithImpactAndRepunchInterruptsIt" classname="CrowdPunch.Tests.EnemyAnimationTests" runstate="Runnable" seed="797437224" result="Passed" start-time="2026-09-24 19:00:35Z" end-time="2026-09-24 19:00:35Z" duration="0.008454" asserts="0">
                <properties>
                  <property name="retryIteration" value="0" />
                  <property name="repeatIteration" value="0" />
                </properties>
              </test-case>
              <test-case id="1119" name="Combat011LaunchEndsWithImpactAndRepunchInterruptsIt(Defeated)" fullname="CrowdPunch.Tests.EnemyAnimationTests.Combat011LaunchEndsWithImpactAndRepunchInterruptsIt(Defeated)" methodname="Combat011LaunchEndsWithImpactAndRepunchInterruptsIt" classname="CrowdPunch.Tests.EnemyAnimationTests" runstate="Runnable" seed="548640795" result="Passed" start-time="2026-09-24 19:00:35Z" end-time="2026-09-24 19:00:35Z" duration="0.001142" asserts="0">
                <properties>
                  <property name="retryIteration" value="0" />
                  <property name="repeatIteration" value="0" />
                </properties>
              </test-case>
            </test-suite>
            <test-case id="1109" name="Combat011RecoveryAndDefeatFreezePoseWithoutPhysicsWrites" fullname="CrowdPunch.Tests.EnemyAnimationTests.Combat011RecoveryAndDefeatFreezePoseWithoutPhysicsWrites" methodname="Combat011RecoveryAndDefeatFreezePoseWithoutPhysicsWrites" classname="CrowdPunch.Tests.EnemyAnimationTests" runstate="Runnable" seed="351761879" result="Passed" start-time="2026-09-24 19:00:35Z" end-time="2026-09-24 19:00:35Z" duration="0.002453" asserts="0">
              <properties>
                <property name="retryIteration" value="0" />
                <property name="repeatIteration" value="0" />
              </properties>
            </test-case>
            <test-case id="1110" name="Combat014FlyingRestartsOnRepunchAndHoldsLastFrame" fullname="CrowdPunch.Tests.EnemyAnimationTests.Combat014FlyingRestartsOnRepunchAndHoldsLastFrame" methodname="Combat014FlyingRestartsOnRepunchAndHoldsLastFrame" classname="CrowdPunch.Tests.EnemyAnimationTests" runstate="Runnable" seed="2076448245" result="Passed" start-time="2026-09-24 19:00:35Z" end-time="2026-09-24 19:00:35Z" duration="0.001261" asserts="0">
              <properties>
                <property name="retryIteration" value="0" />
                <property name="repeatIteration" value="0" />
              </properties>
            </test-case>
            <test-case id="1115" name="Enemy002RangedUsesWaveForWindUpAndRotatedIdleWhileLaunched" fullname="CrowdPunch.Tests.EnemyAnimationTests.Enemy002RangedUsesWaveForWindUpAndRotatedIdleWhileLaunched" methodname="Enemy002RangedUsesWaveForWindUpAndRotatedIdleWhileLaunched" classname="CrowdPunch.Tests.EnemyAnimationTests" runstate="Runnable" seed="1572048068" result="Passed" start-time="2026-09-24 19:00:35Z" end-time="2026-09-24 19:00:35Z" duration="0.001766" asserts="0">
              <properties>
                <property name="retryIteration" value="0" />
                <property name="repeatIteration" value="0" />
              </properties>
            </test-case>
            <test-case id="1113" name="Enemy005DasherUsesAuthoredIdleMovementFrozenDashAndDeathMotions" fullname="CrowdPunch.Tests.EnemyAnimationTests.Enemy005DasherUsesAuthoredIdleMovementFrozenDashAndDeathMotions" methodname="Enemy005DasherUsesAuthoredIdleMovementFrozenDashAndDeathMotions" classname="CrowdPunch.Tests.EnemyAnimationTests" runstate="Runnable" seed="178347913" result="Passed" start-time="2026-09-24 19:00:35Z" end-time="2026-09-24 19:00:35Z" duration="0.001404" asserts="0">
              <properties>
                <property name="retryIteration" value="0" />
                <property name="repeatIteration" value="0" />
              </properties>
            </test-case>
            <test-case id="1116" name="Enemy009EliteUsesPunchHitReactAndDeathMotions" fullname="CrowdPunch.Tests.EnemyAnimationTests.Enemy009EliteUsesPunchHitReactAndDeathMotions" methodname="Enemy009EliteUsesPunchHitReactAndDeathMotions" classname="CrowdPunch.Tests.EnemyAnimationTests" runstate="Runnable" seed="1022926441" result="Passed" start-time="2026-09-24 19:00:35Z" end-time="2026-09-24 19:00:35Z" duration="0.001450" asserts="0">
              <properties>
                <property name="retryIteration" value="0" />
                <property name="repeatIteration" value="0" />
              </properties>
            </test-case>
            <test-case id="1114" name="Enemy010ExplosiveUsesIdleWalkAndDeathWithoutDyingDuringRecovery" fullname="CrowdPunch.Tests.EnemyAnimationTests.Enemy010ExplosiveUsesIdleWalkAndDeathWithoutDyingDuringRecovery" methodname="Enemy010ExplosiveUsesIdleWalkAndDeathWithoutDyingDuringRecovery" classname="CrowdPunch.Tests.EnemyAnimationTests" runstate="Runnable" seed="1683802964" result="Passed" start-time="2026-09-24 19:00:35Z" end-time="2026-09-24 19:00:35Z" duration="0.001459" asserts="0">
              <properties>
                <property name="retryIteration" value="0" />
                <property name="repeatIteration" value="0" />
              </properties>
            </test-case>
            <test-case id="1117" name="Enemy012BaselineUsesIdleWalkRotatedLaunchAndDeathMotions" fullname="CrowdPunch.Tests.EnemyAnimationTests.Enemy012BaselineUsesIdleWalkRotatedLaunchAndDeathMotions" methodname="Enemy012BaselineUsesIdleWalkRotatedLaunchAndDeathMotions" classname="CrowdPunch.Tests.EnemyAnimationTests" runstate="Runnable" seed="166288587" result="Passed" start-time="2026-09-24 19:00:35Z" end-time="2026-09-24 19:00:35Z" duration="0.001260" asserts="0">
              <properties>
                <property name="retryIteration" value="0" />
                <property name="repeatIteration" value="0" />
              </properties>
            </test-case>
            <test-case id="1121" name="Info004DestroyedOwnerDoesNotLeaveAStaleLookup" fullname="CrowdPunch.Tests.EnemyAnimationTests.Info004DestroyedOwnerDoesNotLeaveAStaleLookup" methodname="Info004DestroyedOwnerDoesNotLeaveAStaleLookup" classname="CrowdPunch.Tests.EnemyAnimationTests" runstate="Runnable" seed="1155711119" result="Passed" start-time="2026-09-24 19:00:35Z" end-time="2026-09-24 19:00:35Z" duration="0.001434" asserts="0">
              <properties>
                <property name="retryIteration" value="0" />
                <property name="repeatIteration" value="0" />
              </properties>
            </test-case>
            <test-case id="1111" name="Info004FlyingPitchFollowsVelocityWithoutPhysicsWrites" fullname="CrowdPunch.Tests.EnemyAnimationTests.Info004FlyingPitchFollowsVelocityWithoutPhysicsWrites" methodname="Info004FlyingPitchFollowsVelocityWithoutPhysicsWrites" classname="CrowdPunch.Tests.EnemyAnimationTests" runstate="Runnable" seed="169311348" result="Passed" start-time="2026-09-24 19:00:35Z" end-time="2026-09-24 19:00:35Z" duration="0.001455" asserts="0">
              <properties>
                <property name="retryIteration" value="0" />
                <property name="repeatIteration" value="0" />
              </properties>
            </test-case>
            <test-case id="1106" name="Info004IdleLoopsAndInterpolates" fullname="CrowdPunch.Tests.EnemyAnimationTests.Info004IdleLoopsAndInterpolates" methodname="Info004IdleLoopsAndInterpolates" classname="CrowdPunch.Tests.EnemyAnimationTests" runstate="Runnable" seed="318196384" result="Passed" start-time="2026-09-24 19:00:35Z" end-time="2026-09-24 19:00:35Z" duration="0.001003" asserts="0">
              <properties>
                <property name="retryIteration" value="0" />
                <property name="repeatIteration" value="0" />
              </properties>
            </test-case>
            <test-case id="1107" name="Info004MovementIsRelativeToEnemyFacing" fullname="CrowdPunch.Tests.EnemyAnimationTests.Info004MovementIsRelativeToEnemyFacing" methodname="Info004MovementIsRelativeToEnemyFacing" classname="CrowdPunch.Tests.EnemyAnimationTests" runstate="Runnable" seed="89460135" result="Passed" start-time="2026-09-24 19:00:35Z" end-time="2026-09-24 19:00:35Z" duration="0.001071" asserts="0">
              <properties>
                <property name="retryIteration" value="0" />
                <property name="repeatIteration" value="0" />
              </properties>
            </test-case>
            <test-case id="1112" name="Info004PoolingResetsPlaybackAndDisabledRequestAllowsReuse" fullname="CrowdPunch.Tests.EnemyAnimationTests.Info004PoolingResetsPlaybackAndDisabledRequestAllowsReuse" methodname="Info004PoolingResetsPlaybackAndDisabledRequestAllowsReuse" classname="CrowdPunch.Tests.EnemyAnimationTests" runstate="Runnable" seed="1293911510" result="Passed" start-time="2026-09-24 19:00:35Z" end-time="2026-09-24 19:00:35Z" duration="0.001050" asserts="0">
              <properties>
                <property name="retryIteration" value="0" />
                <property name="repeatIteration" value="0" />
              </properties>
            </test-case>
            <test-case id="1108" name="Info004StrafingAndPartialSpeedBlendWithIdle" fullname="CrowdPunch.Tests.EnemyAnimationTests.Info004StrafingAndPartialSpeedBlendWithIdle" methodname="Info004StrafingAndPartialSpeedBlendWithIdle" classname="CrowdPunch.Tests.EnemyAnimationTests" runstate="Runnable" seed="2029590856" result="Passed" start-time="2026-09-24 19:00:35Z" end-time="2026-09-24 19:00:35Z" duration="0.000997" asserts="0">
              <properties>
                <property name="retryIteration" value="0" />
                <property name="repeatIteration" value="0" />
              </properties>
            </test-case>
          </test-suite>
          <test-suite type="TestFixture" id="1122" name="EnemyArenaDistributionTests" fullname="CrowdPunch.Tests.EnemyArenaDistributionTests" classname="CrowdPunch.Tests.EnemyArenaDistributionTests" runstate="Runnable" testcasecount="5" result="Passed" start-time="2026-09-24 19:00:35Z" end-time="2026-09-24 19:00:35Z" duration="0.003316" total="5" passed="5" failed="0" inconclusive="0" skipped="0" asserts="0">
            <properties />
            <test-case id="1123" name="ArenaRelativeTargetKeepsInsetFromBounds" fullname="CrowdPunch.Tests.EnemyArenaDistributionTests.ArenaRelativeTargetKeepsInsetFromBounds" methodname="ArenaRelativeTargetKeepsInsetFromBounds" classname="CrowdPunch.Tests.EnemyArenaDistributionTests" runstate="Runnable" seed="1497378323" result="Passed" start-time="2026-09-24 19:00:35Z" end-time="2026-09-24 19:00:35Z" duration="0.000622" asserts="0">
              <properties>
                <property name="retryIteration" value="0" />
                <property name="repeatIteration" value="0" />
              </properties>
            </test-case>
            <test-case id="1124" name="BlockedBaseSlotUsesAnOpenArenaDirection" fullname="CrowdPunch.Tests.EnemyArenaDistributionTests.BlockedBaseSlotUsesAnOpenArenaDirection" methodname="BlockedBaseSlotUsesAnOpenArenaDirection" classname="CrowdPunch.Tests.EnemyArenaDistributionTests" runstate="Runnable" seed="800566340" result="Passed" start-time="2026-09-24 19:00:35Z" end-time="2026-09-24 19:00:35Z" duration="0.000183" asserts="0">
              <properties>
                <property name="retryIteration" value="0" />
                <property name="repeatIteration" value="0" />
              </properties>
            </test-case>
            <test-case id="1127" name="ReserveTargetIsStableForAnEnemy" fullname="CrowdPunch.Tests.EnemyArenaDistributionTests.ReserveTargetIsStableForAnEnemy" methodname="ReserveTargetIsStableForAnEnemy" classname="CrowdPunch.Tests.EnemyArenaDistributionTests" runstate="Runnable" seed="1227474343" result="Passed" start-time="2026-09-24 19:00:35Z" end-time="2026-09-24 19:00:35Z" duration="0.000422" asserts="0">
              <properties>
                <property name="retryIteration" value="0" />
                <property name="repeatIteration" value="0" />
              </properties>
            </test-case>
            <test-case id="1126" name="ReserveTargetsCoverArenaInteriorInsteadOfOnlyEdges" fullname="CrowdPunch.Tests.EnemyArenaDistributionTests.ReserveTargetsCoverArenaInteriorInsteadOfOnlyEdges" methodname="ReserveTargetsCoverArenaInteriorInsteadOfOnlyEdges" classname="CrowdPunch.Tests.EnemyArenaDistributionTests" runstate="Runnable" seed="1169528272" result="Passed" start-time="2026-09-24 19:00:35Z" end-time="2026-09-24 19:00:35Z" duration="0.000328" asserts="0">
              <properties>
                <property name="retryIteration" value="0" />
                <property name="repeatIteration" value="0" />
              </properties>
            </test-case>
            <test-case id="1125" name="UnblockedBaseSlotIsPreserved" fullname="CrowdPunch.Tests.EnemyArenaDistributionTests.UnblockedBaseSlotIsPreserved" methodname="UnblockedBaseSlotIsPreserved" classname="CrowdPunch.Tests.EnemyArenaDistributionTests" runstate="Runnable" seed="990671931" result="Passed" start-time="2026-09-24 19:00:35Z" end-time="2026-09-24 19:00:35Z" duration="0.000163" asserts="0">
              <properties>
                <property name="retryIteration" value="0" />
                <property name="repeatIteration" value="0" />
              </properties>
            </test-case>
          </test-suite>
          <test-suite type="TestFixture" id="1152" name="EnemyPrefabCollisionContactTests" fullname="CrowdPunch.Tests.EnemyPrefabCollisionContactTests" classname="CrowdPunch.Tests.EnemyPrefabCollisionContactTests" runstate="Runnable" testcasecount="6" result="Passed" start-time="2026-09-24 19:00:35Z" end-time="2026-09-24 19:00:35Z" duration="0.015357" total="6" passed="6" failed="0" inconclusive="0" skipped="0" asserts="0">
            <properties />
            <test-suite type="ParameterizedMethod" id="1159" name="Combat002EnemyPrefabsProvideCollisionContacts" fullname="CrowdPunch.Tests.EnemyPrefabCollisionContactTests.Combat002EnemyPrefabsProvideCollisionContacts" classname="CrowdPunch.Tests.EnemyPrefabCollisionContactTests" runstate="Runnable" testcasecount="6" result="Passed" start-time="2026-09-24 19:00:35Z" end-time="2026-09-24 19:00:35Z" duration="0.014630" total="6" passed="6" failed="0" inconclusive="0" skipped="0" asserts="0">
              <properties />
[...]
                <property name="repeatIteration" value="0" />
              </properties>
            </test-case>
          </test-suite>
          <test-suite type="TestFixture" id="1182" name="LaunchedEnemyPlayerImpactTests" fullname="CrowdPunch.Tests.LaunchedEnemyPlayerImpactTests" classname="CrowdPunch.Tests.LaunchedEnemyPlayerImpactTests" runstate="Runnable" testcasecount="11" result="Passed" start-time="2026-09-24 19:00:37Z" end-time="2026-09-24 19:00:37Z" duration="0.011617" total="11" passed="11" failed="0" inconclusive="0" skipped="0" asserts="0">
            <properties />
            <test-case id="1190" name="DynamicMassConvertsVelocityToEstimatedImpulse" fullname="CrowdPunch.Tests.LaunchedEnemyPlayerImpactTests.DynamicMassConvertsVelocityToEstimatedImpulse" methodname="DynamicMassConvertsVelocityToEstimatedImpulse" classname="CrowdPunch.Tests.LaunchedEnemyPlayerImpactTests" runstate="Runnable" seed="1070557816" result="Passed" start-time="2026-09-24 19:00:37Z" end-time="2026-09-24 19:00:37Z" duration="0.000272" asserts="0">
              <properties>
                <property name="retryIteration" value="0" />
                <property name="repeatIteration" value="0" />
              </properties>
            </test-case>
            <test-case id="1183" name="EnemyAndPlayerTargetsUseSharedCollisionDamageCurve" fullname="CrowdPunch.Tests.LaunchedEnemyPlayerImpactTests.EnemyAndPlayerTargetsUseSharedCollisionDamageCurve" methodname="EnemyAndPlayerTargetsUseSharedCollisionDamageCurve" classname="CrowdPunch.Tests.LaunchedEnemyPlayerImpactTests" runstate="Runnable" seed="824618869" result="Passed" start-time="2026-09-24 19:00:37Z" end-time="2026-09-24 19:00:37Z" duration="0.000249" asserts="0">
              <properties>
                <property name="retryIteration" value="0" />
                <property name="repeatIteration" value="0" />
              </properties>
            </test-case>
            <test-case id="1195" name="EnemyRepunchDoesNotUsePlayerReplacementRule" fullname="CrowdPunch.Tests.LaunchedEnemyPlayerImpactTests.EnemyRepunchDoesNotUsePlayerReplacementRule" methodname="EnemyRepunchDoesNotUsePlayerReplacementRule" classname="CrowdPunch.Tests.LaunchedEnemyPlayerImpactTests" runstate="Runnable" seed="539451790" result="Passed" start-time="2026-09-24 19:00:37Z" end-time="2026-09-24 19:00:37Z" duration="0.000184" asserts="0">
              <properties>
                <property name="retryIteration" value="0" />
                <property name="repeatIteration" value="0" />
              </properties>
            </test-case>
            <test-suite type="ParameterizedMethod" id="1187" name="LaunchedBodyCanDamagePlayerRegardlessOfOwner" fullname="CrowdPunch.Tests.LaunchedEnemyPlayerImpactTests.LaunchedBodyCanDamagePlayerRegardlessOfOwner" classname="CrowdPunch.Tests.LaunchedEnemyPlayerImpactTests" runstate="Runnable" testcasecount="2" result="Passed" start-time="2026-09-24 19:00:37Z" end-time="2026-09-24 19:00:37Z" duration="0.001900" total="2" passed="2" failed="0" inconclusive="0" skipped="0" asserts="0">
              <properties />
              <test-case id="1185" name="LaunchedBodyCanDamagePlayerRegardlessOfOwner(Player)" fullname="CrowdPunch.Tests.LaunchedEnemyPlayerImpactTests.LaunchedBodyCanDamagePlayerRegardlessOfOwner(Player)" methodname="LaunchedBodyCanDamagePlayerRegardlessOfOwner" classname="CrowdPunch.Tests.LaunchedEnemyPlayerImpactTests" runstate="Runnable" seed="1545449282" result="Passed" start-time="2026-09-24 19:00:37Z" end-time="2026-09-24 19:00:37Z" duration="0.000198" asserts="0">
                <properties>
                  <property name="retryIteration" value="0" />
                  <property name="repeatIteration" value="0" />
                </properties>
              </test-case>
              <test-case id="1186" name="LaunchedBodyCanDamagePlayerRegardlessOfOwner(Enemy)" fullname="CrowdPunch.Tests.LaunchedEnemyPlayerImpactTests.LaunchedBodyCanDamagePlayerRegardlessOfOwner(Enemy)" methodname="LaunchedBodyCanDamagePlayerRegardlessOfOwner" classname="CrowdPunch.Tests.LaunchedEnemyPlayerImpactTests" runstate="Runnable" seed="157242291" result="Passed" start-time="2026-09-24 19:00:37Z" end-time="2026-09-24 19:00:37Z" duration="0.000057" asserts="0">
                <properties>
                  <property name="retryIteration" value="0" />
                  <property name="repeatIteration" value="0" />
                </properties>
              </test-case>
            </test-suite>
            <test-case id="1188" name="LaunchedBodyDamagesPlayerOnlyOncePerLaunchSequence" fullname="CrowdPunch.Tests.LaunchedEnemyPlayerImpactTests.LaunchedBodyDamagesPlayerOnlyOncePerLaunchSequence" methodname="LaunchedBodyDamagesPlayerOnlyOncePerLaunchSequence" classname="CrowdPunch.Tests.LaunchedEnemyPlayerImpactTests" runstate="Runnable" seed="1630605981" result="Passed" start-time="2026-09-24 19:00:37Z" end-time="2026-09-24 19:00:37Z" duration="0.000117" asserts="0">
              <properties>
                <property name="retryIteration" value="0" />
                <property name="repeatIteration" value="0" />
              </properties>
            </test-case>
            <test-case id="1184" name="LaunchOwnershipStillTracksItsCause" fullname="CrowdPunch.Tests.LaunchedEnemyPlayerImpactTests.LaunchOwnershipStillTracksItsCause" methodname="LaunchOwnershipStillTracksItsCause" classname="CrowdPunch.Tests.LaunchedEnemyPlayerImpactTests" runstate="Runnable" seed="1173402354" result="Passed" start-time="2026-09-24 19:00:37Z" end-time="2026-09-24 19:00:37Z" duration="0.000116" asserts="0">
              <properties>
                <property name="retryIteration" value="0" />
                <property name="repeatIteration" value="0" />
              </properties>
            </test-case>
            <test-suite type="ParameterizedMethod" id="1194" name="Player004_FirstAndRecoveringPunchesReplaceVelocityToMatchPreview" fullname="CrowdPunch.Tests.LaunchedEnemyPlayerImpactTests.Player004_FirstAndRecoveringPunchesReplaceVelocityToMatchPreview" classname="CrowdPunch.Tests.LaunchedEnemyPlayerImpactTests" runstate="Runnable" testcasecount="2" result="Passed" start-time="2026-09-24 19:00:37Z" end-time="2026-09-24 19:00:37Z" duration="0.001044" total="2" passed="2" failed="0" inconclusive="0" skipped="0" asserts="0">
              <properties />
              <test-case id="1192" name="Player004_FirstAndRecoveringPunchesReplaceVelocityToMatchPreview(Active)" fullname="CrowdPunch.Tests.LaunchedEnemyPlayerImpactTests.Player004_FirstAndRecoveringPunchesReplaceVelocityToMatchPreview(Active)" methodname="Player004_FirstAndRecoveringPunchesReplaceVelocityToMatchPreview" classname="CrowdPunch.Tests.LaunchedEnemyPlayerImpactTests" runstate="Runnable" seed="215562444" result="Passed" start-time="2026-09-24 19:00:37Z" end-time="2026-09-24 19:00:37Z" duration="0.000241" asserts="0">
                <properties>
                  <property name="retryIteration" value="0" />
                  <property name="repeatIteration" value="0" />
                </properties>
              </test-case>
              <test-case id="1193" name="Player004_FirstAndRecoveringPunchesReplaceVelocityToMatchPreview(Recovering)" fullname="CrowdPunch.Tests.LaunchedEnemyPlayerImpactTests.Player004_FirstAndRecoveringPunchesReplaceVelocityToMatchPreview(Recovering)" methodname="Player004_FirstAndRecoveringPunchesReplaceVelocityToMatchPreview" classname="CrowdPunch.Tests.LaunchedEnemyPlayerImpactTests" runstate="Runnable" seed="1457278342" result="Passed" start-time="2026-09-24 19:00:37Z" end-time="2026-09-24 19:00:37Z" duration="0.000072" asserts="0">
                <properties>
                  <property name="retryIteration" value="0" />
                  <property name="repeatIteration" value="0" />
                </properties>
              </test-case>
            </test-suite>
            <test-case id="1191" name="RepunchReplacesExistingLinearAndAngularVelocity" fullname="CrowdPunch.Tests.LaunchedEnemyPlayerImpactTests.RepunchReplacesExistingLinearAndAngularVelocity" methodname="RepunchReplacesExistingLinearAndAngularVelocity" classname="CrowdPunch.Tests.LaunchedEnemyPlayerImpactTests" runstate="Runnable" seed="145768928" result="Passed" start-time="2026-09-24 19:00:37Z" end-time="2026-09-24 19:00:37Z" duration="0.000179" asserts="0">
              <properties>
                <property name="retryIteration" value="0" />
                <property name="repeatIteration" value="0" />
              </properties>
            </test-case>
            <test-case id="1189" name="SweptBodyDetectsPlayerBetweenFrames" fullname="CrowdPunch.Tests.LaunchedEnemyPlayerImpactTests.SweptBodyDetectsPlayerBetweenFrames" methodname="SweptBodyDetectsPlayerBetweenFrames" classname="CrowdPunch.Tests.LaunchedEnemyPlayerImpactTests" runstate="Runnable" seed="803034743" result="Passed" start-time="2026-09-24 19:00:37Z" end-time="2026-09-24 19:00:37Z" duration="0.000238" asserts="0">
              <properties>
                <property name="retryIteration" value="0" />
                <property name="repeatIteration" value="0" />
              </properties>
            </test-case>
          </test-suite>
          <test-suite type="TestFixture" id="1196" name="NavigationSystemTests" fullname="CrowdPunch.Tests.NavigationSystemTests" classname="CrowdPunch.Tests.NavigationSystemTests" runstate="Runnable" testcasecount="13" result="Passed" start-time="2026-09-24 19:00:37Z" end-time="2026-09-24 19:00:37Z" duration="0.060326" total="13" passed="13" failed="0" inconclusive="0" skipped="0" asserts="0">
            <properties />
            <test-case id="1208" name="ChangedGoalCancelsAnUnfinishedResultAndDisabledAssistanceRetainsLegacy" fullname="CrowdPunch.Tests.NavigationSystemTests.ChangedGoalCancelsAnUnfinishedResultAndDisabledAssistanceRetainsLegacy" methodname="ChangedGoalCancelsAnUnfinishedResultAndDisabledAssistanceRetainsLegacy" classname="CrowdPunch.Tests.NavigationSystemTests" runstate="Runnable" seed="818661362" result="Passed" start-time="2026-09-24 19:00:37Z" end-time="2026-09-24 19:00:37Z" duration="0.011445" asserts="0">
              <properties>
                <property name="retryIteration" value="0" />
                <property name="repeatIteration" value="0" />
              </properties>
            </test-case>
            <test-case id="1206" name="Combat017_BoundsReentryCannotCrossStaticObstacles" fullname="CrowdPunch.Tests.NavigationSystemTests.Combat017_BoundsReentryCannotCrossStaticObstacles" methodname="Combat017_BoundsReentryCannotCrossStaticObstacles" classname="CrowdPunch.Tests.NavigationSystemTests" runstate="Runnable" seed="952455733" result="Passed" start-time="2026-09-24 19:00:37Z" end-time="2026-09-24 19:00:37Z" duration="0.005621" asserts="0">
              <properties>
                <property name="retryIteration" value="0" />
                <property name="repeatIteration" value="0" />
              </properties>
            </test-case>
            <test-case id="1205" name="Combat017_RecoveredBodyOutsideSpacingBoundsCanMoveBackInside" fullname="CrowdPunch.Tests.NavigationSystemTests.Combat017_RecoveredBodyOutsideSpacingBoundsCanMoveBackInside" methodname="Combat017_RecoveredBodyOutsideSpacingBoundsCanMoveBackInside" classname="CrowdPunch.Tests.NavigationSystemTests" runstate="Runnable" seed="1312652981" result="Passed" start-time="2026-09-24 19:00:37Z" end-time="2026-09-24 19:00:37Z" duration="0.006335" asserts="0">
              <properties>
                <property name="retryIteration" value="0" />
                <property name="repeatIteration" value="0" />
              </properties>
            </test-case>
            <test-suite type="ParameterizedMethod" id="1204" name="Combat017_RoundEscapeChecksWholeSweepAndRetainsObstacleBlocking" fullname="CrowdPunch.Tests.NavigationSystemTests.Combat017_RoundEscapeChecksWholeSweepAndRetainsObstacleBlocking" classname="CrowdPunch.Tests.NavigationSystemTests" runstate="Runnable" testcasecount="6" result="Passed" start-time="2026-09-24 19:00:37Z" end-time="2026-09-24 19:00:37Z" duration="0.002133" total="6" passed="6" failed="0" inconclusive="0" skipped="0" asserts="0">
              <properties />
              <test-case id="1198" name="Combat017_RoundEscapeChecksWholeSweepAndRetainsObstacleBlocking(-0.4f,-0.4f,-2.0f,-2.0f,False)" fullname="CrowdPunch.Tests.NavigationSystemTests.Combat017_RoundEscapeChecksWholeSweepAndRetainsObstacleBlocking(-0.4f,-0.4f,-2.0f,-2.0f,False)" methodname="Combat017_RoundEscapeChecksWholeSweepAndRetainsObstacleBlocking" classname="CrowdPunch.Tests.NavigationSystemTests" runstate="Runnable" seed="487699194" result="Passed" start-time="2026-09-24 19:00:37Z" end-time="2026-09-24 19:00:37Z" duration="0.000465" asserts="0">
                <properties>
                  <property name="retryIteration" value="0" />
                  <property name="repeatIteration" value="0" />
                </properties>
              </test-case>
              <test-case id="1199" name="Combat017_RoundEscapeChecksWholeSweepAndRetainsObstacleBlocking(-0.4f,-0.4f,2.0f,2.0f,True)" fullname="CrowdPunch.Tests.NavigationSystemTests.Combat017_RoundEscapeChecksWholeSweepAndRetainsObstacleBlocking(-0.4f,-0.4f,2.0f,2.0f,True)" methodname="Combat017_RoundEscapeChecksWholeSweepAndRetainsObstacleBlocking" classname="CrowdPunch.Tests.NavigationSystemTests" runstate="Runnable" seed="886155189" result="Passed" start-time="2026-09-24 19:00:37Z" end-time="2026-09-24 19:00:37Z" duration="0.000081" asserts="0">
                <properties>
                  <property name="retryIteration" value="0" />
                  <property name="repeatIteration" value="0" />
                </properties>
              </test-case>
              <test-case id="1200" name="Combat017_RoundEscapeChecksWholeSweepAndRetainsObstacleBlocking(-1.0f,-0.1f,0.1f,-1.0f,False)" fullname="CrowdPunch.Tests.NavigationSystemTests.Combat017_RoundEscapeChecksWholeSweepAndRetainsObstacleBlocking(-1.0f,-0.1f,0.1f,-1.0f,False)" methodname="Combat017_RoundEscapeChecksWholeSweepAndRetainsObstacleBlocking" classname="CrowdPunch.Tests.NavigationSystemTests" runstate="Runnable" seed="860241135" result="Passed" start-time="2026-09-24 19:00:37Z" end-time="2026-09-24 19:00:37Z" duration="0.000062" asserts="0">
                <properties>
                  <property name="retryIteration" value="0" />
                  <property name="repeatIteration" value="0" />
                </properties>
              </test-case>
              <test-case id="1201" name="Combat017_RoundEscapeChecksWholeSweepAndRetainsObstacleBlocking(-1.0f,-0.1f,0.1f,-0.1f,True)" fullname="CrowdPunch.Tests.NavigationSystemTests.Combat017_RoundEscapeChecksWholeSweepAndRetainsObstacleBlocking(-1.0f,-0.1f,0.1f,-0.1f,True)" methodname="Combat017_RoundEscapeChecksWholeSweepAndRetainsObstacleBlocking" classname="CrowdPunch.Tests.NavigationSystemTests" runstate="Runnable" seed="1633057824" result="Passed" start-time="2026-09-24 19:00:37Z" end-time="2026-09-24 19:00:37Z" duration="0.000056" asserts="0">
                <properties>
                  <property name="retryIteration" value="0" />
                  <property name="repeatIteration" value="0" />
                </properties>
              </test-case>
              <test-case id="1202" name="Combat017_RoundEscapeChecksWholeSweepAndRetainsObstacleBlocking(-0.3f,-0.3f,-2.0f,-2.0f,True)" fullname="CrowdPunch.Tests.NavigationSystemTests.Combat017_RoundEscapeChecksWholeSweepAndRetainsObstacleBlocking(-0.3f,-0.3f,-2.0f,-2.0f,True)" methodname="Combat017_RoundEscapeChecksWholeSweepAndRetainsObstacleBlocking" classname="CrowdPunch.Tests.NavigationSystemTests" runstate="Runnable" seed="290821477" result="Passed" start-time="2026-09-24 19:00:37Z" end-time="2026-09-24 19:00:37Z" duration="0.000055" asserts="0">
                <properties>
                  <property name="retryIteration" value="0" />
                  <property name="repeatIteration" value="0" />
                </properties>
              </test-case>
              <test-case id="1203" name="Combat017_RoundEscapeChecksWholeSweepAndRetainsObstacleBlocking(-2.0f,-0.5f,2.0f,-0.5f,True)" fullname="CrowdPunch.Tests.NavigationSystemTests.Combat017_RoundEscapeChecksWholeSweepAndRetainsObstacleBlocking(-2.0f,-0.5f,2.0f,-0.5f,True)" methodname="Combat017_RoundEscapeChecksWholeSweepAndRetainsObstacleBlocking" classname="CrowdPunch.Tests.NavigationSystemTests" runstate="Runnable" seed="1045741990" result="Passed" start-time="2026-09-24 19:00:37Z" end-time="2026-09-24 19:00:37Z" duration="0.000048" asserts="0">
                <properties>
                  <property name="retryIteration" value="0" />
                  <property name="repeatIteration" value="0" />
                </properties>
              </test-case>
            </test-suite>
            <test-case id="1197" name="Enemy009_PausedGauntlet07ProjectileEscapesConservativeObstacleCorner" fullname="CrowdPunch.Tests.NavigationSystemTests.Enemy009_PausedGauntlet07ProjectileEscapesConservativeObstacleCorner" methodname="Enemy009_PausedGauntlet07ProjectileEscapesConservativeObstacleCorner" classname="CrowdPunch.Tests.NavigationSystemTests" runstate="Runnable" seed="339672840" result="Passed" start-time="2026-09-24 19:00:37Z" end-time="2026-09-24 19:00:37Z" duration="0.012728" asserts="0">
              <properties>
                <property name="retryIteration" value="0" />
                <property name="repeatIteration" value="0" />
              </properties>
            </test-case>
            <test-case id="1210" name="ImpossibleSetupRetriesAfterCooldownWithoutPretendingToArrive" fullname="CrowdPunch.Tests.NavigationSystemTests.ImpossibleSetupRetriesAfterCooldownWithoutPretendingToArrive" methodname="ImpossibleSetupRetriesAfterCooldownWithoutPretendingToArrive" classname="CrowdPunch.Tests.NavigationSystemTests" runstate="Runnable" seed="1598307657" result="Passed" start-time="2026-09-24 19:00:37Z" end-time="2026-09-24 19:00:37Z" duration="0.005683" asserts="0">
              <properties>
                <property name="retryIteration" value="0" />
                <property name="repeatIteration" value="0" />
              </properties>
            </test-case>
            <test-case id="1209" name="PoolingAndSceneReloadInvalidateSearchAndResumeFromActualPosition" fullname="CrowdPunch.Tests.NavigationSystemTests.PoolingAndSceneReloadInvalidateSearchAndResumeFromActualPosition" methodname="PoolingAndSceneReloadInvalidateSearchAndResumeFromActualPosition" classname="CrowdPunch.Tests.NavigationSystemTests" runstate="Runnable" seed="229400897" result="Passed" start-time="2026-09-24 19:00:37Z" end-time="2026-09-24 19:00:37Z" duration="0.006195" asserts="0">
              <properties>
                <property name="retryIteration" value="0" />
                <property name="repeatIteration" value="0" />
              </properties>
            </test-case>
            <test-case id="1207" name="SharedFifoCompletesEveryWaitingEnemyWithinGlobalBudget" fullname="CrowdPunch.Tests.NavigationSystemTests.SharedFifoCompletesEveryWaitingEnemyWithinGlobalBudget" methodname="SharedFifoCompletesEveryWaitingEnemyWithinGlobalBudget" classname="CrowdPunch.Tests.NavigationSystemTests" runstate="Runnable" seed="1969684093" result="Passed" start-time="2026-09-24 19:00:37Z" end-time="2026-09-24 19:00:37Z" duration="0.008201" asserts="0">
              <properties>
                <property name="retryIteration" value="0" />
                <property name="repeatIteration" value="0" />
              </properties>
              <output><![CDATA[Saving results to: C:/Users/pc/AppData/LocalLow/DefaultCompany/CrowdPunch\TestResults.xml
]]></output>
            </test-case>
          </test-suite>
        </test-suite>
      </test-suite>
    </test-suite>
  </test-suite>
</test-run>