<?xml version="1.0" encoding="utf-8"?>
<test-run id="2" testcasecount="148" result="Passed" total="148" passed="148" failed="0" inconclusive="0" skipped="0" asserts="0" engine-version="3.5.0.0" clr-version="4.0.30319.42000" start-time="2026-09-25 10:24:56Z" end-time="2026-09-25 10:25:01Z" duration="5.3076884">
  <test-suite type="TestSuite" id="1000" name="CrowdPunch" fullname="CrowdPunch" runstate="Runnable" testcasecount="187" result="Passed" start-time="2026-09-25 10:24:56Z" end-time="2026-09-25 10:25:01Z" duration="5.307688" total="148" passed="148" failed="0" inconclusive="0" skipped="0" asserts="0">
    <properties>
      <property name="platform" value="EditMode" />
    </properties>
    <test-suite type="Assembly" id="1227" name="Assembly-CSharp-Editor.dll" fullname="C:/Users/pc/Documents/CrowdPunch/Library/ScriptAssemblies/Assembly-CSharp-Editor.dll" runstate="Runnable" testcasecount="186" result="Passed" start-time="2026-09-25 10:24:56Z" end-time="2026-09-25 10:25:01Z" duration="5.210323" total="148" passed="148" failed="0" inconclusive="0" skipped="0" asserts="0">
      <properties>
        <property name="_PID" value="14996" />
        <property name="_APPDOMAIN" value="Unity Child Domain" />
        <property name="platform" value="EditMode" />
        <property name="EditorOnly" value="True" />
      </properties>
      <test-suite type="TestSuite" id="1228" name="CrowdPunch" fullname="CrowdPunch" runstate="Runnable" testcasecount="186" result="Passed" start-time="2026-09-25 10:24:56Z" end-time="2026-09-25 10:25:01Z" duration="5.114439" total="148" passed="148" failed="0" inconclusive="0" skipped="0" asserts="0">
        <properties />
        <test-suite type="TestSuite" id="1229" name="Tests" fullname="CrowdPunch.Tests" runstate="Runnable" testcasecount="186" result="Passed" start-time="2026-09-25 10:24:56Z" end-time="2026-09-25 10:25:01Z" duration="5.015186" total="148" passed="148" failed="0" inconclusive="0" skipped="0" asserts="0">
          <properties />
          <test-suite type="TestFixture" id="1001" name="ArmoredEnemyTests" fullname="CrowdPunch.Tests.ArmoredEnemyTests" classname="CrowdPunch.Tests.ArmoredEnemyTests" runstate="Runnable" testcasecount="20" result="Passed" start-time="2026-09-25 10:24:56Z" end-time="2026-09-25 10:24:57Z" duration="0.586459" total="20" passed="20" failed="0" inconclusive="0" skipped="0" asserts="0">
            <properties />
            <test-case id="1011" name="Combat014_UnarmoredPunchAndRepunchReplaceLaunchNormally" fullname="CrowdPunch.Tests.ArmoredEnemyTests.Combat014_UnarmoredPunchAndRepunchReplaceLaunchNormally" methodname="Combat014_UnarmoredPunchAndRepunchReplaceLaunchNormally" classname="CrowdPunch.Tests.ArmoredEnemyTests" runstate="Runnable" seed="1864641877" result="Passed" start-time="2026-09-25 10:24:56Z" end-time="2026-09-25 10:24:57Z" duration="0.234683" asserts="0">
              <properties>
                <property name="retryIteration" value="0" />
                <property name="repeatIteration" value="0" />
              </properties>
            </test-case>
            <test-case id="1017" name="Enemy014_EliteStaleAndAreaPunchesCannotBypassArmor" fullname="CrowdPunch.Tests.ArmoredEnemyTests.Enemy014_EliteStaleAndAreaPunchesCannotBypassArmor" methodname="Enemy014_EliteStaleAndAreaPunchesCannotBypassArmor" classname="CrowdPunch.Tests.ArmoredEnemyTests" runstate="Runnable" seed="1389162356" result="Passed" start-time="2026-09-25 10:24:57Z" end-time="2026-09-25 10:24:57Z" duration="0.001885" asserts="0">
              <properties>
                <property name="retryIteration" value="0" />
                <property name="repeatIteration" value="0" />
              </properties>
            </test-case>
            <test-suite type="ParameterizedMethod" id="1007" name="Enemy014_ExplosiveBodyAndBlastShareIdentityInEitherOrder" fullname="CrowdPunch.Tests.ArmoredEnemyTests.Enemy014_ExplosiveBodyAndBlastShareIdentityInEitherOrder" classname="CrowdPunch.Tests.ArmoredEnemyTests" runstate="Runnable" testcasecount="4" result="Passed" start-time="2026-09-25 10:24:57Z" end-time="2026-09-25 10:24:57Z" duration="0.032350" total="4" passed="4" failed="0" inconclusive="0" skipped="0" asserts="0">
              <properties />
              <test-case id="1003" name="Enemy014_ExplosiveBodyAndBlastShareIdentityInEitherOrder(False,2)" fullname="CrowdPunch.Tests.ArmoredEnemyTests.Enemy014_ExplosiveBodyAndBlastShareIdentityInEitherOrder(False,2)" methodname="Enemy014_ExplosiveBodyAndBlastShareIdentityInEitherOrder" classname="CrowdPunch.Tests.ArmoredEnemyTests" runstate="Runnable" seed="1485294494" result="Passed" start-time="2026-09-25 10:24:57Z" end-time="2026-09-25 10:24:57Z" duration="0.023165" asserts="0">
                <properties>
                  <property name="retryIteration" value="0" />
                  <property name="repeatIteration" value="0" />
                </properties>
              </test-case>
              <test-case id="1004" name="Enemy014_ExplosiveBodyAndBlastShareIdentityInEitherOrder(True,2)" fullname="CrowdPunch.Tests.ArmoredEnemyTests.Enemy014_ExplosiveBodyAndBlastShareIdentityInEitherOrder(True,2)" methodname="Enemy014_ExplosiveBodyAndBlastShareIdentityInEitherOrder" classname="CrowdPunch.Tests.ArmoredEnemyTests" runstate="Runnable" seed="506008743" result="Passed" start-time="2026-09-25 10:24:57Z" end-time="2026-09-25 10:24:57Z" duration="0.002276" asserts="0">
                <properties>
                  <property name="retryIteration" value="0" />
                  <property name="repeatIteration" value="0" />
                </properties>
              </test-case>
              <test-case id="1005" name="Enemy014_ExplosiveBodyAndBlastShareIdentityInEitherOrder(False,1)" fullname="CrowdPunch.Tests.ArmoredEnemyTests.Enemy014_ExplosiveBodyAndBlastShareIdentityInEitherOrder(False,1)" methodname="Enemy014_ExplosiveBodyAndBlastShareIdentityInEitherOrder" classname="CrowdPunch.Tests.ArmoredEnemyTests" runstate="Runnable" seed="1471929588" result="Passed" start-time="2026-09-25 10:24:57Z" end-time="2026-09-25 10:24:57Z" duration="0.001962" asserts="0">
                <properties>
                  <property name="retryIteration" value="0" />
                  <property name="repeatIteration" value="0" />
                </properties>
              </test-case>
              <test-case id="1006" name="Enemy014_ExplosiveBodyAndBlastShareIdentityInEitherOrder(True,1)" fullname="CrowdPunch.Tests.ArmoredEnemyTests.Enemy014_ExplosiveBodyAndBlastShareIdentityInEitherOrder(True,1)" methodname="Enemy014_ExplosiveBodyAndBlastShareIdentityInEitherOrder" classname="CrowdPunch.Tests.ArmoredEnemyTests" runstate="Runnable" seed="1309463972" result="Passed" start-time="2026-09-25 10:24:57Z" end-time="2026-09-25 10:24:57Z" duration="0.001469" asserts="0">
                <properties>
                  <property name="retryIteration" value="0" />
                  <property name="repeatIteration" value="0" />
                </properties>
              </test-case>
            </test-suite>
            <test-suite type="ParameterizedMethod" id="1022" name="Enemy014_GentleDasherCannotStripArmor_BrokenTargetUsesOrdinaryRules" fullname="CrowdPunch.Tests.ArmoredEnemyTests.Enemy014_GentleDasherCannotStripArmor_BrokenTargetUsesOrdinaryRules" classname="CrowdPunch.Tests.ArmoredEnemyTests" runstate="Runnable" testcasecount="2" result="Passed" start-time="2026-09-25 10:24:57Z" end-time="2026-09-25 10:24:57Z" duration="0.077028" total="2" passed="2" failed="0" inconclusive="0" skipped="0" asserts="0">
              <properties />
              <test-case id="1020" name="Enemy014_GentleDasherCannotStripArmor_BrokenTargetUsesOrdinaryRules(2,100)" fullname="CrowdPunch.Tests.ArmoredEnemyTests.Enemy014_GentleDasherCannotStripArmor_BrokenTargetUsesOrdinaryRules(2,100)" methodname="Enemy014_GentleDasherCannotStripArmor_BrokenTargetUsesOrdinaryRules" classname="CrowdPunch.Tests.ArmoredEnemyTests" runstate="Runnable" seed="258010021" result="Passed" start-time="2026-09-25 10:24:57Z" end-time="2026-09-25 10:24:57Z" duration="0.007420" asserts="0">
                <properties>
                  <property name="retryIteration" value="0" />
                  <property name="repeatIteration" value="0" />
                </properties>
              </test-case>
              <test-case id="1021" name="Enemy014_GentleDasherCannotStripArmor_BrokenTargetUsesOrdinaryRules(0,85)" fullname="CrowdPunch.Tests.ArmoredEnemyTests.Enemy014_GentleDasherCannotStripArmor_BrokenTargetUsesOrdinaryRules(0,85)" methodname="Enemy014_GentleDasherCannotStripArmor_BrokenTargetUsesOrdinaryRules" classname="CrowdPunch.Tests.ArmoredEnemyTests" runstate="Runnable" seed="2109668321" result="Passed" start-time="2026-09-25 10:24:57Z" end-time="2026-09-25 10:24:57Z" duration="0.001414" asserts="0">
                <properties>
                  <property name="retryIteration" value="0" />
                  <property name="repeatIteration" value="0" />
                </properties>
              </test-case>
            </test-suite>
            <test-case id="1019" name="Enemy014_HistoryExpiresWithSourceLaunchAndPooling" fullname="CrowdPunch.Tests.ArmoredEnemyTests.Enemy014_HistoryExpiresWithSourceLaunchAndPooling" methodname="Enemy014_HistoryExpiresWithSourceLaunchAndPooling" classname="CrowdPunch.Tests.ArmoredEnemyTests" runstate="Runnable" seed="1005156524" result="Passed" start-time="2026-09-25 10:24:57Z" end-time="2026-09-25 10:24:57Z" duration="0.005083" asserts="0">
              <properties>
                <property name="retryIteration" value="0" />
                <property name="repeatIteration" value="0" />
              </properties>
            </test-case>
            <test-suite type="ParameterizedMethod" id="1016" name="Enemy014_LaunchedDasherStripsArmorRegardlessOfOwner" fullname="CrowdPunch.Tests.ArmoredEnemyTests.Enemy014_LaunchedDasherStripsArmorRegardlessOfOwner" classname="CrowdPunch.Tests.ArmoredEnemyTests" runstate="Runnable" testcasecount="3" result="Passed" start-time="2026-09-25 10:24:57Z" end-time="2026-09-25 10:24:57Z" duration="0.090819" total="3" passed="3" failed="0" inconclusive="0" skipped="0" asserts="0">
              <properties />
              <test-case id="1013" name="Enemy014_LaunchedDasherStripsArmorRegardlessOfOwner(Player)" fullname="CrowdPunch.Tests.ArmoredEnemyTests.Enemy014_LaunchedDasherStripsArmorRegardlessOfOwner(Player)" methodname="Enemy014_LaunchedDasherStripsArmorRegardlessOfOwner" classname="CrowdPunch.Tests.ArmoredEnemyTests" runstate="Runnable" seed="522689587" result="Passed" start-time="2026-09-25 10:24:57Z" end-time="2026-09-25 10:24:57Z" duration="0.002231" asserts="0">
                <properties>
                  <property name="retryIteration" value="0" />
                  <property name="repeatIteration" value="0" />
                </properties>
              </test-case>
              <test-case id="1014" name="Enemy014_LaunchedDasherStripsArmorRegardlessOfOwner(Enemy)" fullname="CrowdPunch.Tests.ArmoredEnemyTests.Enemy014_LaunchedDasherStripsArmorRegardlessOfOwner(Enemy)" methodname="Enemy014_LaunchedDasherStripsArmorRegardlessOfOwner" classname="CrowdPunch.Tests.ArmoredEnemyTests" runstate="Runnable" seed="767182941" result="Passed" start-time="2026-09-25 10:24:57Z" end-time="2026-09-25 10:24:57Z" duration="0.001389" asserts="0">
                <properties>
                  <property name="retryIteration" value="0" />
                  <property name="repeatIteration" value="0" />
                </properties>
              </test-case>
              <test-case id="1015" name="Enemy014_LaunchedDasherStripsArmorRegardlessOfOwner(Boss)" fullname="CrowdPunch.Tests.ArmoredEnemyTests.Enemy014_LaunchedDasherStripsArmorRegardlessOfOwner(Boss)" methodname="Enemy014_LaunchedDasherStripsArmorRegardlessOfOwner" classname="CrowdPunch.Tests.ArmoredEnemyTests" runstate="Runnable" seed="1274633837" result="Passed" start-time="2026-09-25 10:24:57Z" end-time="2026-09-25 10:24:57Z" duration="0.001179" asserts="0">
                <properties>
                  <property name="retryIteration" value="0" />
                  <property name="repeatIteration" value="0" />
                </properties>
              </test-case>
            </test-suite>
            <test-case id="1008" name="Enemy014_LaunchPairAndInvulnerabilityConsumeBurstContacts" fullname="CrowdPunch.Tests.ArmoredEnemyTests.Enemy014_LaunchPairAndInvulnerabilityConsumeBurstContacts" methodname="Enemy014_LaunchPairAndInvulnerabilityConsumeBurstContacts" classname="CrowdPunch.Tests.ArmoredEnemyTests" runstate="Runnable" seed="1245517859" result="Passed" start-time="2026-09-25 10:24:57Z" end-time="2026-09-25 10:24:57Z" duration="0.001058" asserts="0">
              <properties>
                <property name="retryIteration" value="0" />
                <property name="repeatIteration" value="0" />
              </properties>
            </test-case>
            <test-case id="1010" name="Enemy014_OrdinaryDamageBlockedAndBreakingProtectionSurvivesTransition" fullname="CrowdPunch.Tests.ArmoredEnemyTests.Enemy014_OrdinaryDamageBlockedAndBreakingProtectionSurvivesTransition" methodname="Enemy014_OrdinaryDamageBlockedAndBreakingProtectionSurvivesTransition" classname="CrowdPunch.Tests.ArmoredEnemyTests" runstate="Runnable" seed="647060131" result="Passed" start-time="2026-09-25 10:24:57Z" end-time="2026-09-25 10:24:57Z" duration="0.001639" asserts="0">
              <properties>
                <property name="retryIteration" value="0" />
                <property name="repeatIteration" value="0" />
              </properties>
            </test-case>
            <test-case id="1023" name="Enemy014_PoolingRestoresArmorAndClearsHistory" fullname="CrowdPunch.Tests.ArmoredEnemyTests.Enemy014_PoolingRestoresArmorAndClearsHistory" methodname="Enemy014_PoolingRestoresArmorAndClearsHistory" classname="CrowdPunch.Tests.ArmoredEnemyTests" runstate="Runnable" seed="1328133265" result="Passed" start-time="2026-09-25 10:24:57Z" end-time="2026-09-25 10:24:57Z" duration="0.013333" asserts="0">
              <properties>
                <property name="retryIteration" value="0" />
                <property name="repeatIteration" value="0" />
              </properties>
            </test-case>
            <test-case id="1018" name="Enemy014_StaggerPreservesRecoilThenMovementResumes" fullname="CrowdPunch.Tests.ArmoredEnemyTests.Enemy014_StaggerPreservesRecoilThenMovementResumes" methodname="Enemy014_StaggerPreservesRecoilThenMovementResumes" classname="CrowdPunch.Tests.ArmoredEnemyTests" runstate="Runnable" seed="898227844" result="Passed" start-time="2026-09-25 10:24:57Z" end-time="2026-09-25 10:24:57Z" duration="0.005019" asserts="0">
              <properties>
                <property name="retryIteration" value="0" />
                <property name="repeatIteration" value="0" />
              </properties>
            </test-case>
            <test-case id="1002" name="Enemy014_TwoShieldsAbsorbHits_NextExplosionLaunchesAndDamagesOnce" fullname="CrowdPunch.Tests.ArmoredEnemyTests.Enemy014_TwoShieldsAbsorbHits_NextExplosionLaunchesAndDamagesOnce" methodname="Enemy014_TwoShieldsAbsorbHits_NextExplosionLaunchesAndDamagesOnce" classname="CrowdPunch.Tests.ArmoredEnemyTests" runstate="Runnable" seed="1943871173" result="Passed" start-time="2026-09-25 10:24:57Z" end-time="2026-09-25 10:24:57Z" duration="0.007756" asserts="0">
              <properties>
                <property name="retryIteration" value="0" />
                <property name="repeatIteration" value="0" />
              </properties>
            </test-case>
            <test-case id="1024" name="Enemy015_OnlyProtectedLivingOwnedEnemiesNeedAmmunition" fullname="CrowdPunch.Tests.ArmoredEnemyTests.Enemy015_OnlyProtectedLivingOwnedEnemiesNeedAmmunition" methodname="Enemy015_OnlyProtectedLivingOwnedEnemiesNeedAmmunition" classname="CrowdPunch.Tests.ArmoredEnemyTests" runstate="Runnable" seed="2000894238" result="Passed" start-time="2026-09-25 10:24:57Z" end-time="2026-09-25 10:24:57Z" duration="0.003264" asserts="0">
              <properties>
                <property name="retryIteration" value="0" />
                <property name="repeatIteration" value="0" />
              </properties>
            </test-case>
            <test-case id="1012" name="Player004_ArmorRemainsAnAssistTargetForOtherBodies" fullname="CrowdPunch.Tests.ArmoredEnemyTests.Player004_ArmorRemainsAnAssistTargetForOtherBodies" methodname="Player004_ArmorRemainsAnAssistTargetForOtherBodies" classname="CrowdPunch.Tests.ArmoredEnemyTests" runstate="Runnable" seed="1518152846" result="Passed" start-time="2026-09-25 10:24:57Z" end-time="2026-09-25 10:24:57Z" duration="0.002337" asserts="0">
              <properties>
                <property name="retryIteration" value="0" />
                <property name="repeatIteration" value="0" />
              </properties>
            </test-case>
            <test-case id="1009" name="Player009_ProtectedPunchConfirmsConnectionWithoutAnyGameplayEffect" fullname="CrowdPunch.Tests.ArmoredEnemyTests.Player009_ProtectedPunchConfirmsConnectionWithoutAnyGameplayEffect" methodname="Player009_ProtectedPunchConfirmsConnectionWithoutAnyGameplayEffect" classname="CrowdPunch.Tests.ArmoredEnemyTests" runstate="Runnable" seed="959668258" result="Passed" start-time="2026-09-25 10:24:57Z" end-time="2026-09-25 10:24:57Z" duration="0.003687" asserts="0">
              <properties>
                <property name="retryIteration" value="0" />
                <property name="repeatIteration" value="0" />
              </properties>
            </test-case>
          </test-suite>
          <test-suite type="TestFixture" id="1025" name="ArmoredShieldIndicatorTests" fullname="CrowdPunch.Tests.ArmoredShieldIndicatorTests" classname="CrowdPunch.Tests.ArmoredShieldIndicatorTests" runstate="Runnable" testcasecount="1" result="Passed" start-time="2026-09-25 10:24:57Z" end-time="2026-09-25 10:24:57Z" duration="0.086480" total="1" passed="1" failed="0" inconclusive="0" skipped="0" asserts="0">
            <properties />
            <test-case id="1026" name="Enemy014_IndicatorTracksStagesAndHidesForBreakAndPooling" fullname="CrowdPunch.Tests.ArmoredShieldIndicatorTests.Enemy014_IndicatorTracksStagesAndHidesForBreakAndPooling" methodname="Enemy014_IndicatorTracksStagesAndHidesForBreakAndPooling" classname="CrowdPunch.Tests.ArmoredShieldIndicatorTests" runstate="Runnable" seed="1034418787" result="Passed" start-time="2026-09-25 10:24:57Z" end-time="2026-09-25 10:24:57Z" duration="0.032506" asserts="0">
              <properties>
                <property name="retryIteration" value="0" />
                <property name="repeatIteration" value="0" />
              </properties>
            </test-case>
          </test-suite>
          <test-suite type="TestFixture" id="1027" name="BossEncounterTests" fullname="CrowdPunch.Tests.BossEncounterTests" classname="CrowdPunch.Tests.BossEncounterTests" runstate="Runnable" testcasecount="27" result="Passed" start-time="2026-09-25 10:24:57Z" end-time="2026-09-25 10:24:58Z" duration="0.568057" total="27" passed="27" failed="0" inconclusive="0" skipped="0" asserts="0">
            <properties />
            <test-suite type="ParameterizedMethod" id="1042" name="Boss001_DasherUsesSameEligibilityAndInvulnerability" fullname="CrowdPunch.Tests.BossEncounterTests.Boss001_DasherUsesSameEligibilityAndInvulnerability" classname="CrowdPunch.Tests.BossEncounterTests" runstate="Runnable" testcasecount="3" result="Passed" start-time="2026-09-25 10:24:57Z" end-time="2026-09-25 10:24:57Z" duration="0.109610" total="3" passed="3" failed="0" inconclusive="0" skipped="0" asserts="0">
              <properties />
              <test-case id="1039" name="Boss001_DasherUsesSameEligibilityAndInvulnerability(Player,True)" fullname="CrowdPunch.Tests.BossEncounterTests.Boss001_DasherUsesSameEligibilityAndInvulnerability(Player,True)" methodname="Boss001_DasherUsesSameEligibilityAndInvulnerability" classname="CrowdPunch.Tests.BossEncounterTests" runstate="Runnable" seed="1090986337" result="Passed" start-time="2026-09-25 10:24:57Z" end-time="2026-09-25 10:24:57Z" duration="0.008084" asserts="0">
                <properties>
                  <property name="retryIteration" value="0" />
                  <property name="repeatIteration" value="0" />
                </properties>
              </test-case>
              <test-case id="1040" name="Boss001_DasherUsesSameEligibilityAndInvulnerability(Boss,False)" fullname="CrowdPunch.Tests.BossEncounterTests.Boss001_DasherUsesSameEligibilityAndInvulnerability(Boss,False)" methodname="Boss001_DasherUsesSameEligibilityAndInvulnerability" classname="CrowdPunch.Tests.BossEncounterTests" runstate="Runnable" seed="1638160975" result="Passed" start-time="2026-09-25 10:24:57Z" end-time="2026-09-25 10:24:57Z" duration="0.001145" asserts="0">
                <properties>
                  <property name="retryIteration" value="0" />
                  <property name="repeatIteration" value="0" />
                </properties>
              </test-case>
              <test-case id="1041" name="Boss001_DasherUsesSameEligibilityAndInvulnerability(Enemy,False)" fullname="CrowdPunch.Tests.BossEncounterTests.Boss001_DasherUsesSameEligibilityAndInvulnerability(Enemy,False)" methodname="Boss001_DasherUsesSameEligibilityAndInvulnerability" classname="CrowdPunch.Tests.BossEncounterTests" runstate="Runnable" seed="1096904163" result="Passed" start-time="2026-09-25 10:24:57Z" end-time="2026-09-25 10:24:57Z" duration="0.000889" asserts="0">
                <properties>
                  <property name="retryIteration" value="0" />
                  <property name="repeatIteration" value="0" />
                </properties>
              </test-case>
            </test-suite>
            <test-case id="1057" name="Boss001_ExplosionAndGenericDamageCannotDamageOrLaunchParts" fullname="CrowdPunch.Tests.BossEncounterTests.Boss001_ExplosionAndGenericDamageCannotDamageOrLaunchParts" methodname="Boss001_ExplosionAndGenericDamageCannotDamageOrLaunchParts" classname="CrowdPunch.Tests.BossEncounterTests" runstate="Runnable" seed="1262783555" result="Passed" start-time="2026-09-25 10:24:57Z" end-time="2026-09-25 10:24:57Z" duration="0.002292" asserts="0">
              <properties>
                <property name="retryIteration" value="0" />
                <property name="repeatIteration" value="0" />
              </properties>
            </test-case>
            <test-case id="1033" name="Boss001_ExplosiveBodyContactRequestsOrdinaryDetonationOnlyWhileLaunched" fullname="CrowdPunch.Tests.BossEncounterTests.Boss001_ExplosiveBodyContactRequestsOrdinaryDetonationOnlyWhileLaunched" methodname="Boss001_ExplosiveBodyContactRequestsOrdinaryDetonationOnlyWhileLaunched" classname="CrowdPunch.Tests.BossEncounterTests" runstate="Runnable" seed="1929584148" result="Passed" start-time="2026-09-25 10:24:57Z" end-time="2026-09-25 10:24:57Z" duration="0.001920" asserts="0">
              <properties>
                <property name="retryIteration" value="0" />
                <property name="repeatIteration" value="0" />
              </properties>
            </test-case>
            <test-case id="1056" name="Boss001_HeadBounceChoosesTheSideAwayFromTheHead" fullname="CrowdPunch.Tests.BossEncounterTests.Boss001_HeadBounceChoosesTheSideAwayFromTheHead" methodname="Boss001_HeadBounceChoosesTheSideAwayFromTheHead" classname="CrowdPunch.Tests.BossEncounterTests" runstate="Runnable" seed="767746831" result="Passed" start-time="2026-09-25 10:24:57Z" end-time="2026-09-25 10:24:57Z" duration="0.002393" asserts="0">
              <properties>
                <property name="retryIteration" value="0" />
                <property name="repeatIteration" value="0" />
              </properties>
            </test-case>
            <test-case id="1055" name="Boss001_HeadBouncePreservesAlreadySafeSolverMotion" fullname="CrowdPunch.Tests.BossEncounterTests.Boss001_HeadBouncePreservesAlreadySafeSolverMotion" methodname="Boss001_HeadBouncePreservesAlreadySafeSolverMotion" classname="CrowdPunch.Tests.BossEncounterTests" runstate="Runnable" seed="831245687" result="Passed" start-time="2026-09-25 10:24:57Z" end-time="2026-09-25 10:24:57Z" duration="0.001291" asserts="0">
              <properties>
                <property name="retryIteration" value="0" />
                <property name="repeatIteration" value="0" />
              </properties>
            </test-case>
            <test-case id="1054" name="Boss001_HeadBounceTurnsAPlayerBoundShotSidewaysWithoutAddingSpeed" fullname="CrowdPunch.Tests.BossEncounterTests.Boss001_HeadBounceTurnsAPlayerBoundShotSidewaysWithoutAddingSpeed" methodname="Boss001_HeadBounceTurnsAPlayerBoundShotSidewaysWithoutAddingSpeed" classname="CrowdPunch.Tests.BossEncounterTests" runstate="Runnable" seed="353138200" result="Passed" start-time="2026-09-25 10:24:57Z" end-time="2026-09-25 10:24:57Z" duration="0.001079" asserts="0">
              <properties>
                <property name="retryIteration" value="0" />
                <property name="repeatIteration" value="0" />
              </properties>
            </test-case>
            <test-case id="1038" name="Boss001_InvulnerabilityAndDuplicateContactsNeverBecomeDelayedDamage" fullname="CrowdPunch.Tests.BossEncounterTests.Boss001_InvulnerabilityAndDuplicateContactsNeverBecomeDelayedDamage" methodname="Boss001_InvulnerabilityAndDuplicateContactsNeverBecomeDelayedDamage" classname="CrowdPunch.Tests.BossEncounterTests" runstate="Runnable" seed="210190169" result="Passed" start-time="2026-09-25 10:24:57Z" end-time="2026-09-25 10:24:57Z" duration="0.001195" asserts="0">
              <properties>
                <property name="retryIteration" value="0" />
                <property name="repeatIteration" value="0" />
              </properties>
            </test-case>
            <test-suite type="ParameterizedMethod" id="1031" name="Boss001_NonPlayerBodiesAndDescendantsCannotDamageHead" fullname="CrowdPunch.Tests.BossEncounterTests.Boss001_NonPlayerBodiesAndDescendantsCannotDamageHead" classname="CrowdPunch.Tests.BossEncounterTests" runstate="Runnable" testcasecount="3" result="Passed" start-time="2026-09-25 10:24:57Z" end-time="2026-09-25 10:24:57Z" duration="0.082851" total="3" passed="3" failed="0" inconclusive="0" skipped="0" asserts="0">
              <properties />
              <test-case id="1028" name="Boss001_NonPlayerBodiesAndDescendantsCannotDamageHead(ElitePunch)" fullname="CrowdPunch.Tests.BossEncounterTests.Boss001_NonPlayerBodiesAndDescendantsCannotDamageHead(ElitePunch)" methodname="Boss001_NonPlayerBodiesAndDescendantsCannotDamageHead" classname="CrowdPunch.Tests.BossEncounterTests" runstate="Runnable" seed="627096865" result="Passed" start-time="2026-09-25 10:24:57Z" end-time="2026-09-25 10:24:57Z" duration="0.001465" asserts="0">
                <properties>
                  <property name="retryIteration" value="0" />
                  <property name="repeatIteration" value="0" />
                </properties>
              </test-case>
              <test-case id="1029" name="Boss001_NonPlayerBodiesAndDescendantsCannotDamageHead(BossAttack)" fullname="CrowdPunch.Tests.BossEncounterTests.Boss001_NonPlayerBodiesAndDescendantsCannotDamageHead(BossAttack)" methodname="Boss001_NonPlayerBodiesAndDescendantsCannotDamageHead" classname="CrowdPunch.Tests.BossEncounterTests" runstate="Runnable" seed="1070384226" result="Passed" start-time="2026-09-25 10:24:57Z" end-time="2026-09-25 10:24:57Z" duration="0.000962" asserts="0">
                <properties>
                  <property name="retryIteration" value="0" />
                  <property name="repeatIteration" value="0" />
                </properties>
              </test-case>
              <test-case id="1030" name="Boss001_NonPlayerBodiesAndDescendantsCannotDamageHead(Explosion)" fullname="CrowdPunch.Tests.BossEncounterTests.Boss001_NonPlayerBodiesAndDescendantsCannotDamageHead(Explosion)" methodname="Boss001_NonPlayerBodiesAndDescendantsCannotDamageHead" classname="CrowdPunch.Tests.BossEncounterTests" runstate="Runnable" seed="460248122" result="Passed" start-time="2026-09-25 10:24:57Z" end-time="2026-09-25 10:24:57Z" duration="0.000929" asserts="0">
                <properties>
                  <property name="retryIteration" value="0" />
                  <property name="repeatIteration" value="0" />
                </properties>
              </test-case>
            </test-suite>
            <test-case id="1032" name="Boss001_PlayerPropagationRemainsEligible" fullname="CrowdPunch.Tests.BossEncounterTests.Boss001_PlayerPropagationRemainsEligible" methodname="Boss001_PlayerPropagationRemainsEligible" classname="CrowdPunch.Tests.BossEncounterTests" runstate="Runnable" seed="2037930464" result="Passed" start-time="2026-09-25 10:24:57Z" end-time="2026-09-25 10:24:57Z" duration="0.001175" asserts="0">
              <properties>
                <property name="retryIteration" value="0" />
                <property name="repeatIteration" value="0" />
              </properties>
            </test-case>
            <test-case id="1058" name="Boss001_RangedProjectileCrossingHeadCannotDamageIt" fullname="CrowdPunch.Tests.BossEncounterTests.Boss001_RangedProjectileCrossingHeadCannotDamageIt" methodname="Boss001_RangedProjectileCrossingHeadCannotDamageIt" classname="CrowdPunch.Tests.BossEncounterTests" runstate="Runnable" seed="1699665949" result="Passed" start-time="2026-09-25 10:24:57Z" end-time="2026-09-25 10:24:57Z" duration="0.007340" asserts="0">
              <properties>
                <property name="retryIteration" value="0" />
                <property name="repeatIteration" value="0" />
              </properties>
            </test-case>
            <test-suite type="ParameterizedMethod" id="1053" name="Boss002_AttackLocksThePlayersPositionAcrossTheCourt" fullname="CrowdPunch.Tests.BossEncounterTests.Boss002_AttackLocksThePlayersPositionAcrossTheCourt" classname="CrowdPunch.Tests.BossEncounterTests" runstate="Runnable" testcasecount="3" result="Passed" start-time="2026-09-25 10:24:57Z" end-time="2026-09-25 10:24:57Z" duration="0.103670" total="3" passed="3" failed="0" inconclusive="0" skipped="0" asserts="0">
              <properties />
              <test-case id="1050" name="Boss002_AttackLocksThePlayersPositionAcrossTheCourt(0)" fullname="CrowdPunch.Tests.BossEncounterTests.Boss002_AttackLocksThePlayersPositionAcrossTheCourt(0)" methodname="Boss002_AttackLocksThePlayersPositionAcrossTheCourt" classname="CrowdPunch.Tests.BossEncounterTests" runstate="Runnable" seed="767278999" result="Passed" start-time="2026-09-25 10:24:57Z" end-time="2026-09-25 10:24:57Z" duration="0.012435" asserts="0">
                <properties>
                  <property name="retryIteration" value="0" />
                  <property name="repeatIteration" value="0" />
                </properties>
              </test-case>
              <test-case id="1051" name="Boss002_AttackLocksThePlayersPositionAcrossTheCourt(1)" fullname="CrowdPunch.Tests.BossEncounterTests.Boss002_AttackLocksThePlayersPositionAcrossTheCourt(1)" methodname="Boss002_AttackLocksThePlayersPositionAcrossTheCourt" classname="CrowdPunch.Tests.BossEncounterTests" runstate="Runnable" seed="437376583" result="Passed" start-time="2026-09-25 10:24:57Z" end-time="2026-09-25 10:24:57Z" duration="0.002454" asserts="0">
                <properties>
                  <property name="retryIteration" value="0" />
                  <property name="repeatIteration" value="0" />
                </properties>
              </test-case>
              <test-case id="1052" name="Boss002_AttackLocksThePlayersPositionAcrossTheCourt(2)" fullname="CrowdPunch.Tests.BossEncounterTests.Boss002_AttackLocksThePlayersPositionAcrossTheCourt(2)" methodname="Boss002_AttackLocksThePlayersPositionAcrossTheCourt" classname="CrowdPunch.Tests.BossEncounterTests" runstate="Runnable" seed="928857331" result="Passed" start-time="2026-09-25 10:24:57Z" end-time="2026-09-25 10:24:57Z" duration="0.001978" asserts="0">
                <properties>
                  <property name="retryIteration" value="0" />
                  <property name="repeatIteration" value="0" />
                </properties>
              </test-case>
            </test-suite>
            <test-suite type="ParameterizedMethod" id="1037" name="Boss002_PlayerPunchCannotAffectParts" fullname="CrowdPunch.Tests.BossEncounterTests.Boss002_PlayerPunchCannotAffectParts" classname="CrowdPunch.Tests.BossEncounterTests" runstate="Runnable" testcasecount="2" result="Passed" start-time="2026-09-25 10:24:57Z" end-time="2026-09-25 10:24:58Z" duration="0.084548" total="2" passed="2" failed="0" inconclusive="0" skipped="0" asserts="0">
              <properties />
              <test-case id="1035" name="Boss002_PlayerPunchCannotAffectParts(Head)" fullname="CrowdPunch.Tests.BossEncounterTests.Boss002_PlayerPunchCannotAffectParts(Head)" methodname="Boss002_PlayerPunchCannotAffectParts" classname="CrowdPunch.Tests.BossEncounterTests" runstate="Runnable" seed="1531585824" result="Passed" start-time="2026-09-25 10:24:58Z" end-time="2026-09-25 10:24:58Z" duration="0.001606" asserts="0">
                <properties>
                  <property name="retryIteration" value="0" />
                  <property name="repeatIteration" value="0" />
                </properties>
              </test-case>
              <test-case id="1036" name="Boss002_PlayerPunchCannotAffectParts(LeftHand)" fullname="CrowdPunch.Tests.BossEncounterTests.Boss002_PlayerPunchCannotAffectParts(LeftHand)" methodname="Boss002_PlayerPunchCannotAffectParts" classname="CrowdPunch.Tests.BossEncounterTests" runstate="Runnable" seed="473620740" result="Passed" start-time="2026-09-25 10:24:58Z" end-time="2026-09-25 10:24:58Z" duration="0.001030" asserts="0">
                <properties>
                  <property name="retryIteration" value="0" />
                  <property name="repeatIteration" value="0" />
                </properties>
              </test-case>
            </test-suite>
            <test-case id="1043" name="Boss002_StaggerInterruptsActiveStrikeAndHasRepeatProtection" fullname="CrowdPunch.Tests.BossEncounterTests.Boss002_StaggerInterruptsActiveStrikeAndHasRepeatProtection" methodname="Boss002_StaggerInterruptsActiveStrikeAndHasRepeatProtection" classname="CrowdPunch.Tests.BossEncounterTests" runstate="Runnable" seed="1263702033" result="Passed" start-time="2026-09-25 10:24:58Z" end-time="2026-09-25 10:24:58Z" duration="0.001253" asserts="0">
              <properties>
                <property name="retryIteration" value="0" />
                <property name="repeatIteration" value="0" />
              </properties>
            </test-case>
            <test-case id="1034" name="Boss003_RealFreshPunchReclaimsBossBodyAndReplacesMomentum" fullname="CrowdPunch.Tests.BossEncounterTests.Boss003_RealFreshPunchReclaimsBossBodyAndReplacesMomentum" methodname="Boss003_RealFreshPunchReclaimsBossBodyAndReplacesMomentum" classname="CrowdPunch.Tests.BossEncounterTests" runstate="Runnable" seed="723832657" result="Passed" start-time="2026-09-25 10:24:58Z" end-time="2026-09-25 10:24:58Z" duration="0.001157" asserts="0">
              <properties>
                <property name="retryIteration" value="0" />
                <property name="repeatIteration" value="0" />
              </properties>
            </test-case>
            <test-case id="1044" name="Boss004_BurstStopsAtEachThresholdAndCancelsBothHitboxes" fullname="CrowdPunch.Tests.BossEncounterTests.Boss004_BurstStopsAtEachThresholdAndCancelsBothHitboxes" methodname="Boss004_BurstStopsAtEachThresholdAndCancelsBothHitboxes" classname="CrowdPunch.Tests.BossEncounterTests" runstate="Runnable" seed="1869269718" result="Passed" start-time="2026-09-25 10:24:58Z" end-time="2026-09-25 10:24:58Z" duration="0.001548" asserts="0">
              <properties>
                <property name="retryIteration" value="0" />
                <property name="repeatIteration" value="0" />
              </properties>
            </test-case>
            <test-case id="1049" name="Boss005_HandRetargetCannotCarryItsEnlargedColliderOutOfBounds" fullname="CrowdPunch.Tests.BossEncounterTests.Boss005_HandRetargetCannotCarryItsEnlargedColliderOutOfBounds" methodname="Boss005_HandRetargetCannotCarryItsEnlargedColliderOutOfBounds" classname="CrowdPunch.Tests.BossEncounterTests" runstate="Runnable" seed="2120393593" result="Passed" start-time="2026-09-25 10:24:58Z" end-time="2026-09-25 10:24:58Z" duration="0.001318" asserts="0">
              <properties>
                <property name="retryIteration" value="0" />
                <property name="repeatIteration" value="0" />
              </properties>
            </test-case>
            <test-case id="1048" name="Boss005_RoundedPerimeterIsContinuousAndAlwaysInsideBounds" fullname="CrowdPunch.Tests.BossEncounterTests.Boss005_RoundedPerimeterIsContinuousAndAlwaysInsideBounds" methodname="Boss005_RoundedPerimeterIsContinuousAndAlwaysInsideBounds" classname="CrowdPunch.Tests.BossEncounterTests" runstate="Runnable" seed="1592780" result="Passed" start-time="2026-09-25 10:24:58Z" end-time="2026-09-25 10:24:58Z" duration="0.073000" asserts="0">
              <properties>
                <property name="retryIteration" value="0" />
                <property name="repeatIteration" value="0" />
              </properties>
            </test-case>
            <test-case id="1045" name="Boss006_ReplenishmentStopsWithBossDeathAndDoesNotCreateExtraEntities" fullname="CrowdPunch.Tests.BossEncounterTests.Boss006_ReplenishmentStopsWithBossDeathAndDoesNotCreateExtraEntities" methodname="Boss006_ReplenishmentStopsWithBossDeathAndDoesNotCreateExtraEntities" classname="CrowdPunch.Tests.BossEncounterTests" runstate="Runnable" seed="1184617386" result="Passed" start-time="2026-09-25 10:24:58Z" end-time="2026-09-25 10:24:58Z" duration="0.005435" asserts="0">
              <properties>
                <property name="retryIteration" value="0" />
                <property name="repeatIteration" value="0" />
              </properties>
            </test-case>
            <test-case id="1046" name="Boss007_CrowdCompletionCannotWinAndHeadDefeatReportsOnce" fullname="CrowdPunch.Tests.BossEncounterTests.Boss007_CrowdCompletionCannotWinAndHeadDefeatReportsOnce" methodname="Boss007_CrowdCompletionCannotWinAndHeadDefeatReportsOnce" classname="CrowdPunch.Tests.BossEncounterTests" runstate="Runnable" seed="122612909" result="Passed" start-time="2026-09-25 10:24:58Z" end-time="2026-09-25 10:24:58Z" duration="0.006650" asserts="0">
              <properties>
                <property name="retryIteration" value="0" />
                <property name="repeatIteration" value="0" />
              </properties>
            </test-case>
            <test-case id="1047" name="Boss007_RestartClearsAllBossAndCrowdOwnership" fullname="CrowdPunch.Tests.BossEncounterTests.Boss007_RestartClearsAllBossAndCrowdOwnership" methodname="Boss007_RestartClearsAllBossAndCrowdOwnership" classname="CrowdPunch.Tests.BossEncounterTests" runstate="Runnable" seed="860076495" result="Passed" start-time="2026-09-25 10:24:58Z" end-time="2026-09-25 10:24:58Z" duration="0.008356" asserts="0">
              <properties>
                <property name="retryIteration" value="0" />
                <property name="repeatIteration" value="0" />
              </properties>
            </test-case>
          </test-suite>
          <test-suite type="TestFixture" id="1059" name="CombatFeedbackTests" fullname="CrowdPunch.Tests.CombatFeedbackTests" classname="CrowdPunch.Tests.CombatFeedbackTests" runstate="Runnable" testcasecount="6" result="Passed" start-time="2026-09-25 10:24:58Z" end-time="2026-09-25 10:24:58Z" duration="0.016872" total="6" passed="6" failed="0" inconclusive="0" skipped="0" asserts="0">
            <properties />
            <test-case id="1065" name="Combat001TrailPoolClearsOnLaunchEndAndReusesCapacity" fullname="CrowdPunch.Tests.CombatFeedbackTests.Combat001TrailPoolClearsOnLaunchEndAndReusesCapacity" methodname="Combat001TrailPoolClearsOnLaunchEndAndReusesCapacity" classname="CrowdPunch.Tests.CombatFeedbackTests" runstate="Runnable" seed="316398664" result="Passed" start-time="2026-09-25 10:24:58Z" end-time="2026-09-25 10:24:58Z" duration="0.003557" asserts="0">
              <properties>
                <property name="retryIteration" value="0" />
                <property name="repeatIteration" value="0" />
              </properties>
            </test-case>
            <test-case id="1062" name="Combat014RepunchStartsNewPresentationChainWithoutChangingDamage" fullname="CrowdPunch.Tests.CombatFeedbackTests.Combat014RepunchStartsNewPresentationChainWithoutChangingDamage" methodname="Combat014RepunchStartsNewPresentationChainWithoutChangingDamage" classname="CrowdPunch.Tests.CombatFeedbackTests" runstate="Runnable" seed="2101967161" result="Passed" start-time="2026-09-25 10:24:58Z" end-time="2026-09-25 10:24:58Z" duration="0.000515" asserts="0">
              <properties>
                <property name="retryIteration" value="0" />
                <property name="repeatIteration" value="0" />
              </properties>
            </test-case>
            <test-case id="1064" name="Info004DeformationRestoresAuthoredScaleAndNeverTouchesPhysicsTransform" fullname="CrowdPunch.Tests.CombatFeedbackTests.Info004DeformationRestoresAuthoredScaleAndNeverTouchesPhysicsTransform" methodname="Info004DeformationRestoresAuthoredScaleAndNeverTouchesPhysicsTransform" classname="CrowdPunch.Tests.CombatFeedbackTests" runstate="Runnable" seed="152658233" result="Passed" start-time="2026-09-25 10:24:58Z" end-time="2026-09-25 10:24:58Z" duration="0.007400" asserts="0">
              <properties>
                <property name="retryIteration" value="0" />
                <property name="repeatIteration" value="0" />
              </properties>
            </test-case>
            <test-case id="1061" name="Loop006PauseDuringFreezeNeverCapturesZeroAsResumeScale" fullname="CrowdPunch.Tests.CombatFeedbackTests.Loop006PauseDuringFreezeNeverCapturesZeroAsResumeScale" methodname="Loop006PauseDuringFreezeNeverCapturesZeroAsResumeScale" classname="CrowdPunch.Tests.CombatFeedbackTests" runstate="Runnable" seed="940693655" result="Passed" start-time="2026-09-25 10:24:58Z" end-time="2026-09-25 10:24:58Z" duration="0.001621" asserts="0">
              <properties>
                <property name="retryIteration" value="0" />
                <property name="repeatIteration" value="0" />
              </properties>
            </test-case>
            <test-case id="1060" name="Player009FreezeAndExceptionalSlowMotionExpireIndependently" fullname="CrowdPunch.Tests.CombatFeedbackTests.Player009FreezeAndExceptionalSlowMotionExpireIndependently" methodname="Player009FreezeAndExceptionalSlowMotionExpireIndependently" classname="CrowdPunch.Tests.CombatFeedbackTests" runstate="Runnable" seed="1291814645" result="Passed" start-time="2026-09-25 10:24:58Z" end-time="2026-09-25 10:24:58Z" duration="0.000211" asserts="0">
              <properties>
                <property name="retryIteration" value="0" />
                <property name="repeatIteration" value="0" />
              </properties>
            </test-case>
            <test-case id="1063" name="Vision005MailboxRetainsPunchAndRejectsSustainedContact" fullname="CrowdPunch.Tests.CombatFeedbackTests.Vision005MailboxRetainsPunchAndRejectsSustainedContact" methodname="Vision005MailboxRetainsPunchAndRejectsSustainedContact" classname="CrowdPunch.Tests.CombatFeedbackTests" runstate="Runnable" seed="587758516" result="Passed" start-time="2026-09-25 10:24:58Z" end-time="2026-09-25 10:24:58Z" duration="0.000462" asserts="0">
              <properties>
                <property name="retryIteration" value="0" />
                <property name="repeatIteration" value="0" />
              </properties>
            </test-case>
          </test-suite>
          <test-suite type="TestFixture" id="1066" name="DasherObstacleRedirectTests" fullname="CrowdPunch.Tests.DasherObstacleRedirectTests" classname="CrowdPunch.Tests.DasherObstacleRedirectTests" runstate="Runnable" testcasecount="2" result="Passed" start-time="2026-09-25 10:24:58Z" end-time="2026-09-25 10:24:58Z" duration="0.085727" total="2" passed="2" failed="0" inconclusive="0" skipped="0" asserts="0">
            <properties />
            <test-case id="1068" name="Enemy005HeadOnObstacleRedirectReflectsWhenSolverStopsHorizontalMotion" fullname="CrowdPunch.Tests.DasherObstacleRedirectTests.Enemy005HeadOnObstacleRedirectReflectsWhenSolverStopsHorizontalMotion" methodname="Enemy005HeadOnObstacleRedirectReflectsWhenSolverStopsHorizontalMotion" classname="CrowdPunch.Tests.DasherObstacleRedirectTests" runstate="Runnable" seed="2124439476" result="Passed" start-time="2026-09-25 10:24:58Z" end-time="2026-09-25 10:24:58Z" duration="0.000594" asserts="0">
              <properties>
                <property name="retryIteration" value="0" />
                <property name="repeatIteration" value="0" />
              </properties>
            </test-case>
            <test-case id="1067" name="Enemy005ObstacleRedirectUsesSolvedLaunchLikeDirection" fullname="CrowdPunch.Tests.DasherObstacleRedirectTests.Enemy005ObstacleRedirectUsesSolvedLaunchLikeDirection" methodname="Enemy005ObstacleRedirectUsesSolvedLaunchLikeDirection" classname="CrowdPunch.Tests.DasherObstacleRedirectTests" runstate="Runnable" seed="848205287" result="Passed" start-time="2026-09-25 10:24:58Z" end-time="2026-09-25 10:24:58Z" duration="0.000260" asserts="0">
              <properties>
                <property name="retryIteration" value="0" />
                <property name="repeatIteration" value="0" />
              </properties>
            </test-case>
          </test-suite>
          <test-suite type="TestFixture" id="1079" name="ElitePunchGeometryTests" fullname="CrowdPunch.Tests.ElitePunchGeometryTests" classname="CrowdPunch.Tests.ElitePunchGeometryTests" runstate="Runnable" testcasecount="25" result="Passed" start-time="2026-09-25 10:24:58Z" end-time="2026-09-25 10:24:58Z" duration="0.303508" total="25" passed="25" failed="0" inconclusive="0" skipped="0" asserts="0">
            <properties />
            <test-case id="1098" name="DesiredPositionIsBehindTargetRelativeToPlayer" fullname="CrowdPunch.Tests.ElitePunchGeometryTests.DesiredPositionIsBehindTargetRelativeToPlayer" methodname="DesiredPositionIsBehindTargetRelativeToPlayer" classname="CrowdPunch.Tests.ElitePunchGeometryTests" runstate="Runnable" seed="243992498" result="Passed" start-time="2026-09-25 10:24:58Z" end-time="2026-09-25 10:24:58Z" duration="0.000410" asserts="0">
              <properties>
                <property name="retryIteration" value="0" />
                <property name="repeatIteration" value="0" />
              </properties>
            </test-case>
            <test-case id="1095" name="ElitePunchRetainsCircularCrossSection" fullname="CrowdPunch.Tests.ElitePunchGeometryTests.ElitePunchRetainsCircularCrossSection" methodname="ElitePunchRetainsCircularCrossSection" classname="CrowdPunch.Tests.ElitePunchGeometryTests" runstate="Runnable" seed="723309356" result="Passed" start-time="2026-09-25 10:24:58Z" end-time="2026-09-25 10:24:58Z" duration="0.000171" asserts="0">
              <properties>
                <property name="retryIteration" value="0" />
                <property name="repeatIteration" value="0" />
              </properties>
            </test-case>
            <test-case id="1105" name="EliteRoutesAroundTargetWhenDirectApproachCrossesIt" fullname="CrowdPunch.Tests.ElitePunchGeometryTests.EliteRoutesAroundTargetWhenDirectApproachCrossesIt" methodname="EliteRoutesAroundTargetWhenDirectApproachCrossesIt" classname="CrowdPunch.Tests.ElitePunchGeometryTests" runstate="Runnable" seed="1544227420" result="Passed" start-time="2026-09-25 10:24:58Z" end-time="2026-09-25 10:24:58Z" duration="0.000651" asserts="0">
              <properties>
                <property name="retryIteration" value="0" />
                <property name="repeatIteration" value="0" />
              </properties>
            </test-case>
            <test-case id="1106" name="EliteUsesDirectApproachWhenTargetDoesNotBlockIt" fullname="CrowdPunch.Tests.ElitePunchGeometryTests.EliteUsesDirectApproachWhenTargetDoesNotBlockIt" methodname="EliteUsesDirectApproachWhenTargetDoesNotBlockIt" classname="CrowdPunch.Tests.ElitePunchGeometryTests" runstate="Runnable" seed="998414479" result="Passed" start-time="2026-09-25 10:24:58Z" end-time="2026-09-25 10:24:58Z" duration="0.000203" asserts="0">
              <properties>
                <property name="retryIteration" value="0" />
                <property name="repeatIteration" value="0" />
              </properties>
            </test-case>
            <test-case id="1085" name="Enemy009_FailedCooldownApproachDoesNotPreventNextReservation" fullname="CrowdPunch.Tests.ElitePunchGeometryTests.Enemy009_FailedCooldownApproachDoesNotPreventNextReservation" methodname="Enemy009_FailedCooldownApproachDoesNotPreventNextReservation" classname="CrowdPunch.Tests.ElitePunchGeometryTests" runstate="Runnable" seed="538437529" result="Passed" start-time="2026-09-25 10:24:58Z" end-time="2026-09-25 10:24:58Z" duration="0.010709" asserts="0">
              <properties>
                <property name="retryIteration" value="0" />
                <property name="repeatIteration" value="0" />
              </properties>
            </test-case>
            <test-case id="1087" name="Enemy009_FailedReservedApproachStillCancelsAndCoolsDown" fullname="CrowdPunch.Tests.ElitePunchGeometryTests.Enemy009_FailedReservedApproachStillCancelsAndCoolsDown" methodname="Enemy009_FailedReservedApproachStillCancelsAndCoolsDown" classname="CrowdPunch.Tests.ElitePunchGeometryTests" runstate="Runnable" seed="1231129417" result="Passed" start-time="2026-09-25 10:24:58Z" end-time="2026-09-25 10:24:58Z" duration="0.002279" asserts="0">
              <properties>
                <property name="retryIteration" value="0" />
                <property name="repeatIteration" value="0" />
              </properties>
            </test-case>
            <test-case id="1080" name="Enemy009_ProjectileMovesBeyondLocalSamplesToClearLongObstacleBeforeEliteApproaches" fullname="CrowdPunch.Tests.ElitePunchGeometryTests.Enemy009_ProjectileMovesBeyondLocalSamplesToClearLongObstacleBeforeEliteApproaches" methodname="Enemy009_ProjectileMovesBeyondLocalSamplesToClearLongObstacleBeforeEliteApproaches" classname="CrowdPunch.Tests.ElitePunchGeometryTests" runstate="Runnable" seed="1440455761" result="Passed" start-time="2026-09-25 10:24:58Z" end-time="2026-09-25 10:24:58Z" duration="0.033646" asserts="0">
              <properties>
                <property name="retryIteration" value="0" />
                <property name="repeatIteration" value="0" />
              </properties>
            </test-case>
            <test-suite type="ParameterizedMethod" id="1084" name="Enemy009_StagingRequiresBodyClearanceAndNeverReportsBlockedFallbackReady" fullname="CrowdPunch.Tests.ElitePunchGeometryTests.Enemy009_StagingRequiresBodyClearanceAndNeverReportsBlockedFallbackReady" classname="CrowdPunch.Tests.ElitePunchGeometryTests" runstate="Runnable" testcasecount="3" result="Passed" start-time="2026-09-25 10:24:58Z" end-time="2026-09-25 10:24:58Z" duration="0.067893" total="3" passed="3" failed="0" inconclusive="0" skipped="0" asserts="0">
              <properties />
              <test-case id="1081" name="Enemy009_StagingRequiresBodyClearanceAndNeverReportsBlockedFallbackReady(False,8.5f)" fullname="CrowdPunch.Tests.ElitePunchGeometryTests.Enemy009_StagingRequiresBodyClearanceAndNeverReportsBlockedFallbackReady(False,8.5f)" methodname="Enemy009_StagingRequiresBodyClearanceAndNeverReportsBlockedFallbackReady" classname="CrowdPunch.Tests.ElitePunchGeometryTests" runstate="Runnable" seed="2146643980" result="Passed" start-time="2026-09-25 10:24:58Z" end-time="2026-09-25 10:24:58Z" duration="0.006040" asserts="0">
                <properties>
                  <property name="retryIteration" value="0" />
                  <property name="repeatIteration" value="0" />
                </properties>
              </test-case>
              <test-case id="1082" name="Enemy009_StagingRequiresBodyClearanceAndNeverReportsBlockedFallbackReady(True,8.5f)" fullname="CrowdPunch.Tests.ElitePunchGeometryTests.Enemy009_StagingRequiresBodyClearanceAndNeverReportsBlockedFallbackReady(True,8.5f)" methodname="Enemy009_StagingRequiresBodyClearanceAndNeverReportsBlockedFallbackReady" classname="CrowdPunch.Tests.ElitePunchGeometryTests" runstate="Runnable" seed="1947375179" result="Passed" start-time="2026-09-25 10:24:58Z" end-time="2026-09-25 10:24:58Z" duration="0.004890" asserts="0">
                <properties>
                  <property name="retryIteration" value="0" />
                  <property name="repeatIteration" value="0" />
                </properties>
              </test-case>
              <test-case id="1083" name="Enemy009_StagingRequiresBodyClearanceAndNeverReportsBlockedFallbackReady(False,12.0f)" fullname="CrowdPunch.Tests.ElitePunchGeometryTests.Enemy009_StagingRequiresBodyClearanceAndNeverReportsBlockedFallbackReady(False,12.0f)" methodname="Enemy009_StagingRequiresBodyClearanceAndNeverReportsBlockedFallbackReady" classname="CrowdPunch.Tests.ElitePunchGeometryTests" runstate="Runnable" seed="1444992905" result="Passed" start-time="2026-09-25 10:24:58Z" end-time="2026-09-25 10:24:58Z" duration="0.005471" asserts="0">
                <properties>
                  <property name="retryIteration" value="0" />
                  <property name="repeatIteration" value="0" />
                </properties>
              </test-case>
            </test-suite>
            <test-case id="1086" name="Enemy009_StagingWaitStillRetargetsWithoutSpendingSetupTimeout" fullname="CrowdPunch.Tests.ElitePunchGeometryTests.Enemy009_StagingWaitStillRetargetsWithoutSpendingSetupTimeout" methodname="Enemy009_StagingWaitStillRetargetsWithoutSpendingSetupTimeout" classname="CrowdPunch.Tests.ElitePunchGeometryTests" runstate="Runnable" seed="1589240204" result="Passed" start-time="2026-09-25 10:24:58Z" end-time="2026-09-25 10:24:58Z" duration="0.003561" asserts="0">
              <properties>
                <property name="retryIteration" value="0" />
                <property name="repeatIteration" value="0" />
              </properties>
            </test-case>
            <test-case id="1088" name="Enemy014_EliteSelectionAndStaleReservationRejectProtectedArmor" fullname="CrowdPunch.Tests.ElitePunchGeometryTests.Enemy014_EliteSelectionAndStaleReservationRejectProtectedArmor" methodname="Enemy014_EliteSelectionAndStaleReservationRejectProtectedArmor" classname="CrowdPunch.Tests.ElitePunchGeometryTests" runstate="Runnable" seed="159907276" result="Passed" start-time="2026-09-25 10:24:58Z" end-time="2026-09-25 10:24:58Z" duration="0.001604" asserts="0">
              <properties>
                <property name="retryIteration" value="0" />
                <property name="repeatIteration" value="0" />
              </properties>
            </test-case>
            <test-case id="1102" name="EnemyInsideShotCorridorMovesTowardNearestSide" fullname="CrowdPunch.Tests.ElitePunchGeometryTests.EnemyInsideShotCorridorMovesTowardNearestSide" methodname="EnemyInsideShotCorridorMovesTowardNearestSide" classname="CrowdPunch.Tests.ElitePunchGeometryTests" runstate="Runnable" seed="1657993493" result="Passed" start-time="2026-09-25 10:24:58Z" end-time="2026-09-25 10:24:58Z" duration="0.000283" asserts="0">
              <properties>
                <property name="retryIteration" value="0" />
                <property name="repeatIteration" value="0" />
              </properties>
            </test-case>
            <test-case id="1103" name="EnemyOutsideShotSegmentKeepsItsNormalIntent" fullname="CrowdPunch.Tests.ElitePunchGeometryTests.EnemyOutsideShotSegmentKeepsItsNormalIntent" methodname="EnemyOutsideShotSegmentKeepsItsNormalIntent" classname="CrowdPunch.Tests.ElitePunchGeometryTests" runstate="Runnable" seed="1860224447" result="Passed" start-time="2026-09-25 10:24:58Z" end-time="2026-09-25 10:24:58Z" duration="0.000141" asserts="0">
              <properties>
                <property name="retryIteration" value="0" />
                <property name="repeatIteration" value="0" />
              </properties>
            </test-case>
            <test-case id="1097" name="IntermediateTacticSelectionRepeatsFromSameSeed" fullname="CrowdPunch.Tests.ElitePunchGeometryTests.IntermediateTacticSelectionRepeatsFromSameSeed" methodname="IntermediateTacticSelectionRepeatsFromSameSeed" classname="CrowdPunch.Tests.ElitePunchGeometryTests" runstate="Runnable" seed="1400581457" result="Passed" start-time="2026-09-25 10:24:58Z" end-time="2026-09-25 10:24:58Z" duration="0.000165" asserts="0">
              <properties>
                <property name="retryIteration" value="0" />
                <property name="repeatIteration" value="0" />
              </properties>
            </test-case>
            <test-suite type="ParameterizedMethod" id="1094" name="Player008_PunchMatchesFootprintWithoutHeightNarrowing" fullname="CrowdPunch.Tests.ElitePunchGeometryTests.Player008_PunchMatchesFootprintWithoutHeightNarrowing" classname="CrowdPunch.Tests.ElitePunchGeometryTests" runstate="Runnable" testcasecount="5" result="Passed" start-time="2026-09-25 10:24:58Z" end-time="2026-09-25 10:24:58Z" duration="0.078153" total="5" passed="5" failed="0" inconclusive="0" skipped="0" asserts="0">
              <properties />
              <test-case id="1089" name="Player008_PunchMatchesFootprintWithoutHeightNarrowing(1.14f,-1.0f,3.0f,True)" fullname="CrowdPunch.Tests.ElitePunchGeometryTests.Player008_PunchMatchesFootprintWithoutHeightNarrowing(1.14f,-1.0f,3.0f,True)" methodname="Player008_PunchMatchesFootprintWithoutHeightNarrowing" classname="CrowdPunch.Tests.ElitePunchGeometryTests" runstate="Runnable" seed="2101076503" result="Passed" start-time="2026-09-25 10:24:58Z" end-time="2026-09-25 10:24:58Z" duration="0.000610" asserts="0">
                <properties>
                  <property name="retryIteration" value="0" />
                  <property name="repeatIteration" value="0" />
                </properties>
              </test-case>
              <test-case id="1090" name="Player008_PunchMatchesFootprintWithoutHeightNarrowing(1.16f,0.0f,3.0f,False)" fullname="CrowdPunch.Tests.ElitePunchGeometryTests.Player008_PunchMatchesFootprintWithoutHeightNarrowing(1.16f,0.0f,3.0f,False)" methodname="Player008_PunchMatchesFootprintWithoutHeightNarrowing" classname="CrowdPunch.Tests.ElitePunchGeometryTests" runstate="Runnable" seed="396088813" result="Passed" start-time="2026-09-25 10:24:58Z" end-time="2026-09-25 10:24:58Z" duration="0.000502" asserts="0">
                <properties>
                  <property name="retryIteration" value="0" />
                  <property name="repeatIteration" value="0" />
                </properties>
              </test-case>
              <test-case id="1091" name="Player008_PunchMatchesFootprintWithoutHeightNarrowing(0.0f,0.0f,-0.01f,False)" fullname="CrowdPunch.Tests.ElitePunchGeometryTests.Player008_PunchMatchesFootprintWithoutHeightNarrowing(0.0f,0.0f,-0.01f,False)" methodname="Player008_PunchMatchesFootprintWithoutHeightNarrowing" classname="CrowdPunch.Tests.ElitePunchGeometryTests" runstate="Runnable" seed="617153464" result="Passed" start-time="2026-09-25 10:24:58Z" end-time="2026-09-25 10:24:58Z" duration="0.000119" asserts="0">
                <properties>
                  <property name="retryIteration" value="0" />
                  <property name="repeatIteration" value="0" />
                </properties>
              </test-case>
              <test-case id="1092" name="Player008_PunchMatchesFootprintWithoutHeightNarrowing(0.0f,0.0f,6.01f,False)" fullname="CrowdPunch.Tests.ElitePunchGeometryTests.Player008_PunchMatchesFootprintWithoutHeightNarrowing(0.0f,0.0f,6.01f,False)" methodname="Player008_PunchMatchesFootprintWithoutHeightNarrowing" classname="CrowdPunch.Tests.ElitePunchGeometryTests" runstate="Runnable" seed="944225659" result="Passed" start-time="2026-09-25 10:24:58Z" end-time="2026-09-25 10:24:58Z" duration="0.000117" asserts="0">
                <properties>
                  <property name="retryIteration" value="0" />
                  <property name="repeatIteration" value="0" />
                </properties>
              </test-case>
              <test-case id="1093" name="Player008_PunchMatchesFootprintWithoutHeightNarrowing(0.0f,1.16f,3.0f,False)" fullname="CrowdPunch.Tests.ElitePunchGeometryTests.Player008_PunchMatchesFootprintWithoutHeightNarrowing(0.0f,1.16f,3.0f,False)" methodname="Player008_PunchMatchesFootprintWithoutHeightNarrowing" classname="CrowdPunch.Tests.ElitePunchGeometryTests" runstate="Runnable" seed="511672692" result="Passed" start-time="2026-09-25 10:24:58Z" end-time="2026-09-25 10:24:58Z" duration="0.000143" asserts="0">
                <properties>
                  <property name="retryIteration" value="0" />
                  <property name="repeatIteration" value="0" />
                </properties>
              </test-case>
            </test-suite>
            <test-case id="1104" name="ProjectileMovesBeforeWaitingAtClearStagingPosition" fullname="CrowdPunch.Tests.ElitePunchGeometryTests.ProjectileMovesBeforeWaitingAtClearStagingPosition" methodname="ProjectileMovesBeforeWaitingAtClearStagingPosition" classname="CrowdPunch.Tests.ElitePunchGeometryTests" runstate="Runnable" seed="965431370" result="Passed" start-time="2026-09-25 10:24:58Z" end-time="2026-09-25 10:24:58Z" duration="0.000506" asserts="0">
              <properties>
                <property name="retryIteration" value="0" />
                <property name="repeatIteration" value="0" />
              </properties>
            </test-case>
            <test-case id="1100" name="SetupSpeedBrakesIntoPositionTolerance" fullname="CrowdPunch.Tests.ElitePunchGeometryTests.SetupSpeedBrakesIntoPositionTolerance" methodname="SetupSpeedBrakesIntoPositionTolerance" classname="CrowdPunch.Tests.ElitePunchGeometryTests" runstate="Runnable" seed="101223489" result="Passed" start-time="2026-09-25 10:24:58Z" end-time="2026-09-25 10:24:58Z" duration="0.000271" asserts="0">
              <properties>
                <property name="retryIteration" value="0" />
                <property name="repeatIteration" value="0" />
              </properties>
            </test-case>
            <test-case id="1101" name="SetupSpeedStaysAboveMovingTargetCatchupSpeed" fullname="CrowdPunch.Tests.ElitePunchGeometryTests.SetupSpeedStaysAboveMovingTargetCatchupSpeed" methodname="SetupSpeedStaysAboveMovingTargetCatchupSpeed" classname="CrowdPunch.Tests.ElitePunchGeometryTests" runstate="Runnable" seed="268134222" result="Passed" start-time="2026-09-25 10:24:58Z" end-time="2026-09-25 10:24:58Z" duration="0.000137" asserts="0">
              <properties>
                <property name="retryIteration" value="0" />
                <property name="repeatIteration" value="0" />
              </properties>
            </test-case>
            <test-case id="1096" name="TacticProbabilityEndpointsAreDeterministic" fullname="CrowdPunch.Tests.ElitePunchGeometryTests.TacticProbabilityEndpointsAreDeterministic" methodname="TacticProbabilityEndpointsAreDeterministic" classname="CrowdPunch.Tests.ElitePunchGeometryTests" runstate="Runnable" seed="1441011035" result="Passed" start-time="2026-09-25 10:24:58Z" end-time="2026-09-25 10:24:58Z" duration="0.000193" asserts="0">
              <properties>
                <property name="retryIteration" value="0" />
                <property name="repeatIteration" value="0" />
              </properties>
            </test-case>
            <test-case id="1099" name="TargetSearchEligibilityUsesDedicatedPhaseSwitches" fullname="CrowdPunch.Tests.ElitePunchGeometryTests.TargetSearchEligibilityUsesDedicatedPhaseSwitches" methodname="TargetSearchEligibilityUsesDedicatedPhaseSwitches" classname="CrowdPunch.Tests.ElitePunchGeometryTests" runstate="Runnable" seed="950024983" result="Passed" start-time="2026-09-25 10:24:58Z" end-time="2026-09-25 10:24:58Z" duration="0.000343" asserts="0">
              <properties>
                <property name="retryIteration" value="0" />
                <property name="repeatIteration" value="0" />
              </properties>
            </test-case>
          </test-suite>
          <test-suite type="TestFixture" id="1107" name="EnemyAnimationTests" fullname="CrowdPunch.Tests.EnemyAnimationTests" classname="CrowdPunch.Tests.EnemyAnimationTests" runstate="Runnable" testcasecount="15" result="Passed" start-time="2026-09-25 10:24:58Z" end-time="2026-09-25 10:24:58Z" duration="0.256152" total="15" passed="15" failed="0" inconclusive="0" skipped="0" asserts="0">
            <properties />
            <test-suite type="ParameterizedMethod" id="1122" name="Combat011LaunchEndsWithImpactAndRepunchInterruptsIt" fullname="CrowdPunch.Tests.EnemyAnimationTests.Combat011LaunchEndsWithImpactAndRepunchInterruptsIt" classname="CrowdPunch.Tests.EnemyAnimationTests" runstate="Runnable" testcasecount="2" result="Passed" start-time="2026-09-25 10:24:58Z" end-time="2026-09-25 10:24:58Z" duration="0.109969" total="2" passed="2" failed="0" inconclusive="0" skipped="0" asserts="0">
              <properties />
              <test-case id="1120" name="Combat011LaunchEndsWithImpactAndRepunchInterruptsIt(Recovering)" fullname="CrowdPunch.Tests.EnemyAnimationTests.Combat011LaunchEndsWithImpactAndRepunchInterruptsIt(Recovering)" methodname="Combat011LaunchEndsWithImpactAndRepunchInterruptsIt" classname="CrowdPunch.Tests.EnemyAnimationTests" runstate="Runnable" seed="246019383" result="Passed" start-time="2026-09-25 10:24:58Z" end-time="2026-09-25 10:24:58Z" duration="0.009647" asserts="0">
                <properties>
                  <property name="retryIteration" value="0" />
                  <property name="repeatIteration" value="0" />
                </properties>
              </test-case>
              <test-case id="1121" name="Combat011LaunchEndsWithImpactAndRepunchInterruptsIt(Defeated)" fullname="CrowdPunch.Tests.EnemyAnimationTests.Combat011LaunchEndsWithImpactAndRepunchInterruptsIt(Defeated)" methodname="Combat011LaunchEndsWithImpactAndRepunchInterruptsIt" classname="CrowdPunch.Tests.EnemyAnimationTests" runstate="Runnable" seed="1430116168" result="Passed" start-time="2026-09-25 10:24:58Z" end-time="2026-09-25 10:24:58Z" duration="0.001901" asserts="0">
                <properties>
                  <property name="retryIteration" value="0" />
                  <property name="repeatIteration" value="0" />
                </properties>
              </test-case>
            </test-suite>
            <test-case id="1111" name="Combat011RecoveryAndDefeatFreezePoseWithoutPhysicsWrites" fullname="CrowdPunch.Tests.EnemyAnimationTests.Combat011RecoveryAndDefeatFreezePoseWithoutPhysicsWrites" methodname="Combat011RecoveryAndDefeatFreezePoseWithoutPhysicsWrites" classname="CrowdPunch.Tests.EnemyAnimationTests" runstate="Runnable" seed="288353923" result="Passed" start-time="2026-09-25 10:24:58Z" end-time="2026-09-25 10:24:58Z" duration="0.002373" asserts="0">
              <properties>
                <property name="retryIteration" value="0" />
                <property name="repeatIteration" value="0" />
              </properties>
            </test-case>
            <test-case id="1112" name="Combat014FlyingRestartsOnRepunchAndHoldsLastFrame" fullname="CrowdPunch.Tests.EnemyAnimationTests.Combat014FlyingRestartsOnRepunchAndHoldsLastFrame" methodname="Combat014FlyingRestartsOnRepunchAndHoldsLastFrame" classname="CrowdPunch.Tests.EnemyAnimationTests" runstate="Runnable" seed="365835105" result="Passed" start-time="2026-09-25 10:24:58Z" end-time="2026-09-25 10:24:58Z" duration="0.001698" asserts="0">
              <properties>
                <property name="retryIteration" value="0" />
                <property name="repeatIteration" value="0" />
              </properties>
            </test-case>
            <test-case id="1117" name="Enemy002RangedUsesWaveForWindUpAndRotatedIdleWhileLaunched" fullname="CrowdPunch.Tests.EnemyAnimationTests.Enemy002RangedUsesWaveForWindUpAndRotatedIdleWhileLaunched" methodname="Enemy002RangedUsesWaveForWindUpAndRotatedIdleWhileLaunched" classname="CrowdPunch.Tests.EnemyAnimationTests" runstate="Runnable" seed="1716603236" result="Passed" start-time="2026-09-25 10:24:58Z" end-time="2026-09-25 10:24:58Z" duration="0.029660" asserts="0">
              <properties>
                <property name="retryIteration" value="0" />
                <property name="repeatIteration" value="0" />
              </properties>
            </test-case>
            <test-case id="1115" name="Enemy005DasherUsesAuthoredIdleMovementFrozenDashAndDeathMotions" fullname="CrowdPunch.Tests.EnemyAnimationTests.Enemy005DasherUsesAuthoredIdleMovementFrozenDashAndDeathMotions" methodname="Enemy005DasherUsesAuthoredIdleMovementFrozenDashAndDeathMotions" classname="CrowdPunch.Tests.EnemyAnimationTests" runstate="Runnable" seed="1334996796" result="Passed" start-time="2026-09-25 10:24:58Z" end-time="2026-09-25 10:24:58Z" duration="0.001936" asserts="0">
              <properties>
                <property name="retryIteration" value="0" />
                <property name="repeatIteration" value="0" />
              </properties>
            </test-case>
            <test-case id="1118" name="Enemy009EliteUsesPunchHitReactAndDeathMotions" fullname="CrowdPunch.Tests.EnemyAnimationTests.Enemy009EliteUsesPunchHitReactAndDeathMotions" methodname="Enemy009EliteUsesPunchHitReactAndDeathMotions" classname="CrowdPunch.Tests.EnemyAnimationTests" runstate="Runnable" seed="1111666601" result="Passed" start-time="2026-09-25 10:24:58Z" end-time="2026-09-25 10:24:58Z" duration="0.001780" asserts="0">
              <properties>
                <property name="retryIteration" value="0" />
                <property name="repeatIteration" value="0" />
              </properties>
            </test-case>
            <test-case id="1116" name="Enemy010ExplosiveUsesIdleWalkAndDeathWithoutDyingDuringRecovery" fullname="CrowdPunch.Tests.EnemyAnimationTests.Enemy010ExplosiveUsesIdleWalkAndDeathWithoutDyingDuringRecovery" methodname="Enemy010ExplosiveUsesIdleWalkAndDeathWithoutDyingDuringRecovery" classname="CrowdPunch.Tests.EnemyAnimationTests" runstate="Runnable" seed="1445484407" result="Passed" start-time="2026-09-25 10:24:58Z" end-time="2026-09-25 10:24:58Z" duration="0.002781" asserts="0">
              <properties>
                <property name="retryIteration" value="0" />
                <property name="repeatIteration" value="0" />
              </properties>
            </test-case>
            <test-case id="1119" name="Enemy012BaselineUsesIdleWalkRotatedLaunchAndDeathMotions" fullname="CrowdPunch.Tests.EnemyAnimationTests.Enemy012BaselineUsesIdleWalkRotatedLaunchAndDeathMotions" methodname="Enemy012BaselineUsesIdleWalkRotatedLaunchAndDeathMotions" classname="CrowdPunch.Tests.EnemyAnimationTests" runstate="Runnable" seed="850992121" result="Passed" start-time="2026-09-25 10:24:58Z" end-time="2026-09-25 10:24:58Z" duration="0.002815" asserts="0">
              <properties>
                <property name="retryIteration" value="0" />
                <property name="repeatIteration" value="0" />
              </properties>
            </test-case>
            <test-case id="1123" name="Info004DestroyedOwnerDoesNotLeaveAStaleLookup" fullname="CrowdPunch.Tests.EnemyAnimationTests.Info004DestroyedOwnerDoesNotLeaveAStaleLookup" methodname="Info004DestroyedOwnerDoesNotLeaveAStaleLookup" classname="CrowdPunch.Tests.EnemyAnimationTests" runstate="Runnable" seed="1782888312" result="Passed" start-time="2026-09-25 10:24:58Z" end-time="2026-09-25 10:24:58Z" duration="0.002324" asserts="0">
              <properties>
                <property name="retryIteration" value="0" />
                <property name="repeatIteration" value="0" />
              </properties>
            </test-case>
            <test-case id="1113" name="Info004FlyingPitchFollowsVelocityWithoutPhysicsWrites" fullname="CrowdPunch.Tests.EnemyAnimationTests.Info004FlyingPitchFollowsVelocityWithoutPhysicsWrites" methodname="Info004FlyingPitchFollowsVelocityWithoutPhysicsWrites" classname="CrowdPunch.Tests.EnemyAnimationTests" runstate="Runnable" seed="1530609116" result="Passed" start-time="2026-09-25 10:24:58Z" end-time="2026-09-25 10:24:58Z" duration="0.001841" asserts="0">
              <properties>
                <property name="retryIteration" value="0" />
                <property name="repeatIteration" value="0" />
              </properties>
            </test-case>
            <test-case id="1108" name="Info004IdleLoopsAndInterpolates" fullname="CrowdPunch.Tests.EnemyAnimationTests.Info004IdleLoopsAndInterpolates" methodname="Info004IdleLoopsAndInterpolates" classname="CrowdPunch.Tests.EnemyAnimationTests" runstate="Runnable" seed="1139662053" result="Passed" start-time="2026-09-25 10:24:58Z" end-time="2026-09-25 10:24:58Z" duration="0.001160" asserts="0">
              <properties>
                <property name="retryIteration" value="0" />
                <property name="repeatIteration" value="0" />
              </properties>
            </test-case>
            <test-case id="1109" name="Info004MovementIsRelativeToEnemyFacing" fullname="CrowdPunch.Tests.EnemyAnimationTests.Info004MovementIsRelativeToEnemyFacing" methodname="Info004MovementIsRelativeToEnemyFacing" classname="CrowdPunch.Tests.EnemyAnimationTests" runstate="Runnable" seed="408970763" result="Passed" start-time="2026-09-25 10:24:58Z" end-time="2026-09-25 10:24:58Z" duration="0.001124" asserts="0">
              <properties>
                <property name="retryIteration" value="0" />
                <property name="repeatIteration" value="0" />
              </properties>
            </test-case>
            <test-case id="1114" name="Info004PoolingResetsPlaybackAndDisabledRequestAllowsReuse" fullname="CrowdPunch.Tests.EnemyAnimationTests.Info004PoolingResetsPlaybackAndDisabledRequestAllowsReuse" methodname="Info004PoolingResetsPlaybackAndDisabledRequestAllowsReuse" classname="CrowdPunch.Tests.EnemyAnimationTests" runstate="Runnable" seed="1337422617" result="Passed" start-time="2026-09-25 10:24:58Z" end-time="2026-09-25 10:24:58Z" duration="0.001126" asserts="0">
              <properties>
                <property name="retryIteration" value="0" />
                <property name="repeatIteration" value="0" />
              </properties>
            </test-case>
            <test-case id="1110" name="Info004StrafingAndPartialSpeedBlendWithIdle" fullname="CrowdPunch.Tests.EnemyAnimationTests.Info004StrafingAndPartialSpeedBlendWithIdle" methodname="Info004StrafingAndPartialSpeedBlendWithIdle" classname="CrowdPunch.Tests.EnemyAnimationTests" runstate="Runnable" seed="1759683584" result="Passed" start-time="2026-09-25 10:24:58Z" end-time="2026-09-25 10:24:58Z" duration="0.001058" asserts="0">
              <properties>
                <property name="retryIteration" value="0" />
                <property name="repeatIteration" value="0" />
              </properties>
            </test-case>
          </test-suite>
          <test-suite type="TestFixture" id="1124" name="EnemyArenaDistributionTests" fullname="CrowdPunch.Tests.EnemyArenaDistributionTests" classname="CrowdPunch.Tests.EnemyArenaDistributionTests" runstate="Runnable" testcasecount="5" result="Passed" start-time="2026-09-25 10:24:58Z" end-time="2026-09-25 10:24:58Z" duration="0.035514" total="5" passed="5" failed="0" inconclusive="0" skipped="0" asserts="0">
            <properties />
            <test-case id="1125" name="ArenaRelativeTargetKeepsInsetFromBounds" fullname="CrowdPunch.Tests.EnemyArenaDistributionTests.ArenaRelativeTargetKeepsInsetFromBounds" methodname="ArenaRelativeTargetKeepsInsetFromBounds" classname="CrowdPunch.Tests.EnemyArenaDistributionTests" runstate="Runnable" seed="53493108" result="Passed" start-time="2026-09-25 10:24:58Z" end-time="2026-09-25 10:24:58Z" duration="0.000813" asserts="0">
              <properties>
                <property name="retryIteration" value="0" />
                <property name="repeatIteration" value="0" />
              </properties>
            </test-case>
            <test-case id="1126" name="BlockedBaseSlotUsesAnOpenArenaDirection" fullname="CrowdPunch.Tests.EnemyArenaDistributionTests.BlockedBaseSlotUsesAnOpenArenaDirection" methodname="BlockedBaseSlotUsesAnOpenArenaDirection" classname="CrowdPunch.Tests.EnemyArenaDistributionTests" runstate="Runnable" seed="182992973" result="Passed" start-time="2026-09-25 10:24:58Z" end-time="2026-09-25 10:24:58Z" duration="0.000221" asserts="0">
              <properties>
                <property name="retryIteration" value="0" />
                <property name="repeatIteration" value="0" />
              </properties>
            </test-case>
            <test-case id="1129" name="ReserveTargetIsStableForAnEnemy" fullname="CrowdPunch.Tests.EnemyArenaDistributionTests.ReserveTargetIsStableForAnEnemy" methodname="ReserveTargetIsStableForAnEnemy" classname="CrowdPunch.Tests.EnemyArenaDistributionTests" runstate="Runnable" seed="1243105309" result="Passed" start-time="2026-09-25 10:24:58Z" end-time="2026-09-25 10:24:58Z" duration="0.000497" asserts="0">
              <properties>
                <property name="retryIteration" value="0" />
                <property name="repeatIteration" value="0" />
              </properties>
            </test-case>
            <test-case id="1128" name="ReserveTargetsCoverArenaInteriorInsteadOfOnlyEdges" fullname="CrowdPunch.Tests.EnemyArenaDistributionTests.ReserveTargetsCoverArenaInteriorInsteadOfOnlyEdges" methodname="ReserveTargetsCoverArenaInteriorInsteadOfOnlyEdges" classname="CrowdPunch.Tests.EnemyArenaDistributionTests" runstate="Runnable" seed="1530153124" result="Passed" start-time="2026-09-25 10:24:58Z" end-time="2026-09-25 10:24:58Z" duration="0.000369" asserts="0">
              <properties>
                <property name="retryIteration" value="0" />
                <property name="repeatIteration" value="0" />
              </properties>
            </test-case>
            <test-case id="1127" name="UnblockedBaseSlotIsPreserved" fullname="CrowdPunch.Tests.EnemyArenaDistributionTests.UnblockedBaseSlotIsPreserved" methodname="UnblockedBaseSlotIsPreserved" classname="CrowdPunch.Tests.EnemyArenaDistributionTests" runstate="Runnable" seed="791374498" result="Passed" start-time="2026-09-25 10:24:58Z" end-time="2026-09-25 10:24:58Z" duration="0.000158" asserts="0">
              <properties>
                <property name="retryIteration" value="0" />
                <property name="repeatIteration" value="0" />
              </properties>
            </test-case>
          </test-suite>
[...]
                <property name="repeatIteration" value="0" />
              </properties>
            </test-case>
          </test-suite>
          <test-suite type="TestFixture" id="1184" name="LaunchedEnemyPlayerImpactTests" fullname="CrowdPunch.Tests.LaunchedEnemyPlayerImpactTests" classname="CrowdPunch.Tests.LaunchedEnemyPlayerImpactTests" runstate="Runnable" testcasecount="11" result="Passed" start-time="2026-09-25 10:25:01Z" end-time="2026-09-25 10:25:01Z" duration="0.107129" total="11" passed="11" failed="0" inconclusive="0" skipped="0" asserts="0">
            <properties />
            <test-case id="1192" name="DynamicMassConvertsVelocityToEstimatedImpulse" fullname="CrowdPunch.Tests.LaunchedEnemyPlayerImpactTests.DynamicMassConvertsVelocityToEstimatedImpulse" methodname="DynamicMassConvertsVelocityToEstimatedImpulse" classname="CrowdPunch.Tests.LaunchedEnemyPlayerImpactTests" runstate="Runnable" seed="172098392" result="Passed" start-time="2026-09-25 10:25:01Z" end-time="2026-09-25 10:25:01Z" duration="0.000245" asserts="0">
              <properties>
                <property name="retryIteration" value="0" />
                <property name="repeatIteration" value="0" />
              </properties>
            </test-case>
            <test-case id="1185" name="EnemyAndPlayerTargetsUseSharedCollisionDamageCurve" fullname="CrowdPunch.Tests.LaunchedEnemyPlayerImpactTests.EnemyAndPlayerTargetsUseSharedCollisionDamageCurve" methodname="EnemyAndPlayerTargetsUseSharedCollisionDamageCurve" classname="CrowdPunch.Tests.LaunchedEnemyPlayerImpactTests" runstate="Runnable" seed="1621941031" result="Passed" start-time="2026-09-25 10:25:01Z" end-time="2026-09-25 10:25:01Z" duration="0.000305" asserts="0">
              <properties>
                <property name="retryIteration" value="0" />
                <property name="repeatIteration" value="0" />
              </properties>
            </test-case>
            <test-case id="1197" name="EnemyRepunchDoesNotUsePlayerReplacementRule" fullname="CrowdPunch.Tests.LaunchedEnemyPlayerImpactTests.EnemyRepunchDoesNotUsePlayerReplacementRule" methodname="EnemyRepunchDoesNotUsePlayerReplacementRule" classname="CrowdPunch.Tests.LaunchedEnemyPlayerImpactTests" runstate="Runnable" seed="1812399203" result="Passed" start-time="2026-09-25 10:25:01Z" end-time="2026-09-25 10:25:01Z" duration="0.000178" asserts="0">
              <properties>
                <property name="retryIteration" value="0" />
                <property name="repeatIteration" value="0" />
              </properties>
            </test-case>
            <test-suite type="ParameterizedMethod" id="1189" name="LaunchedBodyCanDamagePlayerRegardlessOfOwner" fullname="CrowdPunch.Tests.LaunchedEnemyPlayerImpactTests.LaunchedBodyCanDamagePlayerRegardlessOfOwner" classname="CrowdPunch.Tests.LaunchedEnemyPlayerImpactTests" runstate="Runnable" testcasecount="2" result="Passed" start-time="2026-09-25 10:25:01Z" end-time="2026-09-25 10:25:01Z" duration="0.001871" total="2" passed="2" failed="0" inconclusive="0" skipped="0" asserts="0">
              <properties />
              <test-case id="1187" name="LaunchedBodyCanDamagePlayerRegardlessOfOwner(Player)" fullname="CrowdPunch.Tests.LaunchedEnemyPlayerImpactTests.LaunchedBodyCanDamagePlayerRegardlessOfOwner(Player)" methodname="LaunchedBodyCanDamagePlayerRegardlessOfOwner" classname="CrowdPunch.Tests.LaunchedEnemyPlayerImpactTests" runstate="Runnable" seed="443995655" result="Passed" start-time="2026-09-25 10:25:01Z" end-time="2026-09-25 10:25:01Z" duration="0.000216" asserts="0">
                <properties>
                  <property name="retryIteration" value="0" />
                  <property name="repeatIteration" value="0" />
                </properties>
              </test-case>
              <test-case id="1188" name="LaunchedBodyCanDamagePlayerRegardlessOfOwner(Enemy)" fullname="CrowdPunch.Tests.LaunchedEnemyPlayerImpactTests.LaunchedBodyCanDamagePlayerRegardlessOfOwner(Enemy)" methodname="LaunchedBodyCanDamagePlayerRegardlessOfOwner" classname="CrowdPunch.Tests.LaunchedEnemyPlayerImpactTests" runstate="Runnable" seed="549883798" result="Passed" start-time="2026-09-25 10:25:01Z" end-time="2026-09-25 10:25:01Z" duration="0.000056" asserts="0">
                <properties>
                  <property name="retryIteration" value="0" />
                  <property name="repeatIteration" value="0" />
                </properties>
              </test-case>
            </test-suite>
            <test-case id="1190" name="LaunchedBodyDamagesPlayerOnlyOncePerLaunchSequence" fullname="CrowdPunch.Tests.LaunchedEnemyPlayerImpactTests.LaunchedBodyDamagesPlayerOnlyOncePerLaunchSequence" methodname="LaunchedBodyDamagesPlayerOnlyOncePerLaunchSequence" classname="CrowdPunch.Tests.LaunchedEnemyPlayerImpactTests" runstate="Runnable" seed="287858713" result="Passed" start-time="2026-09-25 10:25:01Z" end-time="2026-09-25 10:25:01Z" duration="0.000115" asserts="0">
              <properties>
                <property name="retryIteration" value="0" />
                <property name="repeatIteration" value="0" />
              </properties>
            </test-case>
            <test-case id="1186" name="LaunchOwnershipStillTracksItsCause" fullname="CrowdPunch.Tests.LaunchedEnemyPlayerImpactTests.LaunchOwnershipStillTracksItsCause" methodname="LaunchOwnershipStillTracksItsCause" classname="CrowdPunch.Tests.LaunchedEnemyPlayerImpactTests" runstate="Runnable" seed="58550622" result="Passed" start-time="2026-09-25 10:25:01Z" end-time="2026-09-25 10:25:01Z" duration="0.000109" asserts="0">
              <properties>
                <property name="retryIteration" value="0" />
                <property name="repeatIteration" value="0" />
              </properties>
            </test-case>
            <test-suite type="ParameterizedMethod" id="1196" name="Player004_FirstAndRecoveringPunchesReplaceVelocityToMatchPreview" fullname="CrowdPunch.Tests.LaunchedEnemyPlayerImpactTests.Player004_FirstAndRecoveringPunchesReplaceVelocityToMatchPreview" classname="CrowdPunch.Tests.LaunchedEnemyPlayerImpactTests" runstate="Runnable" testcasecount="2" result="Passed" start-time="2026-09-25 10:25:01Z" end-time="2026-09-25 10:25:01Z" duration="0.098676" total="2" passed="2" failed="0" inconclusive="0" skipped="0" asserts="0">
              <properties />
              <test-case id="1194" name="Player004_FirstAndRecoveringPunchesReplaceVelocityToMatchPreview(Active)" fullname="CrowdPunch.Tests.LaunchedEnemyPlayerImpactTests.Player004_FirstAndRecoveringPunchesReplaceVelocityToMatchPreview(Active)" methodname="Player004_FirstAndRecoveringPunchesReplaceVelocityToMatchPreview" classname="CrowdPunch.Tests.LaunchedEnemyPlayerImpactTests" runstate="Runnable" seed="1798361750" result="Passed" start-time="2026-09-25 10:25:01Z" end-time="2026-09-25 10:25:01Z" duration="0.000351" asserts="0">
                <properties>
                  <property name="retryIteration" value="0" />
                  <property name="repeatIteration" value="0" />
                </properties>
              </test-case>
              <test-case id="1195" name="Player004_FirstAndRecoveringPunchesReplaceVelocityToMatchPreview(Recovering)" fullname="CrowdPunch.Tests.LaunchedEnemyPlayerImpactTests.Player004_FirstAndRecoveringPunchesReplaceVelocityToMatchPreview(Recovering)" methodname="Player004_FirstAndRecoveringPunchesReplaceVelocityToMatchPreview" classname="CrowdPunch.Tests.LaunchedEnemyPlayerImpactTests" runstate="Runnable" seed="1635613434" result="Passed" start-time="2026-09-25 10:25:01Z" end-time="2026-09-25 10:25:01Z" duration="0.000079" asserts="0">
                <properties>
                  <property name="retryIteration" value="0" />
                  <property name="repeatIteration" value="0" />
                </properties>
              </test-case>
            </test-suite>
            <test-case id="1193" name="RepunchReplacesExistingLinearAndAngularVelocity" fullname="CrowdPunch.Tests.LaunchedEnemyPlayerImpactTests.RepunchReplacesExistingLinearAndAngularVelocity" methodname="RepunchReplacesExistingLinearAndAngularVelocity" classname="CrowdPunch.Tests.LaunchedEnemyPlayerImpactTests" runstate="Runnable" seed="1808095075" result="Passed" start-time="2026-09-25 10:25:01Z" end-time="2026-09-25 10:25:01Z" duration="0.000184" asserts="0">
              <properties>
                <property name="retryIteration" value="0" />
                <property name="repeatIteration" value="0" />
              </properties>
            </test-case>
            <test-case id="1191" name="SweptBodyDetectsPlayerBetweenFrames" fullname="CrowdPunch.Tests.LaunchedEnemyPlayerImpactTests.SweptBodyDetectsPlayerBetweenFrames" methodname="SweptBodyDetectsPlayerBetweenFrames" classname="CrowdPunch.Tests.LaunchedEnemyPlayerImpactTests" runstate="Runnable" seed="207068708" result="Passed" start-time="2026-09-25 10:25:01Z" end-time="2026-09-25 10:25:01Z" duration="0.000252" asserts="0">
              <properties>
                <property name="retryIteration" value="0" />
                <property name="repeatIteration" value="0" />
              </properties>
            </test-case>
          </test-suite>
          <test-suite type="TestFixture" id="1198" name="NavigationSystemTests" fullname="CrowdPunch.Tests.NavigationSystemTests" classname="CrowdPunch.Tests.NavigationSystemTests" runstate="Runnable" testcasecount="13" result="Passed" start-time="2026-09-25 10:25:01Z" end-time="2026-09-25 10:25:01Z" duration="0.233794" total="13" passed="13" failed="0" inconclusive="0" skipped="0" asserts="0">
            <properties />
            <test-case id="1210" name="ChangedGoalCancelsAnUnfinishedResultAndDisabledAssistanceRetainsLegacy" fullname="CrowdPunch.Tests.NavigationSystemTests.ChangedGoalCancelsAnUnfinishedResultAndDisabledAssistanceRetainsLegacy" methodname="ChangedGoalCancelsAnUnfinishedResultAndDisabledAssistanceRetainsLegacy" classname="CrowdPunch.Tests.NavigationSystemTests" runstate="Runnable" seed="978474967" result="Passed" start-time="2026-09-25 10:25:01Z" end-time="2026-09-25 10:25:01Z" duration="0.011244" asserts="0">
              <properties>
                <property name="retryIteration" value="0" />
                <property name="repeatIteration" value="0" />
              </properties>
            </test-case>
            <test-case id="1208" name="Combat017_BoundsReentryCannotCrossStaticObstacles" fullname="CrowdPunch.Tests.NavigationSystemTests.Combat017_BoundsReentryCannotCrossStaticObstacles" methodname="Combat017_BoundsReentryCannotCrossStaticObstacles" classname="CrowdPunch.Tests.NavigationSystemTests" runstate="Runnable" seed="1667211326" result="Passed" start-time="2026-09-25 10:25:01Z" end-time="2026-09-25 10:25:01Z" duration="0.005524" asserts="0">
              <properties>
                <property name="retryIteration" value="0" />
                <property name="repeatIteration" value="0" />
              </properties>
            </test-case>
            <test-case id="1207" name="Combat017_RecoveredBodyOutsideSpacingBoundsCanMoveBackInside" fullname="CrowdPunch.Tests.NavigationSystemTests.Combat017_RecoveredBodyOutsideSpacingBoundsCanMoveBackInside" methodname="Combat017_RecoveredBodyOutsideSpacingBoundsCanMoveBackInside" classname="CrowdPunch.Tests.NavigationSystemTests" runstate="Runnable" seed="736236515" result="Passed" start-time="2026-09-25 10:25:01Z" end-time="2026-09-25 10:25:01Z" duration="0.005976" asserts="0">
              <properties>
                <property name="retryIteration" value="0" />
                <property name="repeatIteration" value="0" />
              </properties>
            </test-case>
            <test-suite type="ParameterizedMethod" id="1206" name="Combat017_RoundEscapeChecksWholeSweepAndRetainsObstacleBlocking" fullname="CrowdPunch.Tests.NavigationSystemTests.Combat017_RoundEscapeChecksWholeSweepAndRetainsObstacleBlocking" classname="CrowdPunch.Tests.NavigationSystemTests" runstate="Runnable" testcasecount="6" result="Passed" start-time="2026-09-25 10:25:01Z" end-time="2026-09-25 10:25:01Z" duration="0.077632" total="6" passed="6" failed="0" inconclusive="0" skipped="0" asserts="0">
              <properties />
              <test-case id="1200" name="Combat017_RoundEscapeChecksWholeSweepAndRetainsObstacleBlocking(-0.4f,-0.4f,-2.0f,-2.0f,False)" fullname="CrowdPunch.Tests.NavigationSystemTests.Combat017_RoundEscapeChecksWholeSweepAndRetainsObstacleBlocking(-0.4f,-0.4f,-2.0f,-2.0f,False)" methodname="Combat017_RoundEscapeChecksWholeSweepAndRetainsObstacleBlocking" classname="CrowdPunch.Tests.NavigationSystemTests" runstate="Runnable" seed="1725447520" result="Passed" start-time="2026-09-25 10:25:01Z" end-time="2026-09-25 10:25:01Z" duration="0.000580" asserts="0">
                <properties>
                  <property name="retryIteration" value="0" />
                  <property name="repeatIteration" value="0" />
                </properties>
              </test-case>
              <test-case id="1201" name="Combat017_RoundEscapeChecksWholeSweepAndRetainsObstacleBlocking(-0.4f,-0.4f,2.0f,2.0f,True)" fullname="CrowdPunch.Tests.NavigationSystemTests.Combat017_RoundEscapeChecksWholeSweepAndRetainsObstacleBlocking(-0.4f,-0.4f,2.0f,2.0f,True)" methodname="Combat017_RoundEscapeChecksWholeSweepAndRetainsObstacleBlocking" classname="CrowdPunch.Tests.NavigationSystemTests" runstate="Runnable" seed="1097291191" result="Passed" start-time="2026-09-25 10:25:01Z" end-time="2026-09-25 10:25:01Z" duration="0.000087" asserts="0">
                <properties>
                  <property name="retryIteration" value="0" />
                  <property name="repeatIteration" value="0" />
                </properties>
              </test-case>
              <test-case id="1202" name="Combat017_RoundEscapeChecksWholeSweepAndRetainsObstacleBlocking(-1.0f,-0.1f,0.1f,-1.0f,False)" fullname="CrowdPunch.Tests.NavigationSystemTests.Combat017_RoundEscapeChecksWholeSweepAndRetainsObstacleBlocking(-1.0f,-0.1f,0.1f,-1.0f,False)" methodname="Combat017_RoundEscapeChecksWholeSweepAndRetainsObstacleBlocking" classname="CrowdPunch.Tests.NavigationSystemTests" runstate="Runnable" seed="1737033497" result="Passed" start-time="2026-09-25 10:25:01Z" end-time="2026-09-25 10:25:01Z" duration="0.000055" asserts="0">
                <properties>
                  <property name="retryIteration" value="0" />
                  <property name="repeatIteration" value="0" />
                </properties>
              </test-case>
              <test-case id="1203" name="Combat017_RoundEscapeChecksWholeSweepAndRetainsObstacleBlocking(-1.0f,-0.1f,0.1f,-0.1f,True)" fullname="CrowdPunch.Tests.NavigationSystemTests.Combat017_RoundEscapeChecksWholeSweepAndRetainsObstacleBlocking(-1.0f,-0.1f,0.1f,-0.1f,True)" methodname="Combat017_RoundEscapeChecksWholeSweepAndRetainsObstacleBlocking" classname="CrowdPunch.Tests.NavigationSystemTests" runstate="Runnable" seed="368497216" result="Passed" start-time="2026-09-25 10:25:01Z" end-time="2026-09-25 10:25:01Z" duration="0.000053" asserts="0">
                <properties>
                  <property name="retryIteration" value="0" />
                  <property name="repeatIteration" value="0" />
                </properties>
              </test-case>
              <test-case id="1204" name="Combat017_RoundEscapeChecksWholeSweepAndRetainsObstacleBlocking(-0.3f,-0.3f,-2.0f,-2.0f,True)" fullname="CrowdPunch.Tests.NavigationSystemTests.Combat017_RoundEscapeChecksWholeSweepAndRetainsObstacleBlocking(-0.3f,-0.3f,-2.0f,-2.0f,True)" methodname="Combat017_RoundEscapeChecksWholeSweepAndRetainsObstacleBlocking" classname="CrowdPunch.Tests.NavigationSystemTests" runstate="Runnable" seed="326246731" result="Passed" start-time="2026-09-25 10:25:01Z" end-time="2026-09-25 10:25:01Z" duration="0.000047" asserts="0">
                <properties>
                  <property name="retryIteration" value="0" />
                  <property name="repeatIteration" value="0" />
                </properties>
              </test-case>
              <test-case id="1205" name="Combat017_RoundEscapeChecksWholeSweepAndRetainsObstacleBlocking(-2.0f,-0.5f,2.0f,-0.5f,True)" fullname="CrowdPunch.Tests.NavigationSystemTests.Combat017_RoundEscapeChecksWholeSweepAndRetainsObstacleBlocking(-2.0f,-0.5f,2.0f,-0.5f,True)" methodname="Combat017_RoundEscapeChecksWholeSweepAndRetainsObstacleBlocking" classname="CrowdPunch.Tests.NavigationSystemTests" runstate="Runnable" seed="883039382" result="Passed" start-time="2026-09-25 10:25:01Z" end-time="2026-09-25 10:25:01Z" duration="0.000049" asserts="0">
                <properties>
                  <property name="retryIteration" value="0" />
                  <property name="repeatIteration" value="0" />
                </properties>
              </test-case>
            </test-suite>
            <test-case id="1199" name="Enemy009_PausedGauntlet07ProjectileEscapesConservativeObstacleCorner" fullname="CrowdPunch.Tests.NavigationSystemTests.Enemy009_PausedGauntlet07ProjectileEscapesConservativeObstacleCorner" methodname="Enemy009_PausedGauntlet07ProjectileEscapesConservativeObstacleCorner" classname="CrowdPunch.Tests.NavigationSystemTests" runstate="Runnable" seed="482395558" result="Passed" start-time="2026-09-25 10:25:01Z" end-time="2026-09-25 10:25:01Z" duration="0.013168" asserts="0">
              <properties>
                <property name="retryIteration" value="0" />
                <property name="repeatIteration" value="0" />
              </properties>
            </test-case>
            <test-case id="1212" name="ImpossibleSetupRetriesAfterCooldownWithoutPretendingToArrive" fullname="CrowdPunch.Tests.NavigationSystemTests.ImpossibleSetupRetriesAfterCooldownWithoutPretendingToArrive" methodname="ImpossibleSetupRetriesAfterCooldownWithoutPretendingToArrive" classname="CrowdPunch.Tests.NavigationSystemTests" runstate="Runnable" seed="1334160933" result="Passed" start-time="2026-09-25 10:25:01Z" end-time="2026-09-25 10:25:01Z" duration="0.005838" asserts="0">
              <properties>
                <property name="retryIteration" value="0" />
                <property name="repeatIteration" value="0" />
              </properties>
            </test-case>
            <test-case id="1211" name="PoolingAndSceneReloadInvalidateSearchAndResumeFromActualPosition" fullname="CrowdPunch.Tests.NavigationSystemTests.PoolingAndSceneReloadInvalidateSearchAndResumeFromActualPosition" methodname="PoolingAndSceneReloadInvalidateSearchAndResumeFromActualPosition" classname="CrowdPunch.Tests.NavigationSystemTests" runstate="Runnable" seed="412147805" result="Passed" start-time="2026-09-25 10:25:01Z" end-time="2026-09-25 10:25:01Z" duration="0.006450" asserts="0">
              <properties>
                <property name="retryIteration" value="0" />
                <property name="repeatIteration" value="0" />
              </properties>
            </test-case>
            <test-case id="1209" name="SharedFifoCompletesEveryWaitingEnemyWithinGlobalBudget" fullname="CrowdPunch.Tests.NavigationSystemTests.SharedFifoCompletesEveryWaitingEnemyWithinGlobalBudget" methodname="SharedFifoCompletesEveryWaitingEnemyWithinGlobalBudget" classname="CrowdPunch.Tests.NavigationSystemTests" runstate="Runnable" seed="653592245" result="Passed" start-time="2026-09-25 10:25:01Z" end-time="2026-09-25 10:25:01Z" duration="0.008548" asserts="0">
              <properties>
                <property name="retryIteration" value="0" />
                <property name="repeatIteration" value="0" />
              </properties>
              <output><![CDATA[Saving results to: C:/Users/pc/AppData/LocalLow/DefaultCompany/CrowdPunch\TestResults.xml
]]></output>
            </test-case>
          </test-suite>
        </test-suite>
      </test-suite>
    </test-suite>
  </test-suite>
</test-run>