<?xml version="1.0" encoding="utf-8"?>
<test-run id="2" testcasecount="56" result="Passed" total="56" passed="56" failed="0" inconclusive="0" skipped="0" asserts="0" engine-version="3.5.0.0" clr-version="4.0.30319.42000" start-time="2026-09-23 12:40:01Z" end-time="2026-09-23 12:40:04Z" duration="2.6397579">
  <test-suite type="TestSuite" id="1000" name="CrowdPunch" fullname="CrowdPunch" runstate="Runnable" testcasecount="164" result="Passed" start-time="2026-09-23 12:40:01Z" end-time="2026-09-23 12:40:04Z" duration="2.639758" total="56" passed="56" failed="0" inconclusive="0" skipped="0" asserts="0">
    <properties>
      <property name="platform" value="EditMode" />
    </properties>
    <test-suite type="Assembly" id="1199" name="Assembly-CSharp-Editor.dll" fullname="C:/Users/pc/Documents/CrowdPunch/Library/ScriptAssemblies/Assembly-CSharp-Editor.dll" runstate="Runnable" testcasecount="163" result="Passed" start-time="2026-09-23 12:40:01Z" end-time="2026-09-23 12:40:04Z" duration="2.628892" total="56" passed="56" failed="0" inconclusive="0" skipped="0" asserts="0">
      <properties>
        <property name="_PID" value="9772" />
        <property name="_APPDOMAIN" value="Unity Child Domain" />
        <property name="platform" value="EditMode" />
        <property name="EditorOnly" value="True" />
      </properties>
      <test-suite type="TestSuite" id="1200" name="CrowdPunch" fullname="CrowdPunch" runstate="Runnable" testcasecount="163" result="Passed" start-time="2026-09-23 12:40:01Z" end-time="2026-09-23 12:40:04Z" duration="2.627996" total="56" passed="56" failed="0" inconclusive="0" skipped="0" asserts="0">
        <properties />
        <test-suite type="TestSuite" id="1201" name="Tests" fullname="CrowdPunch.Tests" runstate="Runnable" testcasecount="163" result="Passed" start-time="2026-09-23 12:40:01Z" end-time="2026-09-23 12:40:04Z" duration="2.627406" total="56" passed="56" failed="0" inconclusive="0" skipped="0" asserts="0">
          <properties />
          <test-suite type="TestFixture" id="1001" name="BossEncounterTests" fullname="CrowdPunch.Tests.BossEncounterTests" classname="CrowdPunch.Tests.BossEncounterTests" runstate="Runnable" testcasecount="27" result="Passed" start-time="2026-09-23 12:40:01Z" end-time="2026-09-23 12:40:02Z" duration="0.349458" total="27" passed="27" failed="0" inconclusive="0" skipped="0" asserts="0">
            <properties />
            <test-suite type="ParameterizedMethod" id="1016" name="Boss001_DasherUsesSameEligibilityAndInvulnerability" fullname="CrowdPunch.Tests.BossEncounterTests.Boss001_DasherUsesSameEligibilityAndInvulnerability" classname="CrowdPunch.Tests.BossEncounterTests" runstate="Runnable" testcasecount="3" result="Passed" start-time="2026-09-23 12:40:01Z" end-time="2026-09-23 12:40:01Z" duration="0.209956" total="3" passed="3" failed="0" inconclusive="0" skipped="0" asserts="0">
              <properties />
              <test-case id="1013" name="Boss001_DasherUsesSameEligibilityAndInvulnerability(Player,True)" fullname="CrowdPunch.Tests.BossEncounterTests.Boss001_DasherUsesSameEligibilityAndInvulnerability(Player,True)" methodname="Boss001_DasherUsesSameEligibilityAndInvulnerability" classname="CrowdPunch.Tests.BossEncounterTests" runstate="Runnable" seed="770883473" result="Passed" start-time="2026-09-23 12:40:01Z" end-time="2026-09-23 12:40:01Z" duration="0.203360" asserts="0">
                <properties>
                  <property name="retryIteration" value="0" />
                  <property name="repeatIteration" value="0" />
                </properties>
              </test-case>
              <test-case id="1014" name="Boss001_DasherUsesSameEligibilityAndInvulnerability(Boss,False)" fullname="CrowdPunch.Tests.BossEncounterTests.Boss001_DasherUsesSameEligibilityAndInvulnerability(Boss,False)" methodname="Boss001_DasherUsesSameEligibilityAndInvulnerability" classname="CrowdPunch.Tests.BossEncounterTests" runstate="Runnable" seed="914157793" result="Passed" start-time="2026-09-23 12:40:01Z" end-time="2026-09-23 12:40:01Z" duration="0.001015" asserts="0">
                <properties>
                  <property name="retryIteration" value="0" />
                  <property name="repeatIteration" value="0" />
                </properties>
              </test-case>
              <test-case id="1015" name="Boss001_DasherUsesSameEligibilityAndInvulnerability(Enemy,False)" fullname="CrowdPunch.Tests.BossEncounterTests.Boss001_DasherUsesSameEligibilityAndInvulnerability(Enemy,False)" methodname="Boss001_DasherUsesSameEligibilityAndInvulnerability" classname="CrowdPunch.Tests.BossEncounterTests" runstate="Runnable" seed="172041704" result="Passed" start-time="2026-09-23 12:40:01Z" end-time="2026-09-23 12:40:01Z" duration="0.000830" asserts="0">
                <properties>
                  <property name="retryIteration" value="0" />
                  <property name="repeatIteration" value="0" />
                </properties>
              </test-case>
            </test-suite>
            <test-case id="1031" name="Boss001_ExplosionAndGenericDamageCannotDamageOrLaunchParts" fullname="CrowdPunch.Tests.BossEncounterTests.Boss001_ExplosionAndGenericDamageCannotDamageOrLaunchParts" methodname="Boss001_ExplosionAndGenericDamageCannotDamageOrLaunchParts" classname="CrowdPunch.Tests.BossEncounterTests" runstate="Runnable" seed="569812999" result="Passed" start-time="2026-09-23 12:40:01Z" end-time="2026-09-23 12:40:01Z" duration="0.034122" asserts="0">
              <properties>
                <property name="retryIteration" value="0" />
                <property name="repeatIteration" value="0" />
              </properties>
            </test-case>
            <test-case id="1007" name="Boss001_ExplosiveBodyContactRequestsOrdinaryDetonationOnlyWhileLaunched" fullname="CrowdPunch.Tests.BossEncounterTests.Boss001_ExplosiveBodyContactRequestsOrdinaryDetonationOnlyWhileLaunched" methodname="Boss001_ExplosiveBodyContactRequestsOrdinaryDetonationOnlyWhileLaunched" classname="CrowdPunch.Tests.BossEncounterTests" runstate="Runnable" seed="382790977" result="Passed" start-time="2026-09-23 12:40:01Z" end-time="2026-09-23 12:40:01Z" duration="0.002168" asserts="0">
              <properties>
                <property name="retryIteration" value="0" />
                <property name="repeatIteration" value="0" />
              </properties>
            </test-case>
            <test-case id="1030" name="Boss001_HeadBounceChoosesTheSideAwayFromTheHead" fullname="CrowdPunch.Tests.BossEncounterTests.Boss001_HeadBounceChoosesTheSideAwayFromTheHead" methodname="Boss001_HeadBounceChoosesTheSideAwayFromTheHead" classname="CrowdPunch.Tests.BossEncounterTests" runstate="Runnable" seed="1594665382" result="Passed" start-time="2026-09-23 12:40:01Z" end-time="2026-09-23 12:40:01Z" duration="0.003947" asserts="0">
              <properties>
                <property name="retryIteration" value="0" />
                <property name="repeatIteration" value="0" />
              </properties>
            </test-case>
            <test-case id="1029" name="Boss001_HeadBouncePreservesAlreadySafeSolverMotion" fullname="CrowdPunch.Tests.BossEncounterTests.Boss001_HeadBouncePreservesAlreadySafeSolverMotion" methodname="Boss001_HeadBouncePreservesAlreadySafeSolverMotion" classname="CrowdPunch.Tests.BossEncounterTests" runstate="Runnable" seed="1203180912" result="Passed" start-time="2026-09-23 12:40:01Z" end-time="2026-09-23 12:40:01Z" duration="0.001090" asserts="0">
              <properties>
                <property name="retryIteration" value="0" />
                <property name="repeatIteration" value="0" />
              </properties>
            </test-case>
            <test-case id="1028" name="Boss001_HeadBounceTurnsAPlayerBoundShotSidewaysWithoutAddingSpeed" fullname="CrowdPunch.Tests.BossEncounterTests.Boss001_HeadBounceTurnsAPlayerBoundShotSidewaysWithoutAddingSpeed" methodname="Boss001_HeadBounceTurnsAPlayerBoundShotSidewaysWithoutAddingSpeed" classname="CrowdPunch.Tests.BossEncounterTests" runstate="Runnable" seed="534088670" result="Passed" start-time="2026-09-23 12:40:01Z" end-time="2026-09-23 12:40:01Z" duration="0.001061" asserts="0">
              <properties>
                <property name="retryIteration" value="0" />
                <property name="repeatIteration" value="0" />
              </properties>
            </test-case>
            <test-case id="1012" name="Boss001_InvulnerabilityAndDuplicateContactsNeverBecomeDelayedDamage" fullname="CrowdPunch.Tests.BossEncounterTests.Boss001_InvulnerabilityAndDuplicateContactsNeverBecomeDelayedDamage" methodname="Boss001_InvulnerabilityAndDuplicateContactsNeverBecomeDelayedDamage" classname="CrowdPunch.Tests.BossEncounterTests" runstate="Runnable" seed="1654562263" result="Passed" start-time="2026-09-23 12:40:01Z" end-time="2026-09-23 12:40:01Z" duration="0.000964" asserts="0">
              <properties>
                <property name="retryIteration" value="0" />
                <property name="repeatIteration" value="0" />
              </properties>
            </test-case>
            <test-suite type="ParameterizedMethod" id="1005" name="Boss001_NonPlayerBodiesAndDescendantsCannotDamageHead" fullname="CrowdPunch.Tests.BossEncounterTests.Boss001_NonPlayerBodiesAndDescendantsCannotDamageHead" classname="CrowdPunch.Tests.BossEncounterTests" runstate="Runnable" testcasecount="3" result="Passed" start-time="2026-09-23 12:40:01Z" end-time="2026-09-23 12:40:01Z" duration="0.005061" total="3" passed="3" failed="0" inconclusive="0" skipped="0" asserts="0">
              <properties />
              <test-case id="1002" name="Boss001_NonPlayerBodiesAndDescendantsCannotDamageHead(ElitePunch)" fullname="CrowdPunch.Tests.BossEncounterTests.Boss001_NonPlayerBodiesAndDescendantsCannotDamageHead(ElitePunch)" methodname="Boss001_NonPlayerBodiesAndDescendantsCannotDamageHead" classname="CrowdPunch.Tests.BossEncounterTests" runstate="Runnable" seed="1733670379" result="Passed" start-time="2026-09-23 12:40:01Z" end-time="2026-09-23 12:40:01Z" duration="0.001022" asserts="0">
                <properties>
                  <property name="retryIteration" value="0" />
                  <property name="repeatIteration" value="0" />
                </properties>
              </test-case>
              <test-case id="1003" name="Boss001_NonPlayerBodiesAndDescendantsCannotDamageHead(BossAttack)" fullname="CrowdPunch.Tests.BossEncounterTests.Boss001_NonPlayerBodiesAndDescendantsCannotDamageHead(BossAttack)" methodname="Boss001_NonPlayerBodiesAndDescendantsCannotDamageHead" classname="CrowdPunch.Tests.BossEncounterTests" runstate="Runnable" seed="495772335" result="Passed" start-time="2026-09-23 12:40:01Z" end-time="2026-09-23 12:40:01Z" duration="0.000786" asserts="0">
                <properties>
                  <property name="retryIteration" value="0" />
                  <property name="repeatIteration" value="0" />
                </properties>
              </test-case>
              <test-case id="1004" name="Boss001_NonPlayerBodiesAndDescendantsCannotDamageHead(Explosion)" fullname="CrowdPunch.Tests.BossEncounterTests.Boss001_NonPlayerBodiesAndDescendantsCannotDamageHead(Explosion)" methodname="Boss001_NonPlayerBodiesAndDescendantsCannotDamageHead" classname="CrowdPunch.Tests.BossEncounterTests" runstate="Runnable" seed="1312886005" result="Passed" start-time="2026-09-23 12:40:01Z" end-time="2026-09-23 12:40:01Z" duration="0.000717" asserts="0">
                <properties>
                  <property name="retryIteration" value="0" />
                  <property name="repeatIteration" value="0" />
                </properties>
              </test-case>
            </test-suite>
            <test-case id="1006" name="Boss001_PlayerPropagationRemainsEligible" fullname="CrowdPunch.Tests.BossEncounterTests.Boss001_PlayerPropagationRemainsEligible" methodname="Boss001_PlayerPropagationRemainsEligible" classname="CrowdPunch.Tests.BossEncounterTests" runstate="Runnable" seed="1294018475" result="Passed" start-time="2026-09-23 12:40:01Z" end-time="2026-09-23 12:40:01Z" duration="0.000821" asserts="0">
              <properties>
                <property name="retryIteration" value="0" />
                <property name="repeatIteration" value="0" />
              </properties>
            </test-case>
            <test-case id="1032" name="Boss001_RangedProjectileCrossingHeadCannotDamageIt" fullname="CrowdPunch.Tests.BossEncounterTests.Boss001_RangedProjectileCrossingHeadCannotDamageIt" methodname="Boss001_RangedProjectileCrossingHeadCannotDamageIt" classname="CrowdPunch.Tests.BossEncounterTests" runstate="Runnable" seed="1835182013" result="Passed" start-time="2026-09-23 12:40:01Z" end-time="2026-09-23 12:40:01Z" duration="0.008376" asserts="0">
              <properties>
                <property name="retryIteration" value="0" />
                <property name="repeatIteration" value="0" />
              </properties>
            </test-case>
            <test-suite type="ParameterizedMethod" id="1027" name="Boss002_AttackLocksThePlayersPositionAcrossTheCourt" fullname="CrowdPunch.Tests.BossEncounterTests.Boss002_AttackLocksThePlayersPositionAcrossTheCourt" classname="CrowdPunch.Tests.BossEncounterTests" runstate="Runnable" testcasecount="3" result="Passed" start-time="2026-09-23 12:40:01Z" end-time="2026-09-23 12:40:01Z" duration="0.012651" total="3" passed="3" failed="0" inconclusive="0" skipped="0" asserts="0">
              <properties />
              <test-case id="1024" name="Boss002_AttackLocksThePlayersPositionAcrossTheCourt(0)" fullname="CrowdPunch.Tests.BossEncounterTests.Boss002_AttackLocksThePlayersPositionAcrossTheCourt(0)" methodname="Boss002_AttackLocksThePlayersPositionAcrossTheCourt" classname="CrowdPunch.Tests.BossEncounterTests" runstate="Runnable" seed="1063992477" result="Passed" start-time="2026-09-23 12:40:01Z" end-time="2026-09-23 12:40:01Z" duration="0.009204" asserts="0">
                <properties>
                  <property name="retryIteration" value="0" />
                  <property name="repeatIteration" value="0" />
                </properties>
              </test-case>
              <test-case id="1025" name="Boss002_AttackLocksThePlayersPositionAcrossTheCourt(1)" fullname="CrowdPunch.Tests.BossEncounterTests.Boss002_AttackLocksThePlayersPositionAcrossTheCourt(1)" methodname="Boss002_AttackLocksThePlayersPositionAcrossTheCourt" classname="CrowdPunch.Tests.BossEncounterTests" runstate="Runnable" seed="2109111033" result="Passed" start-time="2026-09-23 12:40:01Z" end-time="2026-09-23 12:40:01Z" duration="0.001230" asserts="0">
                <properties>
                  <property name="retryIteration" value="0" />
                  <property name="repeatIteration" value="0" />
                </properties>
              </test-case>
              <test-case id="1026" name="Boss002_AttackLocksThePlayersPositionAcrossTheCourt(2)" fullname="CrowdPunch.Tests.BossEncounterTests.Boss002_AttackLocksThePlayersPositionAcrossTheCourt(2)" methodname="Boss002_AttackLocksThePlayersPositionAcrossTheCourt" classname="CrowdPunch.Tests.BossEncounterTests" runstate="Runnable" seed="2101598078" result="Passed" start-time="2026-09-23 12:40:01Z" end-time="2026-09-23 12:40:01Z" duration="0.001132" asserts="0">
                <properties>
                  <property name="retryIteration" value="0" />
                  <property name="repeatIteration" value="0" />
                </properties>
              </test-case>
            </test-suite>
            <test-suite type="ParameterizedMethod" id="1011" name="Boss002_PlayerPunchCannotAffectParts" fullname="CrowdPunch.Tests.BossEncounterTests.Boss002_PlayerPunchCannotAffectParts" classname="CrowdPunch.Tests.BossEncounterTests" runstate="Runnable" testcasecount="2" result="Passed" start-time="2026-09-23 12:40:01Z" end-time="2026-09-23 12:40:01Z" duration="0.003247" total="2" passed="2" failed="0" inconclusive="0" skipped="0" asserts="0">
              <properties />
              <test-case id="1009" name="Boss002_PlayerPunchCannotAffectParts(Head)" fullname="CrowdPunch.Tests.BossEncounterTests.Boss002_PlayerPunchCannotAffectParts(Head)" methodname="Boss002_PlayerPunchCannotAffectParts" classname="CrowdPunch.Tests.BossEncounterTests" runstate="Runnable" seed="1529501664" result="Passed" start-time="2026-09-23 12:40:01Z" end-time="2026-09-23 12:40:01Z" duration="0.001607" asserts="0">
                <properties>
                  <property name="retryIteration" value="0" />
                  <property name="repeatIteration" value="0" />
                </properties>
              </test-case>
              <test-case id="1010" name="Boss002_PlayerPunchCannotAffectParts(LeftHand)" fullname="CrowdPunch.Tests.BossEncounterTests.Boss002_PlayerPunchCannotAffectParts(LeftHand)" methodname="Boss002_PlayerPunchCannotAffectParts" classname="CrowdPunch.Tests.BossEncounterTests" runstate="Runnable" seed="1615350948" result="Passed" start-time="2026-09-23 12:40:01Z" end-time="2026-09-23 12:40:01Z" duration="0.000745" asserts="0">
                <properties>
                  <property name="retryIteration" value="0" />
                  <property name="repeatIteration" value="0" />
                </properties>
              </test-case>
            </test-suite>
            <test-case id="1017" name="Boss002_StaggerInterruptsActiveStrikeAndHasRepeatProtection" fullname="CrowdPunch.Tests.BossEncounterTests.Boss002_StaggerInterruptsActiveStrikeAndHasRepeatProtection" methodname="Boss002_StaggerInterruptsActiveStrikeAndHasRepeatProtection" classname="CrowdPunch.Tests.BossEncounterTests" runstate="Runnable" seed="1870664085" result="Passed" start-time="2026-09-23 12:40:01Z" end-time="2026-09-23 12:40:01Z" duration="0.001028" asserts="0">
              <properties>
                <property name="retryIteration" value="0" />
                <property name="repeatIteration" value="0" />
              </properties>
            </test-case>
            <test-case id="1008" name="Boss003_RealFreshPunchReclaimsBossBodyAndReplacesMomentum" fullname="CrowdPunch.Tests.BossEncounterTests.Boss003_RealFreshPunchReclaimsBossBodyAndReplacesMomentum" methodname="Boss003_RealFreshPunchReclaimsBossBodyAndReplacesMomentum" classname="CrowdPunch.Tests.BossEncounterTests" runstate="Runnable" seed="2019712126" result="Passed" start-time="2026-09-23 12:40:01Z" end-time="2026-09-23 12:40:01Z" duration="0.002414" asserts="0">
              <properties>
                <property name="retryIteration" value="0" />
                <property name="repeatIteration" value="0" />
              </properties>
            </test-case>
            <test-case id="1018" name="Boss004_BurstStopsAtEachThresholdAndCancelsBothHitboxes" fullname="CrowdPunch.Tests.BossEncounterTests.Boss004_BurstStopsAtEachThresholdAndCancelsBothHitboxes" methodname="Boss004_BurstStopsAtEachThresholdAndCancelsBothHitboxes" classname="CrowdPunch.Tests.BossEncounterTests" runstate="Runnable" seed="2004403859" result="Passed" start-time="2026-09-23 12:40:01Z" end-time="2026-09-23 12:40:02Z" duration="0.002212" asserts="0">
              <properties>
                <property name="retryIteration" value="0" />
                <property name="repeatIteration" value="0" />
              </properties>
            </test-case>
            <test-case id="1023" name="Boss005_HandRetargetCannotCarryItsEnlargedColliderOutOfBounds" fullname="CrowdPunch.Tests.BossEncounterTests.Boss005_HandRetargetCannotCarryItsEnlargedColliderOutOfBounds" methodname="Boss005_HandRetargetCannotCarryItsEnlargedColliderOutOfBounds" classname="CrowdPunch.Tests.BossEncounterTests" runstate="Runnable" seed="964131900" result="Passed" start-time="2026-09-23 12:40:02Z" end-time="2026-09-23 12:40:02Z" duration="0.001247" asserts="0">
              <properties>
                <property name="retryIteration" value="0" />
                <property name="repeatIteration" value="0" />
              </properties>
            </test-case>
            <test-case id="1022" name="Boss005_RoundedPerimeterIsContinuousAndAlwaysInsideBounds" fullname="CrowdPunch.Tests.BossEncounterTests.Boss005_RoundedPerimeterIsContinuousAndAlwaysInsideBounds" methodname="Boss005_RoundedPerimeterIsContinuousAndAlwaysInsideBounds" classname="CrowdPunch.Tests.BossEncounterTests" runstate="Runnable" seed="2007616948" result="Passed" start-time="2026-09-23 12:40:02Z" end-time="2026-09-23 12:40:02Z" duration="0.021398" asserts="0">
              <properties>
                <property name="retryIteration" value="0" />
                <property name="repeatIteration" value="0" />
              </properties>
            </test-case>
            <test-case id="1019" name="Boss006_ReplenishmentStopsWithBossDeathAndDoesNotCreateExtraEntities" fullname="CrowdPunch.Tests.BossEncounterTests.Boss006_ReplenishmentStopsWithBossDeathAndDoesNotCreateExtraEntities" methodname="Boss006_ReplenishmentStopsWithBossDeathAndDoesNotCreateExtraEntities" classname="CrowdPunch.Tests.BossEncounterTests" runstate="Runnable" seed="184419901" result="Passed" start-time="2026-09-23 12:40:02Z" end-time="2026-09-23 12:40:02Z" duration="0.005534" asserts="0">
              <properties>
                <property name="retryIteration" value="0" />
                <property name="repeatIteration" value="0" />
              </properties>
            </test-case>
            <test-case id="1020" name="Boss007_CrowdCompletionCannotWinAndHeadDefeatReportsOnce" fullname="CrowdPunch.Tests.BossEncounterTests.Boss007_CrowdCompletionCannotWinAndHeadDefeatReportsOnce" methodname="Boss007_CrowdCompletionCannotWinAndHeadDefeatReportsOnce" classname="CrowdPunch.Tests.BossEncounterTests" runstate="Runnable" seed="1341873940" result="Passed" start-time="2026-09-23 12:40:02Z" end-time="2026-09-23 12:40:02Z" duration="0.006475" asserts="0">
              <properties>
                <property name="retryIteration" value="0" />
                <property name="repeatIteration" value="0" />
              </properties>
            </test-case>
            <test-case id="1021" name="Boss007_RestartClearsAllBossAndCrowdOwnership" fullname="CrowdPunch.Tests.BossEncounterTests.Boss007_RestartClearsAllBossAndCrowdOwnership" methodname="Boss007_RestartClearsAllBossAndCrowdOwnership" classname="CrowdPunch.Tests.BossEncounterTests" runstate="Runnable" seed="1952194551" result="Passed" start-time="2026-09-23 12:40:02Z" end-time="2026-09-23 12:40:02Z" duration="0.014026" asserts="0">
              <properties>
                <property name="retryIteration" value="0" />
                <property name="repeatIteration" value="0" />
              </properties>
            </test-case>
          </test-suite>
          <test-suite type="TestFixture" id="1040" name="DasherObstacleRedirectTests" fullname="CrowdPunch.Tests.DasherObstacleRedirectTests" classname="CrowdPunch.Tests.DasherObstacleRedirectTests" runstate="Runnable" testcasecount="2" result="Passed" start-time="2026-09-23 12:40:02Z" end-time="2026-09-23 12:40:02Z" duration="0.002267" total="2" passed="2" failed="0" inconclusive="0" skipped="0" asserts="0">
            <properties />
            <test-case id="1042" name="Enemy005HeadOnObstacleRedirectReflectsWhenSolverStopsHorizontalMotion" fullname="CrowdPunch.Tests.DasherObstacleRedirectTests.Enemy005HeadOnObstacleRedirectReflectsWhenSolverStopsHorizontalMotion" methodname="Enemy005HeadOnObstacleRedirectReflectsWhenSolverStopsHorizontalMotion" classname="CrowdPunch.Tests.DasherObstacleRedirectTests" runstate="Runnable" seed="839629832" result="Passed" start-time="2026-09-23 12:40:02Z" end-time="2026-09-23 12:40:02Z" duration="0.000589" asserts="0">
              <properties>
                <property name="retryIteration" value="0" />
                <property name="repeatIteration" value="0" />
              </properties>
            </test-case>
            <test-case id="1041" name="Enemy005ObstacleRedirectUsesSolvedLaunchLikeDirection" fullname="CrowdPunch.Tests.DasherObstacleRedirectTests.Enemy005ObstacleRedirectUsesSolvedLaunchLikeDirection" methodname="Enemy005ObstacleRedirectUsesSolvedLaunchLikeDirection" classname="CrowdPunch.Tests.DasherObstacleRedirectTests" runstate="Runnable" seed="1255963134" result="Passed" start-time="2026-09-23 12:40:02Z" end-time="2026-09-23 12:40:02Z" duration="0.000197" asserts="0">
              <properties>
                <property name="retryIteration" value="0" />
                <property name="repeatIteration" value="0" />
              </properties>
            </test-case>
          </test-suite>
          <test-suite type="TestFixture" id="1137" name="GauntletProgressionTests" fullname="CrowdPunch.Tests.GauntletProgressionTests" classname="CrowdPunch.Tests.GauntletProgressionTests" runstate="Runnable" testcasecount="16" result="Passed" start-time="2026-09-23 12:40:02Z" end-time="2026-09-23 12:40:04Z" duration="2.261386" total="16" passed="16" failed="0" inconclusive="0" skipped="0" asserts="0">
            <properties />
            <test-suite type="ParameterizedMethod" id="1149" name="Combat017_LevelReferencesBoundsAndSpawnRegionsAreValid" fullname="CrowdPunch.Tests.GauntletProgressionTests.Combat017_LevelReferencesBoundsAndSpawnRegionsAreValid" classname="CrowdPunch.Tests.GauntletProgressionTests" runstate="Runnable" testcasecount="10" result="Passed" start-time="2026-09-23 12:40:02Z" end-time="2026-09-23 12:40:03Z" duration="1.507015" total="10" passed="10" failed="0" inconclusive="0" skipped="0" asserts="0">
              <properties />
              <test-case id="1139" name="Combat017_LevelReferencesBoundsAndSpawnRegionsAreValid(1)" fullname="CrowdPunch.Tests.GauntletProgressionTests.Combat017_LevelReferencesBoundsAndSpawnRegionsAreValid(1)" methodname="Combat017_LevelReferencesBoundsAndSpawnRegionsAreValid" classname="CrowdPunch.Tests.GauntletProgressionTests" runstate="Runnable" seed="815873173" result="Passed" start-time="2026-09-23 12:40:02Z" end-time="2026-09-23 12:40:02Z" duration="0.312712" asserts="0">
                <properties>
                  <property name="retryIteration" value="0" />
                  <property name="repeatIteration" value="0" />
                </properties>
              </test-case>
              <test-case id="1140" name="Combat017_LevelReferencesBoundsAndSpawnRegionsAreValid(2)" fullname="CrowdPunch.Tests.GauntletProgressionTests.Combat017_LevelReferencesBoundsAndSpawnRegionsAreValid(2)" methodname="Combat017_LevelReferencesBoundsAndSpawnRegionsAreValid" classname="CrowdPunch.Tests.GauntletProgressionTests" runstate="Runnable" seed="740016173" result="Passed" start-time="2026-09-23 12:40:02Z" end-time="2026-09-23 12:40:02Z" duration="0.162986" asserts="0">
                <properties>
                  <property name="retryIteration" value="0" />
                  <property name="repeatIteration" value="0" />
                </properties>
              </test-case>
              <test-case id="1141" name="Combat017_LevelReferencesBoundsAndSpawnRegionsAreValid(3)" fullname="CrowdPunch.Tests.GauntletProgressionTests.Combat017_LevelReferencesBoundsAndSpawnRegionsAreValid(3)" methodname="Combat017_LevelReferencesBoundsAndSpawnRegionsAreValid" classname="CrowdPunch.Tests.GauntletProgressionTests" runstate="Runnable" seed="1436827939" result="Passed" start-time="2026-09-23 12:40:02Z" end-time="2026-09-23 12:40:02Z" duration="0.137336" asserts="0">
                <properties>
                  <property name="retryIteration" value="0" />
                  <property name="repeatIteration" value="0" />
                </properties>
              </test-case>
              <test-case id="1142" name="Combat017_LevelReferencesBoundsAndSpawnRegionsAreValid(4)" fullname="CrowdPunch.Tests.GauntletProgressionTests.Combat017_LevelReferencesBoundsAndSpawnRegionsAreValid(4)" methodname="Combat017_LevelReferencesBoundsAndSpawnRegionsAreValid" classname="CrowdPunch.Tests.GauntletProgressionTests" runstate="Runnable" seed="712236131" result="Passed" start-time="2026-09-23 12:40:02Z" end-time="2026-09-23 12:40:02Z" duration="0.138796" asserts="0">
                <properties>
                  <property name="retryIteration" value="0" />
                  <property name="repeatIteration" value="0" />
                </properties>
              </test-case>
              <test-case id="1143" name="Combat017_LevelReferencesBoundsAndSpawnRegionsAreValid(5)" fullname="CrowdPunch.Tests.GauntletProgressionTests.Combat017_LevelReferencesBoundsAndSpawnRegionsAreValid(5)" methodname="Combat017_LevelReferencesBoundsAndSpawnRegionsAreValid" classname="CrowdPunch.Tests.GauntletProgressionTests" runstate="Runnable" seed="664572335" result="Passed" start-time="2026-09-23 12:40:02Z" end-time="2026-09-23 12:40:02Z" duration="0.125673" asserts="0">
                <properties>
                  <property name="retryIteration" value="0" />
                  <property name="repeatIteration" value="0" />
                </properties>
              </test-case>
              <test-case id="1144" name="Combat017_LevelReferencesBoundsAndSpawnRegionsAreValid(6)" fullname="CrowdPunch.Tests.GauntletProgressionTests.Combat017_LevelReferencesBoundsAndSpawnRegionsAreValid(6)" methodname="Combat017_LevelReferencesBoundsAndSpawnRegionsAreValid" classname="CrowdPunch.Tests.GauntletProgressionTests" runstate="Runnable" seed="192141976" result="Passed" start-time="2026-09-23 12:40:02Z" end-time="2026-09-23 12:40:03Z" duration="0.123284" asserts="0">
                <properties>
                  <property name="retryIteration" value="0" />
                  <property name="repeatIteration" value="0" />
                </properties>
              </test-case>
              <test-case id="1145" name="Combat017_LevelReferencesBoundsAndSpawnRegionsAreValid(7)" fullname="CrowdPunch.Tests.GauntletProgressionTests.Combat017_LevelReferencesBoundsAndSpawnRegionsAreValid(7)" methodname="Combat017_LevelReferencesBoundsAndSpawnRegionsAreValid" classname="CrowdPunch.Tests.GauntletProgressionTests" runstate="Runnable" seed="60696310" result="Passed" start-time="2026-09-23 12:40:03Z" end-time="2026-09-23 12:40:03Z" duration="0.125783" asserts="0">
                <properties>
                  <property name="retryIteration" value="0" />
                  <property name="repeatIteration" value="0" />
                </properties>
              </test-case>
              <test-case id="1146" name="Combat017_LevelReferencesBoundsAndSpawnRegionsAreValid(8)" fullname="CrowdPunch.Tests.GauntletProgressionTests.Combat017_LevelReferencesBoundsAndSpawnRegionsAreValid(8)" methodname="Combat017_LevelReferencesBoundsAndSpawnRegionsAreValid" classname="CrowdPunch.Tests.GauntletProgressionTests" runstate="Runnable" seed="1037269235" result="Passed" start-time="2026-09-23 12:40:03Z" end-time="2026-09-23 12:40:03Z" duration="0.123620" asserts="0">
                <properties>
                  <property name="retryIteration" value="0" />
                  <property name="repeatIteration" value="0" />
                </properties>
              </test-case>
              <test-case id="1147" name="Combat017_LevelReferencesBoundsAndSpawnRegionsAreValid(9)" fullname="CrowdPunch.Tests.GauntletProgressionTests.Combat017_LevelReferencesBoundsAndSpawnRegionsAreValid(9)" methodname="Combat017_LevelReferencesBoundsAndSpawnRegionsAreValid" classname="CrowdPunch.Tests.GauntletProgressionTests" runstate="Runnable" seed="898338143" result="Passed" start-time="2026-09-23 12:40:03Z" end-time="2026-09-23 12:40:03Z" duration="0.125031" asserts="0">
                <properties>
                  <property name="retryIteration" value="0" />
                  <property name="repeatIteration" value="0" />
                </properties>
              </test-case>
              <test-case id="1148" name="Combat017_LevelReferencesBoundsAndSpawnRegionsAreValid(10)" fullname="CrowdPunch.Tests.GauntletProgressionTests.Combat017_LevelReferencesBoundsAndSpawnRegionsAreValid(10)" methodname="Combat017_LevelReferencesBoundsAndSpawnRegionsAreValid" classname="CrowdPunch.Tests.GauntletProgressionTests" runstate="Runnable" seed="1821066940" result="Passed" start-time="2026-09-23 12:40:03Z" end-time="2026-09-23 12:40:03Z" duration="0.129555" asserts="0">
                <properties>
                  <property name="retryIteration" value="0" />
                  <property name="repeatIteration" value="0" />
                </properties>
              </test-case>
            </test-suite>
            <test-suite type="ParameterizedMethod" id="1154" name="Enemy011_OutOfBoundsPooledNormalCannotStrandTheEncounter" fullname="CrowdPunch.Tests.GauntletProgressionTests.Enemy011_OutOfBoundsPooledNormalCannotStrandTheEncounter" classname="CrowdPunch.Tests.GauntletProgressionTests" runstate="Runnable" testcasecount="2" result="Passed" start-time="2026-09-23 12:40:03Z" end-time="2026-09-23 12:40:03Z" duration="0.248329" total="2" passed="2" failed="0" inconclusive="0" skipped="0" asserts="0">
              <properties />
              <test-case id="1152" name="Enemy011_OutOfBoundsPooledNormalCannotStrandTheEncounter(False)" fullname="CrowdPunch.Tests.GauntletProgressionTests.Enemy011_OutOfBoundsPooledNormalCannotStrandTheEncounter(False)" methodname="Enemy011_OutOfBoundsPooledNormalCannotStrandTheEncounter" classname="CrowdPunch.Tests.GauntletProgressionTests" runstate="Runnable" seed="132131831" result="Passed" start-time="2026-09-23 12:40:03Z" end-time="2026-09-23 12:40:03Z" duration="0.131445" asserts="0">
                <properties>
                  <property name="retryIteration" value="0" />
                  <property name="repeatIteration" value="0" />
                </properties>
              </test-case>
              <test-case id="1153" name="Enemy011_OutOfBoundsPooledNormalCannotStrandTheEncounter(True)" fullname="CrowdPunch.Tests.GauntletProgressionTests.Enemy011_OutOfBoundsPooledNormalCannotStrandTheEncounter(True)" methodname="Enemy011_OutOfBoundsPooledNormalCannotStrandTheEncounter" classname="CrowdPunch.Tests.GauntletProgressionTests" runstate="Runnable" seed="487318345" result="Passed" start-time="2026-09-23 12:40:03Z" end-time="2026-09-23 12:40:03Z" duration="0.109494" asserts="0">
                <properties>
                  <property name="retryIteration" value="0" />
                  <property name="repeatIteration" value="0" />
                </properties>
              </test-case>
            </test-suite>
            <test-case id="1150" name="Enemy011_PooledDefeatedEliteCannotRestartReplenishment" fullname="CrowdPunch.Tests.GauntletProgressionTests.Enemy011_PooledDefeatedEliteCannotRestartReplenishment" methodname="Enemy011_PooledDefeatedEliteCannotRestartReplenishment" classname="CrowdPunch.Tests.GauntletProgressionTests" runstate="Runnable" seed="65374130" result="Passed" start-time="2026-09-23 12:40:03Z" end-time="2026-09-23 12:40:03Z" duration="0.112279" asserts="0">
              <properties>
                <property name="retryIteration" value="0" />
                <property name="repeatIteration" value="0" />
              </properties>
            </test-case>
            <test-case id="1138" name="Loop002_ActiveSequenceAndBuildSettingsContainElevenOrderedLevels" fullname="CrowdPunch.Tests.GauntletProgressionTests.Loop002_ActiveSequenceAndBuildSettingsContainElevenOrderedLevels" methodname="Loop002_ActiveSequenceAndBuildSettingsContainElevenOrderedLevels" classname="CrowdPunch.Tests.GauntletProgressionTests" runstate="Runnable" seed="1762526782" result="Passed" start-time="2026-09-23 12:40:03Z" end-time="2026-09-23 12:40:04Z" duration="0.168702" asserts="0">
              <properties>
                <property name="retryIteration" value="0" />
                <property name="repeatIteration" value="0" />
              </properties>
            </test-case>
            <test-case id="1155" name="Loop006_CompletionRequiresEverySequenceAndReportsOnce" fullname="CrowdPunch.Tests.GauntletProgressionTests.Loop006_CompletionRequiresEverySequenceAndReportsOnce" methodname="Loop006_CompletionRequiresEverySequenceAndReportsOnce" classname="CrowdPunch.Tests.GauntletProgressionTests" runstate="Runnable" seed="241858633" result="Passed" start-time="2026-09-23 12:40:04Z" end-time="2026-09-23 12:40:04Z" duration="0.109846" asserts="0">
              <properties>
                <property name="retryIteration" value="0" />
                <property name="repeatIteration" value="0" />
              </properties>
            </test-case>
            <test-case id="1151" name="Loop006_RestartDestroysShotsAndLinkedBodiesAndResetsEncounter" fullname="CrowdPunch.Tests.GauntletProgressionTests.Loop006_RestartDestroysShotsAndLinkedBodiesAndResetsEncounter" methodname="Loop006_RestartDestroysShotsAndLinkedBodiesAndResetsEncounter" classname="CrowdPunch.Tests.GauntletProgressionTests" runstate="Runnable" seed="1745785942" result="Passed" start-time="2026-09-23 12:40:04Z" end-time="2026-09-23 12:40:04Z" duration="0.113467" asserts="0">
              <properties>
                <property name="retryIteration" value="0" />
                <property name="repeatIteration" value="0" />
              </properties>
            </test-case>
          </test-suite>
          <test-suite type="TestFixture" id="1156" name="LaunchedEnemyPlayerImpactTests" fullname="CrowdPunch.Tests.LaunchedEnemyPlayerImpactTests" classname="CrowdPunch.Tests.LaunchedEnemyPlayerImpactTests" runstate="Runnable" testcasecount="11" result="Passed" start-time="2026-09-23 12:40:04Z" end-time="2026-09-23 12:40:04Z" duration="0.012777" total="11" passed="11" failed="0" inconclusive="0" skipped="0" asserts="0">
            <properties />
            <test-case id="1164" name="DynamicMassConvertsVelocityToEstimatedImpulse" fullname="CrowdPunch.Tests.LaunchedEnemyPlayerImpactTests.DynamicMassConvertsVelocityToEstimatedImpulse" methodname="DynamicMassConvertsVelocityToEstimatedImpulse" classname="CrowdPunch.Tests.LaunchedEnemyPlayerImpactTests" runstate="Runnable" seed="2143789121" result="Passed" start-time="2026-09-23 12:40:04Z" end-time="2026-09-23 12:40:04Z" duration="0.000279" asserts="0">
              <properties>
                <property name="retryIteration" value="0" />
                <property name="repeatIteration" value="0" />
              </properties>
            </test-case>
            <test-case id="1157" name="EnemyAndPlayerTargetsUseSharedCollisionDamageCurve" fullname="CrowdPunch.Tests.LaunchedEnemyPlayerImpactTests.EnemyAndPlayerTargetsUseSharedCollisionDamageCurve" methodname="EnemyAndPlayerTargetsUseSharedCollisionDamageCurve" classname="CrowdPunch.Tests.LaunchedEnemyPlayerImpactTests" runstate="Runnable" seed="435477501" result="Passed" start-time="2026-09-23 12:40:04Z" end-time="2026-09-23 12:40:04Z" duration="0.000268" asserts="0">
              <properties>
                <property name="retryIteration" value="0" />
                <property name="repeatIteration" value="0" />
              </properties>
            </test-case>
            <test-case id="1169" name="EnemyRepunchDoesNotUsePlayerReplacementRule" fullname="CrowdPunch.Tests.LaunchedEnemyPlayerImpactTests.EnemyRepunchDoesNotUsePlayerReplacementRule" methodname="EnemyRepunchDoesNotUsePlayerReplacementRule" classname="CrowdPunch.Tests.LaunchedEnemyPlayerImpactTests" runstate="Runnable" seed="2057753086" result="Passed" start-time="2026-09-23 12:40:04Z" end-time="2026-09-23 12:40:04Z" duration="0.000179" asserts="0">
              <properties>
                <property name="retryIteration" value="0" />
                <property name="repeatIteration" value="0" />
              </properties>
            </test-case>
            <test-suite type="ParameterizedMethod" id="1161" name="LaunchedBodyCanDamagePlayerRegardlessOfOwner" fullname="CrowdPunch.Tests.LaunchedEnemyPlayerImpactTests.LaunchedBodyCanDamagePlayerRegardlessOfOwner" classname="CrowdPunch.Tests.LaunchedEnemyPlayerImpactTests" runstate="Runnable" testcasecount="2" result="Passed" start-time="2026-09-23 12:40:04Z" end-time="2026-09-23 12:40:04Z" duration="0.001994" total="2" passed="2" failed="0" inconclusive="0" skipped="0" asserts="0">
              <properties />
              <test-case id="1159" name="LaunchedBodyCanDamagePlayerRegardlessOfOwner(Player)" fullname="CrowdPunch.Tests.LaunchedEnemyPlayerImpactTests.LaunchedBodyCanDamagePlayerRegardlessOfOwner(Player)" methodname="LaunchedBodyCanDamagePlayerRegardlessOfOwner" classname="CrowdPunch.Tests.LaunchedEnemyPlayerImpactTests" runstate="Runnable" seed="988269787" result="Passed" start-time="2026-09-23 12:40:04Z" end-time="2026-09-23 12:40:04Z" duration="0.000216" asserts="0">
                <properties>
                  <property name="retryIteration" value="0" />
                  <property name="repeatIteration" value="0" />
                </properties>
              </test-case>
              <test-case id="1160" name="LaunchedBodyCanDamagePlayerRegardlessOfOwner(Enemy)" fullname="CrowdPunch.Tests.LaunchedEnemyPlayerImpactTests.LaunchedBodyCanDamagePlayerRegardlessOfOwner(Enemy)" methodname="LaunchedBodyCanDamagePlayerRegardlessOfOwner" classname="CrowdPunch.Tests.LaunchedEnemyPlayerImpactTests" runstate="Runnable" seed="1711334586" result="Passed" start-time="2026-09-23 12:40:04Z" end-time="2026-09-23 12:40:04Z" duration="0.000057" asserts="0">
                <properties>
                  <property name="retryIteration" value="0" />
                  <property name="repeatIteration" value="0" />
                </properties>
              </test-case>
            </test-suite>
            <test-case id="1162" name="LaunchedBodyDamagesPlayerOnlyOncePerLaunchSequence" fullname="CrowdPunch.Tests.LaunchedEnemyPlayerImpactTests.LaunchedBodyDamagesPlayerOnlyOncePerLaunchSequence" methodname="LaunchedBodyDamagesPlayerOnlyOncePerLaunchSequence" classname="CrowdPunch.Tests.LaunchedEnemyPlayerImpactTests" runstate="Runnable" seed="1054630538" result="Passed" start-time="2026-09-23 12:40:04Z" end-time="2026-09-23 12:40:04Z" duration="0.000124" asserts="0">
              <properties>
                <property name="retryIteration" value="0" />
                <property name="repeatIteration" value="0" />
              </properties>
            </test-case>
            <test-case id="1158" name="LaunchOwnershipStillTracksItsCause" fullname="CrowdPunch.Tests.LaunchedEnemyPlayerImpactTests.LaunchOwnershipStillTracksItsCause" methodname="LaunchOwnershipStillTracksItsCause" classname="CrowdPunch.Tests.LaunchedEnemyPlayerImpactTests" runstate="Runnable" seed="333701378" result="Passed" start-time="2026-09-23 12:40:04Z" end-time="2026-09-23 12:40:04Z" duration="0.000111" asserts="0">
              <properties>
                <property name="retryIteration" value="0" />
                <property name="repeatIteration" value="0" />
              </properties>
            </test-case>
            <test-suite type="ParameterizedMethod" id="1168" name="Player004_FirstAndRecoveringPunchesReplaceVelocityToMatchPreview" fullname="CrowdPunch.Tests.LaunchedEnemyPlayerImpactTests.Player004_FirstAndRecoveringPunchesReplaceVelocityToMatchPreview" classname="CrowdPunch.Tests.LaunchedEnemyPlayerImpactTests" runstate="Runnable" testcasecount="2" result="Passed" start-time="2026-09-23 12:40:04Z" end-time="2026-09-23 12:40:04Z" duration="0.000931" total="2" passed="2" failed="0" inconclusive="0" skipped="0" asserts="0">
              <properties />
              <test-case id="1166" name="Player004_FirstAndRecoveringPunchesReplaceVelocityToMatchPreview(Active)" fullname="CrowdPunch.Tests.LaunchedEnemyPlayerImpactTests.Player004_FirstAndRecoveringPunchesReplaceVelocityToMatchPreview(Active)" methodname="Player004_FirstAndRecoveringPunchesReplaceVelocityToMatchPreview" classname="CrowdPunch.Tests.LaunchedEnemyPlayerImpactTests" runstate="Runnable" seed="1641445655" result="Passed" start-time="2026-09-23 12:40:04Z" end-time="2026-09-23 12:40:04Z" duration="0.000215" asserts="0">
                <properties>
                  <property name="retryIteration" value="0" />
                  <property name="repeatIteration" value="0" />
                </properties>
              </test-case>
              <test-case id="1167" name="Player004_FirstAndRecoveringPunchesReplaceVelocityToMatchPreview(Recovering)" fullname="CrowdPunch.Tests.LaunchedEnemyPlayerImpactTests.Player004_FirstAndRecoveringPunchesReplaceVelocityToMatchPreview(Recovering)" methodname="Player004_FirstAndRecoveringPunchesReplaceVelocityToMatchPreview" classname="CrowdPunch.Tests.LaunchedEnemyPlayerImpactTests" runstate="Runnable" seed="1020209234" result="Passed" start-time="2026-09-23 12:40:04Z" end-time="2026-09-23 12:40:04Z" duration="0.000070" asserts="0">
                <properties>
                  <property name="retryIteration" value="0" />
                  <property name="repeatIteration" value="0" />
                </properties>
              </test-case>
            </test-suite>
            <test-case id="1165" name="RepunchReplacesExistingLinearAndAngularVelocity" fullname="CrowdPunch.Tests.LaunchedEnemyPlayerImpactTests.RepunchReplacesExistingLinearAndAngularVelocity" methodname="RepunchReplacesExistingLinearAndAngularVelocity" classname="CrowdPunch.Tests.LaunchedEnemyPlayerImpactTests" runstate="Runnable" seed="255482598" result="Passed" start-time="2026-09-23 12:40:04Z" end-time="2026-09-23 12:40:04Z" duration="0.000172" asserts="0">
              <properties>
                <property name="retryIteration" value="0" />
                <property name="repeatIteration" value="0" />
              </properties>
            </test-case>
            <test-case id="1163" name="SweptBodyDetectsPlayerBetweenFrames" fullname="CrowdPunch.Tests.LaunchedEnemyPlayerImpactTests.SweptBodyDetectsPlayerBetweenFrames" methodname="SweptBodyDetectsPlayerBetweenFrames" classname="CrowdPunch.Tests.LaunchedEnemyPlayerImpactTests" runstate="Runnable" seed="1704291332" result="Passed" start-time="2026-09-23 12:40:04Z" end-time="2026-09-23 12:40:04Z" duration="0.000237" asserts="0">
              <properties>
                <property name="retryIteration" value="0" />
                <property name="repeatIteration" value="0" />
              </properties>
              <output><![CDATA[Saving results to: C:/Users/pc/AppData/LocalLow/DefaultCompany/CrowdPunch\TestResults.xml
]]></output>
            </test-case>
          </test-suite>
        </test-suite>
      </test-suite>
    </test-suite>
  </test-suite>
</test-run>